[2024-12-01T06:57:22.600+0000] {logging_mixin.py:151} INFO - Changing /opt/***/logs/dag_id=model_training_pipeline/run_id=manual__2024-12-01T06:57:12.705781+00:00/task_id=train_model_7day permission to 509
[2024-12-01T06:57:22.601+0000] {logging_mixin.py:151} INFO - Failed to change /opt/***/logs/dag_id=model_training_pipeline/run_id=manual__2024-12-01T06:57:12.705781+00:00/task_id=train_model_7day permission to 509: [Errno 1] Operation not permitted: '/opt/***/logs/dag_id=model_training_pipeline/run_id=manual__2024-12-01T06:57:12.705781+00:00/task_id=train_model_7day'
[2024-12-01T06:57:22.640+0000] {logging_mixin.py:151} INFO - Changing /opt/***/logs/dag_id=model_training_pipeline/run_id=manual__2024-12-01T06:57:12.705781+00:00/task_id=train_model_7day permission to 509
[2024-12-01T06:57:22.641+0000] {logging_mixin.py:151} INFO - Failed to change /opt/***/logs/dag_id=model_training_pipeline/run_id=manual__2024-12-01T06:57:12.705781+00:00/task_id=train_model_7day permission to 509: [Errno 1] Operation not permitted: '/opt/***/logs/dag_id=model_training_pipeline/run_id=manual__2024-12-01T06:57:12.705781+00:00/task_id=train_model_7day'
[2024-12-01T06:57:22.673+0000] {taskinstance.py:1159} INFO - Dependencies all met for dep_context=non-requeueable deps ti=<TaskInstance: model_training_pipeline.train_model_7day manual__2024-12-01T06:57:12.705781+00:00 [queued]>
[2024-12-01T06:57:22.684+0000] {taskinstance.py:1159} INFO - Dependencies all met for dep_context=requeueable deps ti=<TaskInstance: model_training_pipeline.train_model_7day manual__2024-12-01T06:57:12.705781+00:00 [queued]>
[2024-12-01T06:57:22.685+0000] {taskinstance.py:1361} INFO - Starting attempt 1 of 2
[2024-12-01T06:57:22.704+0000] {taskinstance.py:1382} INFO - Executing <Task(PythonOperator): train_model_7day> on 2024-12-01 06:57:12.705781+00:00
[2024-12-01T06:57:22.715+0000] {standard_task_runner.py:57} INFO - Started process 53241 to run task
[2024-12-01T06:57:22.718+0000] {standard_task_runner.py:84} INFO - Running: ['***', 'tasks', 'run', 'model_training_pipeline', 'train_model_7day', 'manual__2024-12-01T06:57:12.705781+00:00', '--job-id', '54', '--raw', '--subdir', 'DAGS_FOLDER/model_training_pipeline_dag/model_training_dag.py', '--cfg-path', '/tmp/tmp6vg97a67']
[2024-12-01T06:57:22.721+0000] {standard_task_runner.py:85} INFO - Job 54: Subtask train_model_7day
[2024-12-01T06:57:22.776+0000] {logging_mixin.py:151} INFO - Changing /opt/***/logs/dag_id=model_training_pipeline/run_id=manual__2024-12-01T06:57:12.705781+00:00/task_id=train_model_7day permission to 509
[2024-12-01T06:57:22.777+0000] {logging_mixin.py:151} INFO - Failed to change /opt/***/logs/dag_id=model_training_pipeline/run_id=manual__2024-12-01T06:57:12.705781+00:00/task_id=train_model_7day permission to 509: [Errno 1] Operation not permitted: '/opt/***/logs/dag_id=model_training_pipeline/run_id=manual__2024-12-01T06:57:12.705781+00:00/task_id=train_model_7day'
[2024-12-01T06:57:22.780+0000] {task_command.py:415} INFO - Running <TaskInstance: model_training_pipeline.train_model_7day manual__2024-12-01T06:57:12.705781+00:00 [running]> on host 71596b931411
[2024-12-01T06:57:22.885+0000] {taskinstance.py:1660} INFO - Exporting env vars: AIRFLOW_CTX_DAG_OWNER='***' AIRFLOW_CTX_DAG_ID='model_training_pipeline' AIRFLOW_CTX_TASK_ID='train_model_7day' AIRFLOW_CTX_EXECUTION_DATE='2024-12-01T06:57:12.705781+00:00' AIRFLOW_CTX_TRY_NUMBER='1' AIRFLOW_CTX_DAG_RUN_ID='manual__2024-12-01T06:57:12.705781+00:00'
[2024-12-01T07:00:16.695+0000] {logging_mixin.py:151} INFO - 7 day sequence successfully created
[2024-12-01T07:00:16.786+0000] {logging_mixin.py:151} INFO - 14 day sequence successfully created
[2024-12-01T07:00:16.914+0000] {logging_mixin.py:151} INFO - 30 day sequence successfully created
[2024-12-01T07:00:17.032+0000] {logging_mixin.py:151} INFO - sequences successfully created
[2024-12-01T07:00:17.531+0000] {logging_mixin.py:151} WARNING - 2024/12/01 07:00:17 WARNING mlflow.utils.git_utils: Failed to import Git (the Git executable is probably not on your PATH), so Git SHA is not available. Error: Failed to initialize: Bad git executable.
The git executable must be specified in one of the following ways:
    - be included in your $PATH
    - be set via $GIT_PYTHON_GIT_EXECUTABLE
    - explicitly set via git.refresh(<full-path-to-git-executable>)

All git commands will error until this is rectified.

This initial message can be silenced or aggravated in the future by setting the
$GIT_PYTHON_REFRESH environment variable. Use one of the following values:
    - quiet|q|silence|s|silent|none|n|0: for no message or exception
    - warn|w|warning|log|l|1: for a warning message (logging level CRITICAL, displayed by default)
    - error|e|exception|raise|r|2: for a raised exception

Example:
    export GIT_PYTHON_REFRESH=quiet
[2024-12-01T07:00:17.711+0000] {logging_mixin.py:151} INFO - Epoch 1/75
[2024-12-01T07:01:31.910+0000] {logging_mixin.py:151} INFO - 1314/1314 - 74s - loss: 0.8640 - val_loss: 0.9226 - 74s/epoch - 56ms/step
[2024-12-01T07:01:31.951+0000] {logging_mixin.py:151} INFO - Epoch 2/75
[2024-12-01T07:02:16.333+0000] {local_task_job_runner.py:294} WARNING - State of this instance has been externally set to failed. Terminating instance.
[2024-12-01T07:02:16.366+0000] {process_utils.py:131} INFO - Sending 15 to group 53241. PIDs of all processes in the group: [53241]
[2024-12-01T07:02:16.370+0000] {process_utils.py:86} INFO - Sending the signal 15 to group 53241
[2024-12-01T07:02:16.397+0000] {taskinstance.py:1632} ERROR - Received SIGTERM. Terminating subprocesses.
[2024-12-01T07:02:16.463+0000] {logging_mixin.py:151} WARNING - 2024/12/01 07:02:16 INFO mlflow.tracking._tracking_service.client: 🏃 View run GRU_7_day_horizon_30_20241201 at: http://mlflow:5000/#/experiments/1/runs/f4189efe752a4c729e78ba3842b28357.
[2024-12-01T07:02:16.463+0000] {logging_mixin.py:151} WARNING - 2024/12/01 07:02:16 INFO mlflow.tracking._tracking_service.client: 🧪 View experiment at: http://mlflow:5000/#/experiments/1.
[2024-12-01T07:02:16.945+0000] {process_utils.py:79} INFO - Process psutil.Process(pid=53241, status='terminated', exitcode=0, started='06:57:21') (53241) terminated with exit code 0
