[2024-11-26T23:15:00.409+0000] {processor.py:157} INFO - Started process (PID=212) to work on /opt/airflow/dags/eia_natural_gas_monthly_variables_etl_pipeline_dag/natural_gas_monthly_variables_etl_pipeline_dag.py
[2024-11-26T23:15:00.411+0000] {processor.py:829} INFO - Processing file /opt/airflow/dags/eia_natural_gas_monthly_variables_etl_pipeline_dag/natural_gas_monthly_variables_etl_pipeline_dag.py for tasks to queue
[2024-11-26T23:15:00.415+0000] {logging_mixin.py:151} INFO - [2024-11-26T23:15:00.414+0000] {dagbag.py:539} INFO - Filling up the DagBag from /opt/airflow/dags/eia_natural_gas_monthly_variables_etl_pipeline_dag/natural_gas_monthly_variables_etl_pipeline_dag.py
[2024-11-26T23:15:02.770+0000] {processor.py:839} INFO - DAG(s) dict_keys(['natural_gas_monthly_variables_etl_pipeline']) retrieved from /opt/airflow/dags/eia_natural_gas_monthly_variables_etl_pipeline_dag/natural_gas_monthly_variables_etl_pipeline_dag.py
[2024-11-26T23:15:02.840+0000] {logging_mixin.py:151} INFO - [2024-11-26T23:15:02.839+0000] {dag.py:2907} INFO - Sync 1 DAGs
[2024-11-26T23:15:02.892+0000] {logging_mixin.py:151} INFO - [2024-11-26T23:15:02.892+0000] {dag.py:3677} INFO - Setting next_dagrun for natural_gas_monthly_variables_etl_pipeline to 2024-11-10T00:00:00+00:00, run_after=2024-12-10T00:00:00+00:00
[2024-11-26T23:15:02.938+0000] {processor.py:179} INFO - Processing /opt/airflow/dags/eia_natural_gas_monthly_variables_etl_pipeline_dag/natural_gas_monthly_variables_etl_pipeline_dag.py took 2.535 seconds
[2024-11-26T23:15:43.762+0000] {processor.py:157} INFO - Started process (PID=336) to work on /opt/airflow/dags/eia_natural_gas_monthly_variables_etl_pipeline_dag/natural_gas_monthly_variables_etl_pipeline_dag.py
[2024-11-26T23:15:43.764+0000] {processor.py:829} INFO - Processing file /opt/airflow/dags/eia_natural_gas_monthly_variables_etl_pipeline_dag/natural_gas_monthly_variables_etl_pipeline_dag.py for tasks to queue
[2024-11-26T23:15:43.768+0000] {logging_mixin.py:151} INFO - [2024-11-26T23:15:43.768+0000] {dagbag.py:539} INFO - Filling up the DagBag from /opt/airflow/dags/eia_natural_gas_monthly_variables_etl_pipeline_dag/natural_gas_monthly_variables_etl_pipeline_dag.py
[2024-11-26T23:15:47.098+0000] {processor.py:839} INFO - DAG(s) dict_keys(['natural_gas_monthly_variables_etl_pipeline']) retrieved from /opt/airflow/dags/eia_natural_gas_monthly_variables_etl_pipeline_dag/natural_gas_monthly_variables_etl_pipeline_dag.py
[2024-11-26T23:15:47.144+0000] {logging_mixin.py:151} INFO - [2024-11-26T23:15:47.143+0000] {dag.py:2907} INFO - Sync 1 DAGs
[2024-11-26T23:15:47.188+0000] {logging_mixin.py:151} INFO - [2024-11-26T23:15:47.188+0000] {dag.py:3677} INFO - Setting next_dagrun for natural_gas_monthly_variables_etl_pipeline to 2024-11-10T00:00:00+00:00, run_after=2024-12-10T00:00:00+00:00
[2024-11-26T23:15:47.235+0000] {processor.py:179} INFO - Processing /opt/airflow/dags/eia_natural_gas_monthly_variables_etl_pipeline_dag/natural_gas_monthly_variables_etl_pipeline_dag.py took 3.478 seconds
[2024-11-26T23:16:24.693+0000] {processor.py:157} INFO - Started process (PID=472) to work on /opt/airflow/dags/eia_natural_gas_monthly_variables_etl_pipeline_dag/natural_gas_monthly_variables_etl_pipeline_dag.py
[2024-11-26T23:16:24.696+0000] {processor.py:829} INFO - Processing file /opt/airflow/dags/eia_natural_gas_monthly_variables_etl_pipeline_dag/natural_gas_monthly_variables_etl_pipeline_dag.py for tasks to queue
[2024-11-26T23:16:24.701+0000] {logging_mixin.py:151} INFO - [2024-11-26T23:16:24.700+0000] {dagbag.py:539} INFO - Filling up the DagBag from /opt/airflow/dags/eia_natural_gas_monthly_variables_etl_pipeline_dag/natural_gas_monthly_variables_etl_pipeline_dag.py
[2024-11-26T23:16:26.971+0000] {processor.py:839} INFO - DAG(s) dict_keys(['natural_gas_monthly_variables_etl_pipeline']) retrieved from /opt/airflow/dags/eia_natural_gas_monthly_variables_etl_pipeline_dag/natural_gas_monthly_variables_etl_pipeline_dag.py
[2024-11-26T23:16:27.036+0000] {logging_mixin.py:151} INFO - [2024-11-26T23:16:27.035+0000] {dag.py:2907} INFO - Sync 1 DAGs
[2024-11-26T23:16:27.094+0000] {logging_mixin.py:151} INFO - [2024-11-26T23:16:27.093+0000] {dag.py:3677} INFO - Setting next_dagrun for natural_gas_monthly_variables_etl_pipeline to 2024-11-10T00:00:00+00:00, run_after=2024-12-10T00:00:00+00:00
[2024-11-26T23:16:27.137+0000] {processor.py:179} INFO - Processing /opt/airflow/dags/eia_natural_gas_monthly_variables_etl_pipeline_dag/natural_gas_monthly_variables_etl_pipeline_dag.py took 2.451 seconds
[2024-11-26T23:17:07.500+0000] {processor.py:157} INFO - Started process (PID=585) to work on /opt/airflow/dags/eia_natural_gas_monthly_variables_etl_pipeline_dag/natural_gas_monthly_variables_etl_pipeline_dag.py
[2024-11-26T23:17:07.504+0000] {processor.py:829} INFO - Processing file /opt/airflow/dags/eia_natural_gas_monthly_variables_etl_pipeline_dag/natural_gas_monthly_variables_etl_pipeline_dag.py for tasks to queue
[2024-11-26T23:17:07.513+0000] {logging_mixin.py:151} INFO - [2024-11-26T23:17:07.512+0000] {dagbag.py:539} INFO - Filling up the DagBag from /opt/airflow/dags/eia_natural_gas_monthly_variables_etl_pipeline_dag/natural_gas_monthly_variables_etl_pipeline_dag.py
[2024-11-26T23:17:11.073+0000] {processor.py:839} INFO - DAG(s) dict_keys(['natural_gas_monthly_variables_etl_pipeline']) retrieved from /opt/airflow/dags/eia_natural_gas_monthly_variables_etl_pipeline_dag/natural_gas_monthly_variables_etl_pipeline_dag.py
[2024-11-26T23:17:11.128+0000] {logging_mixin.py:151} INFO - [2024-11-26T23:17:11.127+0000] {dag.py:2907} INFO - Sync 1 DAGs
[2024-11-26T23:17:11.187+0000] {logging_mixin.py:151} INFO - [2024-11-26T23:17:11.187+0000] {dag.py:3677} INFO - Setting next_dagrun for natural_gas_monthly_variables_etl_pipeline to 2024-11-10T00:00:00+00:00, run_after=2024-12-10T00:00:00+00:00
[2024-11-26T23:17:11.245+0000] {processor.py:179} INFO - Processing /opt/airflow/dags/eia_natural_gas_monthly_variables_etl_pipeline_dag/natural_gas_monthly_variables_etl_pipeline_dag.py took 3.753 seconds
[2024-11-26T23:17:47.312+0000] {processor.py:157} INFO - Started process (PID=714) to work on /opt/airflow/dags/eia_natural_gas_monthly_variables_etl_pipeline_dag/natural_gas_monthly_variables_etl_pipeline_dag.py
[2024-11-26T23:17:47.314+0000] {processor.py:829} INFO - Processing file /opt/airflow/dags/eia_natural_gas_monthly_variables_etl_pipeline_dag/natural_gas_monthly_variables_etl_pipeline_dag.py for tasks to queue
[2024-11-26T23:17:47.317+0000] {logging_mixin.py:151} INFO - [2024-11-26T23:17:47.317+0000] {dagbag.py:539} INFO - Filling up the DagBag from /opt/airflow/dags/eia_natural_gas_monthly_variables_etl_pipeline_dag/natural_gas_monthly_variables_etl_pipeline_dag.py
[2024-11-26T23:17:49.616+0000] {processor.py:839} INFO - DAG(s) dict_keys(['natural_gas_monthly_variables_etl_pipeline']) retrieved from /opt/airflow/dags/eia_natural_gas_monthly_variables_etl_pipeline_dag/natural_gas_monthly_variables_etl_pipeline_dag.py
[2024-11-26T23:17:49.669+0000] {logging_mixin.py:151} INFO - [2024-11-26T23:17:49.668+0000] {dag.py:2907} INFO - Sync 1 DAGs
[2024-11-26T23:17:49.726+0000] {logging_mixin.py:151} INFO - [2024-11-26T23:17:49.726+0000] {dag.py:3677} INFO - Setting next_dagrun for natural_gas_monthly_variables_etl_pipeline to 2024-11-10T00:00:00+00:00, run_after=2024-12-10T00:00:00+00:00
[2024-11-26T23:17:49.773+0000] {processor.py:179} INFO - Processing /opt/airflow/dags/eia_natural_gas_monthly_variables_etl_pipeline_dag/natural_gas_monthly_variables_etl_pipeline_dag.py took 2.467 seconds
[2024-11-26T23:18:32.166+0000] {processor.py:157} INFO - Started process (PID=838) to work on /opt/airflow/dags/eia_natural_gas_monthly_variables_etl_pipeline_dag/natural_gas_monthly_variables_etl_pipeline_dag.py
[2024-11-26T23:18:32.174+0000] {processor.py:829} INFO - Processing file /opt/airflow/dags/eia_natural_gas_monthly_variables_etl_pipeline_dag/natural_gas_monthly_variables_etl_pipeline_dag.py for tasks to queue
[2024-11-26T23:18:32.181+0000] {logging_mixin.py:151} INFO - [2024-11-26T23:18:32.180+0000] {dagbag.py:539} INFO - Filling up the DagBag from /opt/airflow/dags/eia_natural_gas_monthly_variables_etl_pipeline_dag/natural_gas_monthly_variables_etl_pipeline_dag.py
[2024-11-26T23:18:34.670+0000] {processor.py:839} INFO - DAG(s) dict_keys(['natural_gas_monthly_variables_etl_pipeline']) retrieved from /opt/airflow/dags/eia_natural_gas_monthly_variables_etl_pipeline_dag/natural_gas_monthly_variables_etl_pipeline_dag.py
[2024-11-26T23:18:34.725+0000] {logging_mixin.py:151} INFO - [2024-11-26T23:18:34.724+0000] {dag.py:2907} INFO - Sync 1 DAGs
[2024-11-26T23:18:34.771+0000] {logging_mixin.py:151} INFO - [2024-11-26T23:18:34.771+0000] {dag.py:3677} INFO - Setting next_dagrun for natural_gas_monthly_variables_etl_pipeline to 2024-11-10T00:00:00+00:00, run_after=2024-12-10T00:00:00+00:00
[2024-11-26T23:18:34.816+0000] {processor.py:179} INFO - Processing /opt/airflow/dags/eia_natural_gas_monthly_variables_etl_pipeline_dag/natural_gas_monthly_variables_etl_pipeline_dag.py took 2.656 seconds
[2024-11-26T23:19:09.535+0000] {processor.py:157} INFO - Started process (PID=962) to work on /opt/airflow/dags/eia_natural_gas_monthly_variables_etl_pipeline_dag/natural_gas_monthly_variables_etl_pipeline_dag.py
[2024-11-26T23:19:09.537+0000] {processor.py:829} INFO - Processing file /opt/airflow/dags/eia_natural_gas_monthly_variables_etl_pipeline_dag/natural_gas_monthly_variables_etl_pipeline_dag.py for tasks to queue
[2024-11-26T23:19:09.540+0000] {logging_mixin.py:151} INFO - [2024-11-26T23:19:09.539+0000] {dagbag.py:539} INFO - Filling up the DagBag from /opt/airflow/dags/eia_natural_gas_monthly_variables_etl_pipeline_dag/natural_gas_monthly_variables_etl_pipeline_dag.py
[2024-11-26T23:19:11.494+0000] {processor.py:839} INFO - DAG(s) dict_keys(['natural_gas_monthly_variables_etl_pipeline']) retrieved from /opt/airflow/dags/eia_natural_gas_monthly_variables_etl_pipeline_dag/natural_gas_monthly_variables_etl_pipeline_dag.py
[2024-11-26T23:19:11.545+0000] {logging_mixin.py:151} INFO - [2024-11-26T23:19:11.544+0000] {dag.py:2907} INFO - Sync 1 DAGs
[2024-11-26T23:19:11.591+0000] {logging_mixin.py:151} INFO - [2024-11-26T23:19:11.591+0000] {dag.py:3677} INFO - Setting next_dagrun for natural_gas_monthly_variables_etl_pipeline to 2024-11-10T00:00:00+00:00, run_after=2024-12-10T00:00:00+00:00
[2024-11-26T23:19:11.631+0000] {processor.py:179} INFO - Processing /opt/airflow/dags/eia_natural_gas_monthly_variables_etl_pipeline_dag/natural_gas_monthly_variables_etl_pipeline_dag.py took 2.103 seconds
[2024-11-26T23:19:47.113+0000] {processor.py:157} INFO - Started process (PID=1085) to work on /opt/airflow/dags/eia_natural_gas_monthly_variables_etl_pipeline_dag/natural_gas_monthly_variables_etl_pipeline_dag.py
[2024-11-26T23:19:47.115+0000] {processor.py:829} INFO - Processing file /opt/airflow/dags/eia_natural_gas_monthly_variables_etl_pipeline_dag/natural_gas_monthly_variables_etl_pipeline_dag.py for tasks to queue
[2024-11-26T23:19:47.125+0000] {logging_mixin.py:151} INFO - [2024-11-26T23:19:47.125+0000] {dagbag.py:539} INFO - Filling up the DagBag from /opt/airflow/dags/eia_natural_gas_monthly_variables_etl_pipeline_dag/natural_gas_monthly_variables_etl_pipeline_dag.py
[2024-11-26T23:19:49.054+0000] {processor.py:839} INFO - DAG(s) dict_keys(['natural_gas_monthly_variables_etl_pipeline']) retrieved from /opt/airflow/dags/eia_natural_gas_monthly_variables_etl_pipeline_dag/natural_gas_monthly_variables_etl_pipeline_dag.py
[2024-11-26T23:19:49.100+0000] {logging_mixin.py:151} INFO - [2024-11-26T23:19:49.099+0000] {dag.py:2907} INFO - Sync 1 DAGs
[2024-11-26T23:19:49.141+0000] {logging_mixin.py:151} INFO - [2024-11-26T23:19:49.141+0000] {dag.py:3677} INFO - Setting next_dagrun for natural_gas_monthly_variables_etl_pipeline to 2024-11-10T00:00:00+00:00, run_after=2024-12-10T00:00:00+00:00
[2024-11-26T23:19:49.181+0000] {processor.py:179} INFO - Processing /opt/airflow/dags/eia_natural_gas_monthly_variables_etl_pipeline_dag/natural_gas_monthly_variables_etl_pipeline_dag.py took 2.074 seconds
[2024-11-26T23:20:24.801+0000] {processor.py:157} INFO - Started process (PID=1210) to work on /opt/airflow/dags/eia_natural_gas_monthly_variables_etl_pipeline_dag/natural_gas_monthly_variables_etl_pipeline_dag.py
[2024-11-26T23:20:24.803+0000] {processor.py:829} INFO - Processing file /opt/airflow/dags/eia_natural_gas_monthly_variables_etl_pipeline_dag/natural_gas_monthly_variables_etl_pipeline_dag.py for tasks to queue
[2024-11-26T23:20:24.807+0000] {logging_mixin.py:151} INFO - [2024-11-26T23:20:24.806+0000] {dagbag.py:539} INFO - Filling up the DagBag from /opt/airflow/dags/eia_natural_gas_monthly_variables_etl_pipeline_dag/natural_gas_monthly_variables_etl_pipeline_dag.py
[2024-11-26T23:20:26.724+0000] {processor.py:839} INFO - DAG(s) dict_keys(['natural_gas_monthly_variables_etl_pipeline']) retrieved from /opt/airflow/dags/eia_natural_gas_monthly_variables_etl_pipeline_dag/natural_gas_monthly_variables_etl_pipeline_dag.py
[2024-11-26T23:20:26.766+0000] {logging_mixin.py:151} INFO - [2024-11-26T23:20:26.765+0000] {dag.py:2907} INFO - Sync 1 DAGs
[2024-11-26T23:20:26.808+0000] {logging_mixin.py:151} INFO - [2024-11-26T23:20:26.808+0000] {dag.py:3677} INFO - Setting next_dagrun for natural_gas_monthly_variables_etl_pipeline to 2024-11-10T00:00:00+00:00, run_after=2024-12-10T00:00:00+00:00
[2024-11-26T23:20:26.847+0000] {processor.py:179} INFO - Processing /opt/airflow/dags/eia_natural_gas_monthly_variables_etl_pipeline_dag/natural_gas_monthly_variables_etl_pipeline_dag.py took 2.052 seconds
[2024-11-26T23:21:03.463+0000] {processor.py:157} INFO - Started process (PID=1345) to work on /opt/airflow/dags/eia_natural_gas_monthly_variables_etl_pipeline_dag/natural_gas_monthly_variables_etl_pipeline_dag.py
[2024-11-26T23:21:03.465+0000] {processor.py:829} INFO - Processing file /opt/airflow/dags/eia_natural_gas_monthly_variables_etl_pipeline_dag/natural_gas_monthly_variables_etl_pipeline_dag.py for tasks to queue
[2024-11-26T23:21:03.469+0000] {logging_mixin.py:151} INFO - [2024-11-26T23:21:03.468+0000] {dagbag.py:539} INFO - Filling up the DagBag from /opt/airflow/dags/eia_natural_gas_monthly_variables_etl_pipeline_dag/natural_gas_monthly_variables_etl_pipeline_dag.py
[2024-11-26T23:21:05.330+0000] {processor.py:839} INFO - DAG(s) dict_keys(['natural_gas_monthly_variables_etl_pipeline']) retrieved from /opt/airflow/dags/eia_natural_gas_monthly_variables_etl_pipeline_dag/natural_gas_monthly_variables_etl_pipeline_dag.py
[2024-11-26T23:21:05.371+0000] {logging_mixin.py:151} INFO - [2024-11-26T23:21:05.370+0000] {dag.py:2907} INFO - Sync 1 DAGs
[2024-11-26T23:21:05.411+0000] {logging_mixin.py:151} INFO - [2024-11-26T23:21:05.411+0000] {dag.py:3677} INFO - Setting next_dagrun for natural_gas_monthly_variables_etl_pipeline to 2024-11-10T00:00:00+00:00, run_after=2024-12-10T00:00:00+00:00
[2024-11-26T23:21:05.447+0000] {processor.py:179} INFO - Processing /opt/airflow/dags/eia_natural_gas_monthly_variables_etl_pipeline_dag/natural_gas_monthly_variables_etl_pipeline_dag.py took 1.989 seconds
[2024-11-26T23:21:40.940+0000] {processor.py:157} INFO - Started process (PID=1461) to work on /opt/airflow/dags/eia_natural_gas_monthly_variables_etl_pipeline_dag/natural_gas_monthly_variables_etl_pipeline_dag.py
[2024-11-26T23:21:40.943+0000] {processor.py:829} INFO - Processing file /opt/airflow/dags/eia_natural_gas_monthly_variables_etl_pipeline_dag/natural_gas_monthly_variables_etl_pipeline_dag.py for tasks to queue
[2024-11-26T23:21:40.950+0000] {logging_mixin.py:151} INFO - [2024-11-26T23:21:40.950+0000] {dagbag.py:539} INFO - Filling up the DagBag from /opt/airflow/dags/eia_natural_gas_monthly_variables_etl_pipeline_dag/natural_gas_monthly_variables_etl_pipeline_dag.py
[2024-11-26T23:21:43.078+0000] {processor.py:839} INFO - DAG(s) dict_keys(['natural_gas_monthly_variables_etl_pipeline']) retrieved from /opt/airflow/dags/eia_natural_gas_monthly_variables_etl_pipeline_dag/natural_gas_monthly_variables_etl_pipeline_dag.py
[2024-11-26T23:21:43.129+0000] {logging_mixin.py:151} INFO - [2024-11-26T23:21:43.124+0000] {dag.py:2907} INFO - Sync 1 DAGs
[2024-11-26T23:21:43.172+0000] {logging_mixin.py:151} INFO - [2024-11-26T23:21:43.172+0000] {dag.py:3677} INFO - Setting next_dagrun for natural_gas_monthly_variables_etl_pipeline to 2024-11-10T00:00:00+00:00, run_after=2024-12-10T00:00:00+00:00
[2024-11-26T23:21:43.218+0000] {processor.py:179} INFO - Processing /opt/airflow/dags/eia_natural_gas_monthly_variables_etl_pipeline_dag/natural_gas_monthly_variables_etl_pipeline_dag.py took 2.284 seconds
[2024-11-26T23:22:18.044+0000] {processor.py:157} INFO - Started process (PID=1582) to work on /opt/airflow/dags/eia_natural_gas_monthly_variables_etl_pipeline_dag/natural_gas_monthly_variables_etl_pipeline_dag.py
[2024-11-26T23:22:18.046+0000] {processor.py:829} INFO - Processing file /opt/airflow/dags/eia_natural_gas_monthly_variables_etl_pipeline_dag/natural_gas_monthly_variables_etl_pipeline_dag.py for tasks to queue
[2024-11-26T23:22:18.050+0000] {logging_mixin.py:151} INFO - [2024-11-26T23:22:18.050+0000] {dagbag.py:539} INFO - Filling up the DagBag from /opt/airflow/dags/eia_natural_gas_monthly_variables_etl_pipeline_dag/natural_gas_monthly_variables_etl_pipeline_dag.py
[2024-11-26T23:22:19.964+0000] {processor.py:839} INFO - DAG(s) dict_keys(['natural_gas_monthly_variables_etl_pipeline']) retrieved from /opt/airflow/dags/eia_natural_gas_monthly_variables_etl_pipeline_dag/natural_gas_monthly_variables_etl_pipeline_dag.py
[2024-11-26T23:22:20.010+0000] {logging_mixin.py:151} INFO - [2024-11-26T23:22:20.009+0000] {dag.py:2907} INFO - Sync 1 DAGs
[2024-11-26T23:22:20.054+0000] {logging_mixin.py:151} INFO - [2024-11-26T23:22:20.054+0000] {dag.py:3677} INFO - Setting next_dagrun for natural_gas_monthly_variables_etl_pipeline to 2024-11-10T00:00:00+00:00, run_after=2024-12-10T00:00:00+00:00
[2024-11-26T23:22:20.093+0000] {processor.py:179} INFO - Processing /opt/airflow/dags/eia_natural_gas_monthly_variables_etl_pipeline_dag/natural_gas_monthly_variables_etl_pipeline_dag.py took 2.055 seconds
[2024-11-26T23:23:02.787+0000] {processor.py:157} INFO - Started process (PID=1705) to work on /opt/airflow/dags/eia_natural_gas_monthly_variables_etl_pipeline_dag/natural_gas_monthly_variables_etl_pipeline_dag.py
[2024-11-26T23:23:02.789+0000] {processor.py:829} INFO - Processing file /opt/airflow/dags/eia_natural_gas_monthly_variables_etl_pipeline_dag/natural_gas_monthly_variables_etl_pipeline_dag.py for tasks to queue
[2024-11-26T23:23:02.792+0000] {logging_mixin.py:151} INFO - [2024-11-26T23:23:02.792+0000] {dagbag.py:539} INFO - Filling up the DagBag from /opt/airflow/dags/eia_natural_gas_monthly_variables_etl_pipeline_dag/natural_gas_monthly_variables_etl_pipeline_dag.py
[2024-11-26T23:23:04.700+0000] {processor.py:839} INFO - DAG(s) dict_keys(['natural_gas_monthly_variables_etl_pipeline']) retrieved from /opt/airflow/dags/eia_natural_gas_monthly_variables_etl_pipeline_dag/natural_gas_monthly_variables_etl_pipeline_dag.py
[2024-11-26T23:23:04.745+0000] {logging_mixin.py:151} INFO - [2024-11-26T23:23:04.743+0000] {dag.py:2907} INFO - Sync 1 DAGs
[2024-11-26T23:23:04.784+0000] {logging_mixin.py:151} INFO - [2024-11-26T23:23:04.784+0000] {dag.py:3677} INFO - Setting next_dagrun for natural_gas_monthly_variables_etl_pipeline to 2024-11-10T00:00:00+00:00, run_after=2024-12-10T00:00:00+00:00
[2024-11-26T23:23:04.822+0000] {processor.py:179} INFO - Processing /opt/airflow/dags/eia_natural_gas_monthly_variables_etl_pipeline_dag/natural_gas_monthly_variables_etl_pipeline_dag.py took 2.040 seconds
[2024-11-26T23:23:38.734+0000] {processor.py:157} INFO - Started process (PID=1829) to work on /opt/airflow/dags/eia_natural_gas_monthly_variables_etl_pipeline_dag/natural_gas_monthly_variables_etl_pipeline_dag.py
[2024-11-26T23:23:38.734+0000] {processor.py:829} INFO - Processing file /opt/airflow/dags/eia_natural_gas_monthly_variables_etl_pipeline_dag/natural_gas_monthly_variables_etl_pipeline_dag.py for tasks to queue
[2024-11-26T23:23:38.737+0000] {logging_mixin.py:151} INFO - [2024-11-26T23:23:38.737+0000] {dagbag.py:539} INFO - Filling up the DagBag from /opt/airflow/dags/eia_natural_gas_monthly_variables_etl_pipeline_dag/natural_gas_monthly_variables_etl_pipeline_dag.py
[2024-11-26T23:23:39.700+0000] {processor.py:839} INFO - DAG(s) dict_keys(['natural_gas_monthly_variables_etl_pipeline']) retrieved from /opt/airflow/dags/eia_natural_gas_monthly_variables_etl_pipeline_dag/natural_gas_monthly_variables_etl_pipeline_dag.py
[2024-11-26T23:23:39.722+0000] {logging_mixin.py:151} INFO - [2024-11-26T23:23:39.721+0000] {dag.py:2907} INFO - Sync 1 DAGs
[2024-11-26T23:23:39.744+0000] {logging_mixin.py:151} INFO - [2024-11-26T23:23:39.744+0000] {dag.py:3677} INFO - Setting next_dagrun for natural_gas_monthly_variables_etl_pipeline to 2024-11-10T00:00:00+00:00, run_after=2024-12-10T00:00:00+00:00
[2024-11-26T23:23:39.765+0000] {processor.py:179} INFO - Processing /opt/airflow/dags/eia_natural_gas_monthly_variables_etl_pipeline_dag/natural_gas_monthly_variables_etl_pipeline_dag.py took 1.033 seconds
[2024-11-26T23:24:12.700+0000] {processor.py:157} INFO - Started process (PID=1953) to work on /opt/airflow/dags/eia_natural_gas_monthly_variables_etl_pipeline_dag/natural_gas_monthly_variables_etl_pipeline_dag.py
[2024-11-26T23:24:12.701+0000] {processor.py:829} INFO - Processing file /opt/airflow/dags/eia_natural_gas_monthly_variables_etl_pipeline_dag/natural_gas_monthly_variables_etl_pipeline_dag.py for tasks to queue
[2024-11-26T23:24:12.703+0000] {logging_mixin.py:151} INFO - [2024-11-26T23:24:12.702+0000] {dagbag.py:539} INFO - Filling up the DagBag from /opt/airflow/dags/eia_natural_gas_monthly_variables_etl_pipeline_dag/natural_gas_monthly_variables_etl_pipeline_dag.py
[2024-11-26T23:24:13.580+0000] {processor.py:839} INFO - DAG(s) dict_keys(['natural_gas_monthly_variables_etl_pipeline']) retrieved from /opt/airflow/dags/eia_natural_gas_monthly_variables_etl_pipeline_dag/natural_gas_monthly_variables_etl_pipeline_dag.py
[2024-11-26T23:24:13.602+0000] {logging_mixin.py:151} INFO - [2024-11-26T23:24:13.601+0000] {dag.py:2907} INFO - Sync 1 DAGs
[2024-11-26T23:24:13.621+0000] {logging_mixin.py:151} INFO - [2024-11-26T23:24:13.621+0000] {dag.py:3677} INFO - Setting next_dagrun for natural_gas_monthly_variables_etl_pipeline to 2024-11-10T00:00:00+00:00, run_after=2024-12-10T00:00:00+00:00
[2024-11-26T23:24:13.639+0000] {processor.py:179} INFO - Processing /opt/airflow/dags/eia_natural_gas_monthly_variables_etl_pipeline_dag/natural_gas_monthly_variables_etl_pipeline_dag.py took 0.942 seconds
[2024-11-26T23:24:47.292+0000] {processor.py:157} INFO - Started process (PID=2077) to work on /opt/airflow/dags/eia_natural_gas_monthly_variables_etl_pipeline_dag/natural_gas_monthly_variables_etl_pipeline_dag.py
[2024-11-26T23:24:47.293+0000] {processor.py:829} INFO - Processing file /opt/airflow/dags/eia_natural_gas_monthly_variables_etl_pipeline_dag/natural_gas_monthly_variables_etl_pipeline_dag.py for tasks to queue
[2024-11-26T23:24:47.295+0000] {logging_mixin.py:151} INFO - [2024-11-26T23:24:47.294+0000] {dagbag.py:539} INFO - Filling up the DagBag from /opt/airflow/dags/eia_natural_gas_monthly_variables_etl_pipeline_dag/natural_gas_monthly_variables_etl_pipeline_dag.py
[2024-11-26T23:24:48.546+0000] {processor.py:839} INFO - DAG(s) dict_keys(['natural_gas_monthly_variables_etl_pipeline']) retrieved from /opt/airflow/dags/eia_natural_gas_monthly_variables_etl_pipeline_dag/natural_gas_monthly_variables_etl_pipeline_dag.py
[2024-11-26T23:24:48.572+0000] {logging_mixin.py:151} INFO - [2024-11-26T23:24:48.571+0000] {dag.py:2907} INFO - Sync 1 DAGs
[2024-11-26T23:24:48.590+0000] {logging_mixin.py:151} INFO - [2024-11-26T23:24:48.590+0000] {dag.py:3677} INFO - Setting next_dagrun for natural_gas_monthly_variables_etl_pipeline to 2024-11-10T00:00:00+00:00, run_after=2024-12-10T00:00:00+00:00
[2024-11-26T23:24:48.607+0000] {processor.py:179} INFO - Processing /opt/airflow/dags/eia_natural_gas_monthly_variables_etl_pipeline_dag/natural_gas_monthly_variables_etl_pipeline_dag.py took 1.318 seconds
[2024-11-26T23:25:20.809+0000] {processor.py:157} INFO - Started process (PID=2201) to work on /opt/airflow/dags/eia_natural_gas_monthly_variables_etl_pipeline_dag/natural_gas_monthly_variables_etl_pipeline_dag.py
[2024-11-26T23:25:20.810+0000] {processor.py:829} INFO - Processing file /opt/airflow/dags/eia_natural_gas_monthly_variables_etl_pipeline_dag/natural_gas_monthly_variables_etl_pipeline_dag.py for tasks to queue
[2024-11-26T23:25:20.812+0000] {logging_mixin.py:151} INFO - [2024-11-26T23:25:20.811+0000] {dagbag.py:539} INFO - Filling up the DagBag from /opt/airflow/dags/eia_natural_gas_monthly_variables_etl_pipeline_dag/natural_gas_monthly_variables_etl_pipeline_dag.py
[2024-11-26T23:25:21.710+0000] {processor.py:839} INFO - DAG(s) dict_keys(['natural_gas_monthly_variables_etl_pipeline']) retrieved from /opt/airflow/dags/eia_natural_gas_monthly_variables_etl_pipeline_dag/natural_gas_monthly_variables_etl_pipeline_dag.py
[2024-11-26T23:25:21.731+0000] {logging_mixin.py:151} INFO - [2024-11-26T23:25:21.731+0000] {dag.py:2907} INFO - Sync 1 DAGs
[2024-11-26T23:25:21.750+0000] {logging_mixin.py:151} INFO - [2024-11-26T23:25:21.749+0000] {dag.py:3677} INFO - Setting next_dagrun for natural_gas_monthly_variables_etl_pipeline to 2024-11-10T00:00:00+00:00, run_after=2024-12-10T00:00:00+00:00
[2024-11-26T23:25:21.767+0000] {processor.py:179} INFO - Processing /opt/airflow/dags/eia_natural_gas_monthly_variables_etl_pipeline_dag/natural_gas_monthly_variables_etl_pipeline_dag.py took 0.960 seconds
[2024-11-26T23:25:54.731+0000] {processor.py:157} INFO - Started process (PID=2326) to work on /opt/airflow/dags/eia_natural_gas_monthly_variables_etl_pipeline_dag/natural_gas_monthly_variables_etl_pipeline_dag.py
[2024-11-26T23:25:54.732+0000] {processor.py:829} INFO - Processing file /opt/airflow/dags/eia_natural_gas_monthly_variables_etl_pipeline_dag/natural_gas_monthly_variables_etl_pipeline_dag.py for tasks to queue
[2024-11-26T23:25:54.734+0000] {logging_mixin.py:151} INFO - [2024-11-26T23:25:54.734+0000] {dagbag.py:539} INFO - Filling up the DagBag from /opt/airflow/dags/eia_natural_gas_monthly_variables_etl_pipeline_dag/natural_gas_monthly_variables_etl_pipeline_dag.py
[2024-11-26T23:25:55.631+0000] {processor.py:839} INFO - DAG(s) dict_keys(['natural_gas_monthly_variables_etl_pipeline']) retrieved from /opt/airflow/dags/eia_natural_gas_monthly_variables_etl_pipeline_dag/natural_gas_monthly_variables_etl_pipeline_dag.py
[2024-11-26T23:25:55.656+0000] {logging_mixin.py:151} INFO - [2024-11-26T23:25:55.656+0000] {dag.py:2907} INFO - Sync 1 DAGs
[2024-11-26T23:25:55.674+0000] {logging_mixin.py:151} INFO - [2024-11-26T23:25:55.673+0000] {dag.py:3677} INFO - Setting next_dagrun for natural_gas_monthly_variables_etl_pipeline to 2024-11-10T00:00:00+00:00, run_after=2024-12-10T00:00:00+00:00
[2024-11-26T23:25:55.692+0000] {processor.py:179} INFO - Processing /opt/airflow/dags/eia_natural_gas_monthly_variables_etl_pipeline_dag/natural_gas_monthly_variables_etl_pipeline_dag.py took 0.963 seconds
[2024-11-26T23:26:28.231+0000] {processor.py:157} INFO - Started process (PID=2450) to work on /opt/airflow/dags/eia_natural_gas_monthly_variables_etl_pipeline_dag/natural_gas_monthly_variables_etl_pipeline_dag.py
[2024-11-26T23:26:28.231+0000] {processor.py:829} INFO - Processing file /opt/airflow/dags/eia_natural_gas_monthly_variables_etl_pipeline_dag/natural_gas_monthly_variables_etl_pipeline_dag.py for tasks to queue
[2024-11-26T23:26:28.233+0000] {logging_mixin.py:151} INFO - [2024-11-26T23:26:28.233+0000] {dagbag.py:539} INFO - Filling up the DagBag from /opt/airflow/dags/eia_natural_gas_monthly_variables_etl_pipeline_dag/natural_gas_monthly_variables_etl_pipeline_dag.py
[2024-11-26T23:26:29.116+0000] {processor.py:839} INFO - DAG(s) dict_keys(['natural_gas_monthly_variables_etl_pipeline']) retrieved from /opt/airflow/dags/eia_natural_gas_monthly_variables_etl_pipeline_dag/natural_gas_monthly_variables_etl_pipeline_dag.py
[2024-11-26T23:26:29.135+0000] {logging_mixin.py:151} INFO - [2024-11-26T23:26:29.134+0000] {dag.py:2907} INFO - Sync 1 DAGs
[2024-11-26T23:26:29.152+0000] {logging_mixin.py:151} INFO - [2024-11-26T23:26:29.152+0000] {dag.py:3677} INFO - Setting next_dagrun for natural_gas_monthly_variables_etl_pipeline to 2024-11-10T00:00:00+00:00, run_after=2024-12-10T00:00:00+00:00
[2024-11-26T23:26:29.169+0000] {processor.py:179} INFO - Processing /opt/airflow/dags/eia_natural_gas_monthly_variables_etl_pipeline_dag/natural_gas_monthly_variables_etl_pipeline_dag.py took 0.941 seconds
[2024-11-26T23:27:01.376+0000] {processor.py:157} INFO - Started process (PID=2574) to work on /opt/airflow/dags/eia_natural_gas_monthly_variables_etl_pipeline_dag/natural_gas_monthly_variables_etl_pipeline_dag.py
[2024-11-26T23:27:01.376+0000] {processor.py:829} INFO - Processing file /opt/airflow/dags/eia_natural_gas_monthly_variables_etl_pipeline_dag/natural_gas_monthly_variables_etl_pipeline_dag.py for tasks to queue
[2024-11-26T23:27:01.378+0000] {logging_mixin.py:151} INFO - [2024-11-26T23:27:01.378+0000] {dagbag.py:539} INFO - Filling up the DagBag from /opt/airflow/dags/eia_natural_gas_monthly_variables_etl_pipeline_dag/natural_gas_monthly_variables_etl_pipeline_dag.py
[2024-11-26T23:27:02.261+0000] {processor.py:839} INFO - DAG(s) dict_keys(['natural_gas_monthly_variables_etl_pipeline']) retrieved from /opt/airflow/dags/eia_natural_gas_monthly_variables_etl_pipeline_dag/natural_gas_monthly_variables_etl_pipeline_dag.py
[2024-11-26T23:27:02.283+0000] {logging_mixin.py:151} INFO - [2024-11-26T23:27:02.281+0000] {dag.py:2907} INFO - Sync 1 DAGs
[2024-11-26T23:27:02.300+0000] {logging_mixin.py:151} INFO - [2024-11-26T23:27:02.300+0000] {dag.py:3677} INFO - Setting next_dagrun for natural_gas_monthly_variables_etl_pipeline to 2024-11-10T00:00:00+00:00, run_after=2024-12-10T00:00:00+00:00
[2024-11-26T23:27:02.318+0000] {processor.py:179} INFO - Processing /opt/airflow/dags/eia_natural_gas_monthly_variables_etl_pipeline_dag/natural_gas_monthly_variables_etl_pipeline_dag.py took 0.945 seconds
[2024-11-26T23:27:36.858+0000] {processor.py:157} INFO - Started process (PID=2714) to work on /opt/airflow/dags/eia_natural_gas_monthly_variables_etl_pipeline_dag/natural_gas_monthly_variables_etl_pipeline_dag.py
[2024-11-26T23:27:36.859+0000] {processor.py:829} INFO - Processing file /opt/airflow/dags/eia_natural_gas_monthly_variables_etl_pipeline_dag/natural_gas_monthly_variables_etl_pipeline_dag.py for tasks to queue
[2024-11-26T23:27:36.862+0000] {logging_mixin.py:151} INFO - [2024-11-26T23:27:36.862+0000] {dagbag.py:539} INFO - Filling up the DagBag from /opt/airflow/dags/eia_natural_gas_monthly_variables_etl_pipeline_dag/natural_gas_monthly_variables_etl_pipeline_dag.py
[2024-11-26T23:27:38.497+0000] {processor.py:839} INFO - DAG(s) dict_keys(['natural_gas_monthly_variables_etl_pipeline']) retrieved from /opt/airflow/dags/eia_natural_gas_monthly_variables_etl_pipeline_dag/natural_gas_monthly_variables_etl_pipeline_dag.py
[2024-11-26T23:27:38.537+0000] {logging_mixin.py:151} INFO - [2024-11-26T23:27:38.536+0000] {dag.py:2907} INFO - Sync 1 DAGs
[2024-11-26T23:27:38.564+0000] {logging_mixin.py:151} INFO - [2024-11-26T23:27:38.564+0000] {dag.py:3677} INFO - Setting next_dagrun for natural_gas_monthly_variables_etl_pipeline to 2024-11-10T00:00:00+00:00, run_after=2024-12-10T00:00:00+00:00
[2024-11-26T23:27:38.593+0000] {processor.py:179} INFO - Processing /opt/airflow/dags/eia_natural_gas_monthly_variables_etl_pipeline_dag/natural_gas_monthly_variables_etl_pipeline_dag.py took 1.739 seconds
[2024-11-26T23:28:10.146+0000] {processor.py:157} INFO - Started process (PID=2838) to work on /opt/airflow/dags/eia_natural_gas_monthly_variables_etl_pipeline_dag/natural_gas_monthly_variables_etl_pipeline_dag.py
[2024-11-26T23:28:10.147+0000] {processor.py:829} INFO - Processing file /opt/airflow/dags/eia_natural_gas_monthly_variables_etl_pipeline_dag/natural_gas_monthly_variables_etl_pipeline_dag.py for tasks to queue
[2024-11-26T23:28:10.148+0000] {logging_mixin.py:151} INFO - [2024-11-26T23:28:10.148+0000] {dagbag.py:539} INFO - Filling up the DagBag from /opt/airflow/dags/eia_natural_gas_monthly_variables_etl_pipeline_dag/natural_gas_monthly_variables_etl_pipeline_dag.py
[2024-11-26T23:28:11.051+0000] {processor.py:839} INFO - DAG(s) dict_keys(['natural_gas_monthly_variables_etl_pipeline']) retrieved from /opt/airflow/dags/eia_natural_gas_monthly_variables_etl_pipeline_dag/natural_gas_monthly_variables_etl_pipeline_dag.py
[2024-11-26T23:28:11.072+0000] {logging_mixin.py:151} INFO - [2024-11-26T23:28:11.072+0000] {dag.py:2907} INFO - Sync 1 DAGs
[2024-11-26T23:28:11.089+0000] {logging_mixin.py:151} INFO - [2024-11-26T23:28:11.089+0000] {dag.py:3677} INFO - Setting next_dagrun for natural_gas_monthly_variables_etl_pipeline to 2024-11-10T00:00:00+00:00, run_after=2024-12-10T00:00:00+00:00
[2024-11-26T23:28:11.104+0000] {processor.py:179} INFO - Processing /opt/airflow/dags/eia_natural_gas_monthly_variables_etl_pipeline_dag/natural_gas_monthly_variables_etl_pipeline_dag.py took 0.961 seconds
