[2024-12-01T06:37:59.194+0000] {logging_mixin.py:151} INFO - Changing /opt/***/logs/dag_id=model_training_pipeline/run_id=manual__2024-12-01T06:37:52.960136+00:00/task_id=train_model permission to 509
[2024-12-01T06:37:59.195+0000] {logging_mixin.py:151} INFO - Failed to change /opt/***/logs/dag_id=model_training_pipeline/run_id=manual__2024-12-01T06:37:52.960136+00:00/task_id=train_model permission to 509: [Errno 1] Operation not permitted: '/opt/***/logs/dag_id=model_training_pipeline/run_id=manual__2024-12-01T06:37:52.960136+00:00/task_id=train_model'
[2024-12-01T06:37:59.239+0000] {logging_mixin.py:151} INFO - Changing /opt/***/logs/dag_id=model_training_pipeline/run_id=manual__2024-12-01T06:37:52.960136+00:00/task_id=train_model permission to 509
[2024-12-01T06:37:59.240+0000] {logging_mixin.py:151} INFO - Failed to change /opt/***/logs/dag_id=model_training_pipeline/run_id=manual__2024-12-01T06:37:52.960136+00:00/task_id=train_model permission to 509: [Errno 1] Operation not permitted: '/opt/***/logs/dag_id=model_training_pipeline/run_id=manual__2024-12-01T06:37:52.960136+00:00/task_id=train_model'
[2024-12-01T06:37:59.274+0000] {taskinstance.py:1159} INFO - Dependencies all met for dep_context=non-requeueable deps ti=<TaskInstance: model_training_pipeline.train_model manual__2024-12-01T06:37:52.960136+00:00 [queued]>
[2024-12-01T06:37:59.288+0000] {taskinstance.py:1159} INFO - Dependencies all met for dep_context=requeueable deps ti=<TaskInstance: model_training_pipeline.train_model manual__2024-12-01T06:37:52.960136+00:00 [queued]>
[2024-12-01T06:37:59.289+0000] {taskinstance.py:1361} INFO - Starting attempt 1 of 2
[2024-12-01T06:37:59.312+0000] {taskinstance.py:1382} INFO - Executing <Task(PythonOperator): train_model> on 2024-12-01 06:37:52.960136+00:00
[2024-12-01T06:37:59.325+0000] {standard_task_runner.py:57} INFO - Started process 49395 to run task
[2024-12-01T06:37:59.330+0000] {standard_task_runner.py:84} INFO - Running: ['***', 'tasks', 'run', 'model_training_pipeline', 'train_model', 'manual__2024-12-01T06:37:52.960136+00:00', '--job-id', '53', '--raw', '--subdir', 'DAGS_FOLDER/model_training_pipeline_dag/model_training_dag.py', '--cfg-path', '/tmp/tmp9m1nse02']
[2024-12-01T06:37:59.334+0000] {standard_task_runner.py:85} INFO - Job 53: Subtask train_model
[2024-12-01T06:37:59.409+0000] {logging_mixin.py:151} INFO - Changing /opt/***/logs/dag_id=model_training_pipeline/run_id=manual__2024-12-01T06:37:52.960136+00:00/task_id=train_model permission to 509
[2024-12-01T06:37:59.410+0000] {logging_mixin.py:151} INFO - Failed to change /opt/***/logs/dag_id=model_training_pipeline/run_id=manual__2024-12-01T06:37:52.960136+00:00/task_id=train_model permission to 509: [Errno 1] Operation not permitted: '/opt/***/logs/dag_id=model_training_pipeline/run_id=manual__2024-12-01T06:37:52.960136+00:00/task_id=train_model'
[2024-12-01T06:37:59.416+0000] {task_command.py:415} INFO - Running <TaskInstance: model_training_pipeline.train_model manual__2024-12-01T06:37:52.960136+00:00 [running]> on host 71596b931411
[2024-12-01T06:37:59.563+0000] {taskinstance.py:1660} INFO - Exporting env vars: AIRFLOW_CTX_DAG_OWNER='***' AIRFLOW_CTX_DAG_ID='model_training_pipeline' AIRFLOW_CTX_TASK_ID='train_model' AIRFLOW_CTX_EXECUTION_DATE='2024-12-01T06:37:52.960136+00:00' AIRFLOW_CTX_TRY_NUMBER='1' AIRFLOW_CTX_DAG_RUN_ID='manual__2024-12-01T06:37:52.960136+00:00'
[2024-12-01T06:41:36.374+0000] {logging_mixin.py:151} INFO - 7 day sequence successfully created
[2024-12-01T06:41:36.753+0000] {logging_mixin.py:151} INFO - 14 day sequence successfully created
[2024-12-01T06:41:37.007+0000] {logging_mixin.py:151} INFO - 30 day sequence successfully created
[2024-12-01T06:41:37.118+0000] {logging_mixin.py:151} INFO - sequences successfully created
[2024-12-01T06:41:37.666+0000] {logging_mixin.py:151} WARNING - 2024/12/01 06:41:37 WARNING mlflow.utils.git_utils: Failed to import Git (the Git executable is probably not on your PATH), so Git SHA is not available. Error: Failed to initialize: Bad git executable.
The git executable must be specified in one of the following ways:
    - be included in your $PATH
    - be set via $GIT_PYTHON_GIT_EXECUTABLE
    - explicitly set via git.refresh(<full-path-to-git-executable>)

All git commands will error until this is rectified.

This initial message can be silenced or aggravated in the future by setting the
$GIT_PYTHON_REFRESH environment variable. Use one of the following values:
    - quiet|q|silence|s|silent|none|n|0: for no message or exception
    - warn|w|warning|log|l|1: for a warning message (logging level CRITICAL, displayed by default)
    - error|e|exception|raise|r|2: for a raised exception

Example:
    export GIT_PYTHON_REFRESH=quiet
[2024-12-01T06:41:37.941+0000] {logging_mixin.py:151} INFO - Epoch 1/75
[2024-12-01T06:42:31.765+0000] {logging_mixin.py:151} INFO - 1314/1314 - 54s - loss: 0.8150 - val_loss: 0.6036 - 54s/epoch - 41ms/step
[2024-12-01T06:42:31.779+0000] {logging_mixin.py:151} INFO - Epoch 2/75
[2024-12-01T06:43:07.618+0000] {local_task_job_runner.py:294} WARNING - State of this instance has been externally set to failed. Terminating instance.
[2024-12-01T06:43:07.643+0000] {process_utils.py:131} INFO - Sending 15 to group 49395. PIDs of all processes in the group: [49395]
[2024-12-01T06:43:07.645+0000] {process_utils.py:86} INFO - Sending the signal 15 to group 49395
[2024-12-01T06:43:07.652+0000] {taskinstance.py:1632} ERROR - Received SIGTERM. Terminating subprocesses.
[2024-12-01T06:43:07.685+0000] {logging_mixin.py:151} WARNING - 2024/12/01 06:43:07 INFO mlflow.tracking._tracking_service.client: 🏃 View run GRU_7_day_horizon_30_20241201 at: http://mlflow:5000/#/experiments/1/runs/ca51679a4d414c3aac5fcaaec1171e73.
[2024-12-01T06:43:07.685+0000] {logging_mixin.py:151} WARNING - 2024/12/01 06:43:07 INFO mlflow.tracking._tracking_service.client: 🧪 View experiment at: http://mlflow:5000/#/experiments/1.
[2024-12-01T06:43:08.061+0000] {process_utils.py:79} INFO - Process psutil.Process(pid=49395, status='terminated', exitcode=0, started='06:37:58') (49395) terminated with exit code 0
