[2024-11-30T08:34:26.731+0000] {logging_mixin.py:151} INFO - Changing /opt/***/logs/dag_id=model_training_pipeline/run_id=manual__2024-11-30T08:34:19.333456+00:00/task_id=train_model permission to 509
[2024-11-30T08:34:26.731+0000] {logging_mixin.py:151} INFO - Failed to change /opt/***/logs/dag_id=model_training_pipeline/run_id=manual__2024-11-30T08:34:19.333456+00:00/task_id=train_model permission to 509: [Errno 1] Operation not permitted: '/opt/***/logs/dag_id=model_training_pipeline/run_id=manual__2024-11-30T08:34:19.333456+00:00/task_id=train_model'
[2024-11-30T08:34:26.765+0000] {logging_mixin.py:151} INFO - Changing /opt/***/logs/dag_id=model_training_pipeline/run_id=manual__2024-11-30T08:34:19.333456+00:00/task_id=train_model permission to 509
[2024-11-30T08:34:26.766+0000] {logging_mixin.py:151} INFO - Failed to change /opt/***/logs/dag_id=model_training_pipeline/run_id=manual__2024-11-30T08:34:19.333456+00:00/task_id=train_model permission to 509: [Errno 1] Operation not permitted: '/opt/***/logs/dag_id=model_training_pipeline/run_id=manual__2024-11-30T08:34:19.333456+00:00/task_id=train_model'
[2024-11-30T08:34:26.792+0000] {taskinstance.py:1159} INFO - Dependencies all met for dep_context=non-requeueable deps ti=<TaskInstance: model_training_pipeline.train_model manual__2024-11-30T08:34:19.333456+00:00 [queued]>
[2024-11-30T08:34:26.802+0000] {taskinstance.py:1159} INFO - Dependencies all met for dep_context=requeueable deps ti=<TaskInstance: model_training_pipeline.train_model manual__2024-11-30T08:34:19.333456+00:00 [queued]>
[2024-11-30T08:34:26.803+0000] {taskinstance.py:1361} INFO - Starting attempt 1 of 2
[2024-11-30T08:34:26.818+0000] {taskinstance.py:1382} INFO - Executing <Task(PythonOperator): train_model> on 2024-11-30 08:34:19.333456+00:00
[2024-11-30T08:34:26.833+0000] {standard_task_runner.py:57} INFO - Started process 111784 to run task
[2024-11-30T08:34:26.835+0000] {standard_task_runner.py:84} INFO - Running: ['***', 'tasks', 'run', 'model_training_pipeline', 'train_model', 'manual__2024-11-30T08:34:19.333456+00:00', '--job-id', '45', '--raw', '--subdir', 'DAGS_FOLDER/model_training_pipeline_dag/model_training_dag.py', '--cfg-path', '/tmp/tmp51322n2t']
[2024-11-30T08:34:26.839+0000] {standard_task_runner.py:85} INFO - Job 45: Subtask train_model
[2024-11-30T08:34:26.891+0000] {logging_mixin.py:151} INFO - Changing /opt/***/logs/dag_id=model_training_pipeline/run_id=manual__2024-11-30T08:34:19.333456+00:00/task_id=train_model permission to 509
[2024-11-30T08:34:26.891+0000] {logging_mixin.py:151} INFO - Failed to change /opt/***/logs/dag_id=model_training_pipeline/run_id=manual__2024-11-30T08:34:19.333456+00:00/task_id=train_model permission to 509: [Errno 1] Operation not permitted: '/opt/***/logs/dag_id=model_training_pipeline/run_id=manual__2024-11-30T08:34:19.333456+00:00/task_id=train_model'
[2024-11-30T08:34:26.893+0000] {task_command.py:415} INFO - Running <TaskInstance: model_training_pipeline.train_model manual__2024-11-30T08:34:19.333456+00:00 [running]> on host 71596b931411
[2024-11-30T08:34:27.054+0000] {taskinstance.py:1660} INFO - Exporting env vars: AIRFLOW_CTX_DAG_OWNER='***' AIRFLOW_CTX_DAG_ID='model_training_pipeline' AIRFLOW_CTX_TASK_ID='train_model' AIRFLOW_CTX_EXECUTION_DATE='2024-11-30T08:34:19.333456+00:00' AIRFLOW_CTX_TRY_NUMBER='1' AIRFLOW_CTX_DAG_RUN_ID='manual__2024-11-30T08:34:19.333456+00:00'
[2024-11-30T08:36:04.377+0000] {logging_mixin.py:151} INFO - Data has been normalised
[2024-11-30T08:36:04.378+0000] {logging_mixin.py:151} INFO - (168220, 26)
[2024-11-30T08:36:04.379+0000] {logging_mixin.py:151} INFO - (168220,)
[2024-11-30T08:36:04.765+0000] {logging_mixin.py:151} INFO - sequences successfully created
[2024-11-30T08:36:05.336+0000] {logging_mixin.py:151} WARNING - 2024/11/30 08:36:05 WARNING mlflow.utils.git_utils: Failed to import Git (the Git executable is probably not on your PATH), so Git SHA is not available. Error: Failed to initialize: Bad git executable.
The git executable must be specified in one of the following ways:
    - be included in your $PATH
    - be set via $GIT_PYTHON_GIT_EXECUTABLE
    - explicitly set via git.refresh(<full-path-to-git-executable>)

All git commands will error until this is rectified.

This initial message can be silenced or aggravated in the future by setting the
$GIT_PYTHON_REFRESH environment variable. Use one of the following values:
    - quiet|q|silence|s|silent|none|n|0: for no message or exception
    - warn|w|warning|log|l|1: for a warning message (logging level CRITICAL, displayed by default)
    - error|e|exception|raise|r|2: for a raised exception

Example:
    export GIT_PYTHON_REFRESH=quiet
[2024-11-30T08:36:05.553+0000] {logging_mixin.py:151} INFO - Epoch 1/150
[2024-11-30T08:36:08.247+0000] {logging_mixin.py:151} INFO - [[ 0.346       0.33938666 -0.00827415 -0.07870968 -0.57358491 -0.57358491
  -0.57358491 -0.69565217 -0.33333333 -0.6        -0.42857143 -0.66666667
  -0.57142857 -0.57142857 -0.57089552 -0.57358491 -0.57142857 -0.57142857
   1.25        1.          1.91990788 -0.86239168 -1.62218891 -1.68932039
   0.08        2.68010076]
 [ 0.346       0.33938666 -0.00827415 -0.07870968 -0.57358491 -0.57358491
  -0.57358491 -0.69565217 -0.33333333 -0.6        -0.42857143 -0.66666667
  -0.57142857 -0.57142857 -0.57089552 -0.57358491 -0.57142857 -0.57142857
   1.25        1.          1.91990788 -0.86239168 -1.62218891 -1.68932039
   0.08        2.68010076]
 [ 0.346       0.33938666 -0.00827415 -0.07870968 -0.57358491 -0.57358491
  -0.57358491 -0.69565217 -0.33333333 -0.6        -0.42857143 -0.66666667
  -0.57142857 -0.57142857 -0.57089552 -0.57358491 -0.57142857 -0.57142857
   1.25        1.          1.91990788 -0.86239168 -1.62218891 -1.68932039
   0.08        2.68010076]
 [ 0.346       0.33938666 -0.00827415 -0.07870968 -0.57358491 -0.57358491
  -0.57358491 -0.69565217 -0.33333333 -0.6        -0.42857143 -0.66666667
  -0.57142857 -0.57142857 -0.57089552 -0.57358491 -0.57142857 -0.57142857
   1.25        1.          1.91990788 -0.86239168 -1.62218891 -1.68932039
   0.08        2.68010076]
 [ 0.346       0.33938666 -0.00827415 -0.07870968 -0.57358491 -0.57358491
  -0.57358491 -0.69565217 -0.33333333 -0.6        -0.42857143 -0.66666667
  -0.57142857 -0.57142857 -0.57089552 -0.57358491 -0.57142857 -0.57142857
   1.25        1.          1.91990788 -0.86239168 -1.62218891 -1.68932039
   0.08        2.68010076]
 [ 0.346       0.33938666 -0.00827415 -0.07870968 -0.57358491 -0.57358491
  -0.57358491 -0.69565217 -0.33333333 -0.6        -0.42857143 -0.66666667
  -0.57142857 -0.57142857 -0.57089552 -0.57358491 -0.57142857 -0.57142857
   1.25        1.          1.91990788 -0.86239168 -1.62218891 -1.68932039
   0.08        2.68010076]
 [ 0.346       0.33938666 -0.00827415 -0.07870968 -0.57358491 -0.57358491
  -0.57358491 -0.69565217 -0.33333333 -0.6        -0.42857143 -0.66666667
  -0.57142857 -0.57142857 -0.57089552 -0.57358491 -0.57142857 -0.57142857
   1.25        1.          1.91990788 -0.86239168 -1.62218891 -1.68932039
   0.08        2.68010076]
 [ 0.346       0.33938666 -0.00827415 -0.07870968 -0.57358491 -0.57358491
  -0.57358491 -0.69565217 -0.33333333 -0.6        -0.42857143 -0.66666667
  -0.57142857 -0.57142857 -0.57089552 -0.57358491 -0.57142857 -0.57142857
   1.25        1.          1.91990788 -0.86239168 -1.62218891 -1.68932039
   0.08        2.68010076]
 [ 0.346       0.33938666 -0.00827415 -0.07870968 -0.57358491 -0.57358491
  -0.57358491 -0.69565217 -0.33333333 -0.6        -0.42857143 -0.66666667
  -0.57142857 -0.57142857 -0.57089552 -0.57358491 -0.57142857 -0.57142857
   1.25        1.          1.91990788 -0.86239168 -1.62218891 -1.68932039
   0.08        2.68010076]
 [ 0.346       0.33938666 -0.00827415 -0.07870968 -0.57358491 -0.57358491
  -0.57358491 -0.69565217 -0.33333333 -0.6        -0.42857143 -0.66666667
  -0.57142857 -0.57142857 -0.57089552 -0.57358491 -0.57142857 -0.57142857
   1.25        1.          1.91990788 -0.86239168 -1.62218891 -1.68932039
   0.08        2.68010076]
 [ 0.346       0.33938666 -0.00827415 -0.07870968 -0.57358491 -0.57358491
  -0.57358491 -0.69565217 -0.33333333 -0.6        -0.42857143 -0.66666667
  -0.57142857 -0.57142857 -0.57089552 -0.57358491 -0.57142857 -0.57142857
   1.25        1.          1.91990788 -0.86239168 -1.62218891 -1.68932039
   0.08        2.68010076]
 [ 0.346       0.33938666 -0.00827415 -0.07870968 -0.57358491 -0.57358491
  -0.57358491 -0.69565217 -0.33333333 -0.6        -0.42857143 -0.66666667
  -0.57142857 -0.57142857 -0.57089552 -0.57358491 -0.57142857 -0.57142857
   1.25        1.          1.91990788 -0.86239168 -1.62218891 -1.68932039
   0.08        2.68010076]
 [ 0.346       0.33938666 -0.00827415 -0.07870968 -0.57358491 -0.57358491
  -0.57358491 -0.69565217 -0.33333333 -0.6        -0.42857143 -0.66666667
  -0.57142857 -0.57142857 -0.57089552 -0.57358491 -0.57142857 -0.57142857
   1.25        1.          1.91990788 -0.86239168 -1.62218891 -1.68932039
   0.08        2.68010076]
 [ 0.346       0.33938666 -0.00827415 -0.07870968 -0.57358491 -0.57358491
  -0.57358491 -0.69565217 -0.33333333 -0.6        -0.42857143 -0.66666667
  -0.57142857 -0.57142857 -0.57089552 -0.57358491 -0.57142857 -0.57142857
   1.25        1.          1.91990788 -0.86239168 -1.62218891 -1.68932039
   0.08        2.68010076]
 [ 0.346       0.33938666 -0.00827415 -0.07870968 -0.57358491 -0.57358491
  -0.57358491 -0.69565217 -0.33333333 -0.6        -0.42857143 -0.66666667
  -0.57142857 -0.57142857 -0.57089552 -0.57358491 -0.57142857 -0.57142857
   1.25        1.          1.91990788 -0.86239168 -1.62218891 -1.68932039
   0.08        2.68010076]
 [ 0.346       0.33938666 -0.00827415 -0.07870968 -0.57358491 -0.57358491
  -0.57358491 -0.69565217 -0.33333333 -0.6        -0.42857143 -0.66666667
  -0.57142857 -0.57142857 -0.57089552 -0.57358491 -0.57142857 -0.57142857
   1.25        1.          1.91990788 -0.86239168 -1.62218891 -1.68932039
   0.08        2.68010076]
 [ 0.346       0.33938666 -0.00827415 -0.07870968 -0.57358491 -0.57358491
  -0.57358491 -0.69565217 -0.33333333 -0.6        -0.42857143 -0.66666667
  -0.57142857 -0.57142857 -0.57089552 -0.57358491 -0.57142857 -0.57142857
   1.25        1.          1.91990788 -0.86239168 -1.62218891 -1.68932039
   0.08        2.68010076]
 [ 0.346       0.33938666 -0.00827415 -0.07870968 -0.57358491 -0.57358491
  -0.57358491 -0.69565217 -0.33333333 -0.6        -0.42857143 -0.66666667
  -0.57142857 -0.57142857 -0.57089552 -0.57358491 -0.57142857 -0.57142857
   1.25        1.          1.91990788 -0.86239168 -1.62218891 -1.68932039
   0.08        2.68010076]
 [ 0.346       0.33938666 -0.00827415 -0.07870968 -0.57358491 -0.57358491
  -0.57358491 -0.69565217 -0.33333333 -0.6        -0.42857143 -0.66666667
  -0.57142857 -0.57142857 -0.57089552 -0.57358491 -0.57142857 -0.57142857
   1.25        1.          1.91990788 -0.86239168 -1.62218891 -1.68932039
   0.08        2.68010076]
 [ 0.346       0.33938666 -0.00827415 -0.07870968 -0.57358491 -0.57358491
  -0.57358491 -0.69565217 -0.33333333 -0.6        -0.42857143 -0.66666667
  -0.57142857 -0.57142857 -0.57089552 -0.57358491 -0.57142857 -0.57142857
   1.25        1.          1.91990788 -0.86239168 -1.62218891 -1.68932039
   0.08        2.68010076]
 [ 0.346       0.33938666 -0.00827415 -0.07870968 -0.57358491 -0.57358491
  -0.57358491 -0.69565217 -0.33333333 -0.6        -0.42857143 -0.66666667
  -0.57142857 -0.57142857 -0.57089552 -0.57358491 -0.57142857 -0.57142857
   1.25        1.          1.91990788 -0.86239168 -1.62218891 -1.68932039
   0.08        2.68010076]
 [ 0.346       0.33938666 -0.00827415 -0.07870968 -0.57358491 -0.57358491
  -0.57358491 -0.69565217 -0.33333333 -0.6        -0.42857143 -0.66666667
  -0.57142857 -0.57142857 -0.57089552 -0.57358491 -0.57142857 -0.57142857
   1.25        1.          1.91990788 -0.86239168 -1.62218891 -1.68932039
   0.08        2.68010076]
 [ 0.346       0.33938666 -0.00827415 -0.07870968 -0.57358491 -0.57358491
  -0.57358491 -0.69565217 -0.33333333 -0.6        -0.42857143 -0.66666667
  -0.57142857 -0.57142857 -0.57089552 -0.57358491 -0.57142857 -0.57142857
   1.25        1.          1.91990788 -0.86239168 -1.62218891 -1.68932039
   0.08        2.68010076]
 [ 0.346       0.33938666 -0.00827415 -0.07870968 -0.57358491 -0.57358491
  -0.57358491 -0.69565217 -0.33333333 -0.6        -0.42857143 -0.66666667
  -0.57142857 -0.57142857 -0.57089552 -0.57358491 -0.57142857 -0.57142857
   1.25        1.          1.91990788 -0.86239168 -1.62218891 -1.68932039
   0.08        2.68010076]
 [ 0.346       0.33938666 -0.00827415 -0.07870968 -0.57358491 -0.57358491
  -0.57358491 -0.69565217 -0.33333333 -0.6        -0.42857143 -0.66666667
  -0.57142857 -0.57142857 -0.57089552 -0.57358491 -0.57142857 -0.57142857
   1.25        1.          1.91990788 -0.86239168 -1.62218891 -1.68932039
   0.08        2.68010076]
 [ 0.346       0.33938666 -0.00827415 -0.07870968 -0.57358491 -0.57358491
  -0.57358491 -0.69565217 -0.33333333 -0.6        -0.42857143 -0.66666667
  -0.57142857 -0.57142857 -0.57089552 -0.57358491 -0.57142857 -0.57142857
   1.25        1.          1.91990788 -0.86239168 -1.62218891 -1.68932039
   0.08        2.68010076]
 [ 0.338       0.33938666 -0.00827415 -0.07870968 -0.57358491 -0.57358491
  -0.57358491 -0.69565217  0.33333333 -0.2        -0.42857143 -0.66666667
  -0.57518797 -0.57142857 -0.57089552 -0.57358491 -0.57142857 -0.57142857
   1.25        1.          2.10414534 -0.86239168 -1.67316342 -1.79935275
   0.08        2.73299748]
 [ 0.338       0.33938666 -0.00827415 -0.07870968 -0.59245283 -0.57358491
  -0.57358491 -0.69565217  0.66666667 -0.2        -0.42857143 -0.66666667
  -0.57518797 -0.57518797 -0.57089552 -0.57358491 -0.57142857 -0.57142857
   1.25        1.          2.10414534 -0.86239168 -1.67316342 -1.79935275
   0.08        2.73299748]
 [ 0.338       0.33938666 -0.00827415 -0.07870968 -0.59245283 -0.59245283
  -0.57358491 -0.69565217  0.66666667 -0.2        -0.42857143 -0.66666667
  -0.57894737 -0.57518797 -0.57089552 -0.57358491 -0.57142857 -0.57142857
   1.25        1.          2.10414534 -0.86239168 -1.67316342 -1.79935275
   0.08        2.73299748]
 [ 0.338       0.33938666 -0.00827415 -0.07870968 -0.59245283 -0.59245283
  -0.59245283 -0.69565217  0.66666667  0.         -0.42857143 -0.66666667
  -0.58270677 -0.57518797 -0.57089552 -0.59245283 -0.57142857 -0.57142857
   1.25        1.          2.10414534 -0.86239168 -1.67316342 -1.79935275
   0.08        2.73299748]]
[2024-11-30T08:36:08.248+0000] {logging_mixin.py:151} INFO - 2.05
[2024-11-30T08:36:08.256+0000] {logging_mixin.py:151} INFO - [[ 0.346       0.33938666 -0.00827415 -0.07870968 -0.57358491 -0.57358491
  -0.57358491 -0.69565217 -0.33333333 -0.6        -0.42857143 -0.66666667
  -0.57142857 -0.57142857 -0.57089552 -0.57358491 -0.57142857 -0.57142857
   1.25        1.          1.91990788 -0.86239168 -1.62218891 -1.68932039
   0.08        2.68010076]
 [ 0.346       0.33938666 -0.00827415 -0.07870968 -0.57358491 -0.57358491
  -0.57358491 -0.69565217 -0.33333333 -0.6        -0.42857143 -0.66666667
  -0.57142857 -0.57142857 -0.57089552 -0.57358491 -0.57142857 -0.57142857
   1.25        1.          1.91990788 -0.86239168 -1.62218891 -1.68932039
   0.08        2.68010076]
 [ 0.346       0.33938666 -0.00827415 -0.07870968 -0.57358491 -0.57358491
  -0.57358491 -0.69565217 -0.33333333 -0.6        -0.42857143 -0.66666667
  -0.57142857 -0.57142857 -0.57089552 -0.57358491 -0.57142857 -0.57142857
   1.25        1.          1.91990788 -0.86239168 -1.62218891 -1.68932039
   0.08        2.68010076]
 [ 0.346       0.33938666 -0.00827415 -0.07870968 -0.57358491 -0.57358491
  -0.57358491 -0.69565217 -0.33333333 -0.6        -0.42857143 -0.66666667
  -0.57142857 -0.57142857 -0.57089552 -0.57358491 -0.57142857 -0.57142857
   1.25        1.          1.91990788 -0.86239168 -1.62218891 -1.68932039
   0.08        2.68010076]
 [ 0.346       0.33938666 -0.00827415 -0.07870968 -0.57358491 -0.57358491
  -0.57358491 -0.69565217 -0.33333333 -0.6        -0.42857143 -0.66666667
  -0.57142857 -0.57142857 -0.57089552 -0.57358491 -0.57142857 -0.57142857
   1.25        1.          1.91990788 -0.86239168 -1.62218891 -1.68932039
   0.08        2.68010076]
 [ 0.346       0.33938666 -0.00827415 -0.07870968 -0.57358491 -0.57358491
  -0.57358491 -0.69565217 -0.33333333 -0.6        -0.42857143 -0.66666667
  -0.57142857 -0.57142857 -0.57089552 -0.57358491 -0.57142857 -0.57142857
   1.25        1.          1.91990788 -0.86239168 -1.62218891 -1.68932039
   0.08        2.68010076]
 [ 0.346       0.33938666 -0.00827415 -0.07870968 -0.57358491 -0.57358491
  -0.57358491 -0.69565217 -0.33333333 -0.6        -0.42857143 -0.66666667
  -0.57142857 -0.57142857 -0.57089552 -0.57358491 -0.57142857 -0.57142857
   1.25        1.          1.91990788 -0.86239168 -1.62218891 -1.68932039
   0.08        2.68010076]
 [ 0.346       0.33938666 -0.00827415 -0.07870968 -0.57358491 -0.57358491
  -0.57358491 -0.69565217 -0.33333333 -0.6        -0.42857143 -0.66666667
  -0.57142857 -0.57142857 -0.57089552 -0.57358491 -0.57142857 -0.57142857
   1.25        1.          1.91990788 -0.86239168 -1.62218891 -1.68932039
   0.08        2.68010076]
 [ 0.346       0.33938666 -0.00827415 -0.07870968 -0.57358491 -0.57358491
  -0.57358491 -0.69565217 -0.33333333 -0.6        -0.42857143 -0.66666667
  -0.57142857 -0.57142857 -0.57089552 -0.57358491 -0.57142857 -0.57142857
   1.25        1.          1.91990788 -0.86239168 -1.62218891 -1.68932039
   0.08        2.68010076]
 [ 0.346       0.33938666 -0.00827415 -0.07870968 -0.57358491 -0.57358491
  -0.57358491 -0.69565217 -0.33333333 -0.6        -0.42857143 -0.66666667
  -0.57142857 -0.57142857 -0.57089552 -0.57358491 -0.57142857 -0.57142857
   1.25        1.          1.91990788 -0.86239168 -1.62218891 -1.68932039
   0.08        2.68010076]
 [ 0.346       0.33938666 -0.00827415 -0.07870968 -0.57358491 -0.57358491
  -0.57358491 -0.69565217 -0.33333333 -0.6        -0.42857143 -0.66666667
  -0.57142857 -0.57142857 -0.57089552 -0.57358491 -0.57142857 -0.57142857
   1.25        1.          1.91990788 -0.86239168 -1.62218891 -1.68932039
   0.08        2.68010076]
 [ 0.346       0.33938666 -0.00827415 -0.07870968 -0.57358491 -0.57358491
  -0.57358491 -0.69565217 -0.33333333 -0.6        -0.42857143 -0.66666667
  -0.57142857 -0.57142857 -0.57089552 -0.57358491 -0.57142857 -0.57142857
   1.25        1.          1.91990788 -0.86239168 -1.62218891 -1.68932039
   0.08        2.68010076]
 [ 0.346       0.33938666 -0.00827415 -0.07870968 -0.57358491 -0.57358491
  -0.57358491 -0.69565217 -0.33333333 -0.6        -0.42857143 -0.66666667
  -0.57142857 -0.57142857 -0.57089552 -0.57358491 -0.57142857 -0.57142857
   1.25        1.          1.91990788 -0.86239168 -1.62218891 -1.68932039
   0.08        2.68010076]
 [ 0.346       0.33938666 -0.00827415 -0.07870968 -0.57358491 -0.57358491
  -0.57358491 -0.69565217 -0.33333333 -0.6        -0.42857143 -0.66666667
  -0.57142857 -0.57142857 -0.57089552 -0.57358491 -0.57142857 -0.57142857
   1.25        1.          1.91990788 -0.86239168 -1.62218891 -1.68932039
   0.08        2.68010076]
 [ 0.346       0.33938666 -0.00827415 -0.07870968 -0.57358491 -0.57358491
  -0.57358491 -0.69565217 -0.33333333 -0.6        -0.42857143 -0.66666667
  -0.57142857 -0.57142857 -0.57089552 -0.57358491 -0.57142857 -0.57142857
   1.25        1.          1.91990788 -0.86239168 -1.62218891 -1.68932039
   0.08        2.68010076]
 [ 0.346       0.33938666 -0.00827415 -0.07870968 -0.57358491 -0.57358491
  -0.57358491 -0.69565217 -0.33333333 -0.6        -0.42857143 -0.66666667
  -0.57142857 -0.57142857 -0.57089552 -0.57358491 -0.57142857 -0.57142857
   1.25        1.          1.91990788 -0.86239168 -1.62218891 -1.68932039
   0.08        2.68010076]
 [ 0.346       0.33938666 -0.00827415 -0.07870968 -0.57358491 -0.57358491
  -0.57358491 -0.69565217 -0.33333333 -0.6        -0.42857143 -0.66666667
  -0.57142857 -0.57142857 -0.57089552 -0.57358491 -0.57142857 -0.57142857
   1.25        1.          1.91990788 -0.86239168 -1.62218891 -1.68932039
   0.08        2.68010076]
 [ 0.346       0.33938666 -0.00827415 -0.07870968 -0.57358491 -0.57358491
  -0.57358491 -0.69565217 -0.33333333 -0.6        -0.42857143 -0.66666667
  -0.57142857 -0.57142857 -0.57089552 -0.57358491 -0.57142857 -0.57142857
   1.25        1.          1.91990788 -0.86239168 -1.62218891 -1.68932039
   0.08        2.68010076]
 [ 0.346       0.33938666 -0.00827415 -0.07870968 -0.57358491 -0.57358491
  -0.57358491 -0.69565217 -0.33333333 -0.6        -0.42857143 -0.66666667
  -0.57142857 -0.57142857 -0.57089552 -0.57358491 -0.57142857 -0.57142857
   1.25        1.          1.91990788 -0.86239168 -1.62218891 -1.68932039
   0.08        2.68010076]
 [ 0.346       0.33938666 -0.00827415 -0.07870968 -0.57358491 -0.57358491
  -0.57358491 -0.69565217 -0.33333333 -0.6        -0.42857143 -0.66666667
  -0.57142857 -0.57142857 -0.57089552 -0.57358491 -0.57142857 -0.57142857
   1.25        1.          1.91990788 -0.86239168 -1.62218891 -1.68932039
   0.08        2.68010076]
 [ 0.346       0.33938666 -0.00827415 -0.07870968 -0.57358491 -0.57358491
  -0.57358491 -0.69565217 -0.33333333 -0.6        -0.42857143 -0.66666667
  -0.57142857 -0.57142857 -0.57089552 -0.57358491 -0.57142857 -0.57142857
   1.25        1.          1.91990788 -0.86239168 -1.62218891 -1.68932039
   0.08        2.68010076]
 [ 0.346       0.33938666 -0.00827415 -0.07870968 -0.57358491 -0.57358491
  -0.57358491 -0.69565217 -0.33333333 -0.6        -0.42857143 -0.66666667
  -0.57142857 -0.57142857 -0.57089552 -0.57358491 -0.57142857 -0.57142857
   1.25        1.          1.91990788 -0.86239168 -1.62218891 -1.68932039
   0.08        2.68010076]
 [ 0.346       0.33938666 -0.00827415 -0.07870968 -0.57358491 -0.57358491
  -0.57358491 -0.69565217 -0.33333333 -0.6        -0.42857143 -0.66666667
  -0.57142857 -0.57142857 -0.57089552 -0.57358491 -0.57142857 -0.57142857
   1.25        1.          1.91990788 -0.86239168 -1.62218891 -1.68932039
   0.08        2.68010076]
 [ 0.346       0.33938666 -0.00827415 -0.07870968 -0.57358491 -0.57358491
  -0.57358491 -0.69565217 -0.33333333 -0.6        -0.42857143 -0.66666667
  -0.57142857 -0.57142857 -0.57089552 -0.57358491 -0.57142857 -0.57142857
   1.25        1.          1.91990788 -0.86239168 -1.62218891 -1.68932039
   0.08        2.68010076]
 [ 0.346       0.33938666 -0.00827415 -0.07870968 -0.57358491 -0.57358491
  -0.57358491 -0.69565217 -0.33333333 -0.6        -0.42857143 -0.66666667
  -0.57142857 -0.57142857 -0.57089552 -0.57358491 -0.57142857 -0.57142857
   1.25        1.          1.91990788 -0.86239168 -1.62218891 -1.68932039
   0.08        2.68010076]
 [ 0.338       0.33938666 -0.00827415 -0.07870968 -0.57358491 -0.57358491
  -0.57358491 -0.69565217  0.33333333 -0.2        -0.42857143 -0.66666667
  -0.57518797 -0.57142857 -0.57089552 -0.57358491 -0.57142857 -0.57142857
   1.25        1.          2.10414534 -0.86239168 -1.67316342 -1.79935275
   0.08        2.73299748]
 [ 0.338       0.33938666 -0.00827415 -0.07870968 -0.59245283 -0.57358491
  -0.57358491 -0.69565217  0.66666667 -0.2        -0.42857143 -0.66666667
  -0.57518797 -0.57518797 -0.57089552 -0.57358491 -0.57142857 -0.57142857
   1.25        1.          2.10414534 -0.86239168 -1.67316342 -1.79935275
   0.08        2.73299748]
 [ 0.338       0.33938666 -0.00827415 -0.07870968 -0.59245283 -0.59245283
  -0.57358491 -0.69565217  0.66666667 -0.2        -0.42857143 -0.66666667
  -0.57894737 -0.57518797 -0.57089552 -0.57358491 -0.57142857 -0.57142857
   1.25        1.          2.10414534 -0.86239168 -1.67316342 -1.79935275
   0.08        2.73299748]
 [ 0.338       0.33938666 -0.00827415 -0.07870968 -0.59245283 -0.59245283
  -0.59245283 -0.69565217  0.66666667  0.         -0.42857143 -0.66666667
  -0.58270677 -0.57518797 -0.57089552 -0.59245283 -0.57142857 -0.57142857
   1.25        1.          2.10414534 -0.86239168 -1.67316342 -1.79935275
   0.08        2.73299748]
 [ 0.338       0.33938666 -0.00827415 -0.07870968 -0.59245283 -0.59245283
  -0.59245283 -0.69565217  0.33333333  0.         -0.42857143 -0.66666667
  -0.58646617 -0.57894737 -0.57089552 -0.59245283 -0.57142857 -0.57142857
   1.25        1.          2.10414534 -0.86239168 -1.67316342 -1.79935275
   0.08        2.73299748]]
[2024-11-30T08:36:08.299+0000] {logging_mixin.py:151} INFO - 2.05
[2024-11-30T08:36:08.349+0000] {logging_mixin.py:151} WARNING - 2024/11/30 08:36:08 INFO mlflow.tracking._tracking_service.client: 🏃 View run GRU_7_day_horizon_30_20241130 at: http://mlflow:5000/#/experiments/1/runs/ba05465fb7f748bf994e4094330d1c9b.
[2024-11-30T08:36:08.350+0000] {logging_mixin.py:151} WARNING - 2024/11/30 08:36:08 INFO mlflow.tracking._tracking_service.client: 🧪 View experiment at: http://mlflow:5000/#/experiments/1.
[2024-11-30T08:36:08.375+0000] {taskinstance.py:1943} ERROR - Task failed with exception
Traceback (most recent call last):
  File "/home/airflow/.local/lib/python3.8/site-packages/airflow/operators/python.py", line 192, in execute
    return_value = self.execute_callable()
  File "/home/airflow/.local/lib/python3.8/site-packages/airflow/operators/python.py", line 209, in execute_callable
    return self.python_callable(*self.op_args, **self.op_kwargs)
  File "/opt/airflow/dags/model_training_pipeline_dag/train_model.py", line 57, in train_model
    Model.train_model(train_dataset, validation_dataset, time_steps=30, experiment_id=experiment_id, forecast_horizon=7)
  File "/opt/airflow/dags/modelling/model.py", line 58, in train_model
    trained = cls._train(model, dataset, validation_dataset, epochs=150, callbacks=[MLflowCallback()])
  File "/opt/airflow/dags/modelling/model.py", line 77, in _train
    model.fit(dataset, epochs=epochs, validation_data=validation_dataset, verbose=2,
  File "/home/airflow/.local/lib/python3.8/site-packages/keras/src/utils/traceback_utils.py", line 70, in error_handler
    raise e.with_traceback(filtered_tb) from None
  File "/home/airflow/.local/lib/python3.8/site-packages/tensorflow/python/eager/execute.py", line 53, in quick_execute
    tensors = pywrap_tfe.TFE_Py_Execute(ctx._handle, device_name, op_name,
tensorflow.python.framework.errors_impl.InvalidArgumentError: Graph execution error:

TypeError: `generator` yielded an element of shape () where an element of shape (1,) was expected.
Traceback (most recent call last):

  File "/home/airflow/.local/lib/python3.8/site-packages/tensorflow/python/ops/script_ops.py", line 268, in __call__
    ret = func(*args)

  File "/home/airflow/.local/lib/python3.8/site-packages/tensorflow/python/autograph/impl/api.py", line 643, in wrapper
    return func(*args, **kwargs)

  File "/home/airflow/.local/lib/python3.8/site-packages/tensorflow/python/data/ops/from_generator_op.py", line 235, in generator_py_func
    raise TypeError(

TypeError: `generator` yielded an element of shape () where an element of shape (1,) was expected.


	 [[{{node PyFunc}}]]
	 [[IteratorGetNext]] [Op:__inference_train_function_5976]
[2024-11-30T08:36:08.393+0000] {taskinstance.py:1400} INFO - Marking task as UP_FOR_RETRY. dag_id=model_training_pipeline, task_id=train_model, execution_date=20241130T083419, start_date=20241130T083426, end_date=20241130T083608
[2024-11-30T08:36:08.411+0000] {standard_task_runner.py:104} ERROR - Failed to execute job 45 for task train_model (Graph execution error:

TypeError: `generator` yielded an element of shape () where an element of shape (1,) was expected.
Traceback (most recent call last):

  File "/home/airflow/.local/lib/python3.8/site-packages/tensorflow/python/ops/script_ops.py", line 268, in __call__
    ret = func(*args)

  File "/home/airflow/.local/lib/python3.8/site-packages/tensorflow/python/autograph/impl/api.py", line 643, in wrapper
    return func(*args, **kwargs)

  File "/home/airflow/.local/lib/python3.8/site-packages/tensorflow/python/data/ops/from_generator_op.py", line 235, in generator_py_func
    raise TypeError(

TypeError: `generator` yielded an element of shape () where an element of shape (1,) was expected.


	 [[{{node PyFunc}}]]
	 [[IteratorGetNext]] [Op:__inference_train_function_5976]; 111784)
[2024-11-30T08:36:08.514+0000] {local_task_job_runner.py:228} INFO - Task exited with return code 1
[2024-11-30T08:36:08.531+0000] {taskinstance.py:2784} INFO - 0 downstream tasks scheduled from follow-on schedule check
