[2024-11-26T23:15:03.032+0000] {processor.py:157} INFO - Started process (PID=251) to work on /opt/airflow/dags/eia_natural_gas_spot_prices_etl_pipeline_dag/eia_natural_gas_spot_prices_etl_pipeline_dag.py
[2024-11-26T23:15:03.034+0000] {processor.py:829} INFO - Processing file /opt/airflow/dags/eia_natural_gas_spot_prices_etl_pipeline_dag/eia_natural_gas_spot_prices_etl_pipeline_dag.py for tasks to queue
[2024-11-26T23:15:03.038+0000] {logging_mixin.py:151} INFO - [2024-11-26T23:15:03.038+0000] {dagbag.py:539} INFO - Filling up the DagBag from /opt/airflow/dags/eia_natural_gas_spot_prices_etl_pipeline_dag/eia_natural_gas_spot_prices_etl_pipeline_dag.py
[2024-11-26T23:15:05.482+0000] {processor.py:839} INFO - DAG(s) dict_keys(['natural_gas_spot_prices_etl_pipeline']) retrieved from /opt/airflow/dags/eia_natural_gas_spot_prices_etl_pipeline_dag/eia_natural_gas_spot_prices_etl_pipeline_dag.py
[2024-11-26T23:15:05.549+0000] {logging_mixin.py:151} INFO - [2024-11-26T23:15:05.547+0000] {dag.py:2907} INFO - Sync 1 DAGs
[2024-11-26T23:15:05.615+0000] {logging_mixin.py:151} INFO - [2024-11-26T23:15:05.614+0000] {dag.py:3677} INFO - Setting next_dagrun for natural_gas_spot_prices_etl_pipeline to 2024-11-10T00:00:00+00:00, run_after=2024-12-10T00:00:00+00:00
[2024-11-26T23:15:05.676+0000] {processor.py:179} INFO - Processing /opt/airflow/dags/eia_natural_gas_spot_prices_etl_pipeline_dag/eia_natural_gas_spot_prices_etl_pipeline_dag.py took 2.654 seconds
[2024-11-26T23:15:47.398+0000] {processor.py:157} INFO - Started process (PID=375) to work on /opt/airflow/dags/eia_natural_gas_spot_prices_etl_pipeline_dag/eia_natural_gas_spot_prices_etl_pipeline_dag.py
[2024-11-26T23:15:47.401+0000] {processor.py:829} INFO - Processing file /opt/airflow/dags/eia_natural_gas_spot_prices_etl_pipeline_dag/eia_natural_gas_spot_prices_etl_pipeline_dag.py for tasks to queue
[2024-11-26T23:15:47.405+0000] {logging_mixin.py:151} INFO - [2024-11-26T23:15:47.405+0000] {dagbag.py:539} INFO - Filling up the DagBag from /opt/airflow/dags/eia_natural_gas_spot_prices_etl_pipeline_dag/eia_natural_gas_spot_prices_etl_pipeline_dag.py
[2024-11-26T23:15:50.316+0000] {processor.py:839} INFO - DAG(s) dict_keys(['natural_gas_spot_prices_etl_pipeline']) retrieved from /opt/airflow/dags/eia_natural_gas_spot_prices_etl_pipeline_dag/eia_natural_gas_spot_prices_etl_pipeline_dag.py
[2024-11-26T23:15:50.368+0000] {logging_mixin.py:151} INFO - [2024-11-26T23:15:50.366+0000] {dag.py:2907} INFO - Sync 1 DAGs
[2024-11-26T23:15:50.417+0000] {logging_mixin.py:151} INFO - [2024-11-26T23:15:50.416+0000] {dag.py:3677} INFO - Setting next_dagrun for natural_gas_spot_prices_etl_pipeline to 2024-11-10T00:00:00+00:00, run_after=2024-12-10T00:00:00+00:00
[2024-11-26T23:15:50.470+0000] {processor.py:179} INFO - Processing /opt/airflow/dags/eia_natural_gas_spot_prices_etl_pipeline_dag/eia_natural_gas_spot_prices_etl_pipeline_dag.py took 3.079 seconds
[2024-11-26T23:16:28.092+0000] {processor.py:157} INFO - Started process (PID=511) to work on /opt/airflow/dags/eia_natural_gas_spot_prices_etl_pipeline_dag/eia_natural_gas_spot_prices_etl_pipeline_dag.py
[2024-11-26T23:16:28.094+0000] {processor.py:829} INFO - Processing file /opt/airflow/dags/eia_natural_gas_spot_prices_etl_pipeline_dag/eia_natural_gas_spot_prices_etl_pipeline_dag.py for tasks to queue
[2024-11-26T23:16:28.097+0000] {logging_mixin.py:151} INFO - [2024-11-26T23:16:28.097+0000] {dagbag.py:539} INFO - Filling up the DagBag from /opt/airflow/dags/eia_natural_gas_spot_prices_etl_pipeline_dag/eia_natural_gas_spot_prices_etl_pipeline_dag.py
[2024-11-26T23:16:30.337+0000] {processor.py:839} INFO - DAG(s) dict_keys(['natural_gas_spot_prices_etl_pipeline']) retrieved from /opt/airflow/dags/eia_natural_gas_spot_prices_etl_pipeline_dag/eia_natural_gas_spot_prices_etl_pipeline_dag.py
[2024-11-26T23:16:30.400+0000] {logging_mixin.py:151} INFO - [2024-11-26T23:16:30.399+0000] {dag.py:2907} INFO - Sync 1 DAGs
[2024-11-26T23:16:30.459+0000] {logging_mixin.py:151} INFO - [2024-11-26T23:16:30.458+0000] {dag.py:3677} INFO - Setting next_dagrun for natural_gas_spot_prices_etl_pipeline to 2024-11-10T00:00:00+00:00, run_after=2024-12-10T00:00:00+00:00
[2024-11-26T23:16:30.502+0000] {processor.py:179} INFO - Processing /opt/airflow/dags/eia_natural_gas_spot_prices_etl_pipeline_dag/eia_natural_gas_spot_prices_etl_pipeline_dag.py took 2.416 seconds
[2024-11-26T23:17:11.410+0000] {processor.py:157} INFO - Started process (PID=623) to work on /opt/airflow/dags/eia_natural_gas_spot_prices_etl_pipeline_dag/eia_natural_gas_spot_prices_etl_pipeline_dag.py
[2024-11-26T23:17:11.413+0000] {processor.py:829} INFO - Processing file /opt/airflow/dags/eia_natural_gas_spot_prices_etl_pipeline_dag/eia_natural_gas_spot_prices_etl_pipeline_dag.py for tasks to queue
[2024-11-26T23:17:11.418+0000] {logging_mixin.py:151} INFO - [2024-11-26T23:17:11.418+0000] {dagbag.py:539} INFO - Filling up the DagBag from /opt/airflow/dags/eia_natural_gas_spot_prices_etl_pipeline_dag/eia_natural_gas_spot_prices_etl_pipeline_dag.py
[2024-11-26T23:17:14.648+0000] {processor.py:839} INFO - DAG(s) dict_keys(['natural_gas_spot_prices_etl_pipeline']) retrieved from /opt/airflow/dags/eia_natural_gas_spot_prices_etl_pipeline_dag/eia_natural_gas_spot_prices_etl_pipeline_dag.py
[2024-11-26T23:17:14.706+0000] {logging_mixin.py:151} INFO - [2024-11-26T23:17:14.704+0000] {dag.py:2907} INFO - Sync 1 DAGs
[2024-11-26T23:17:14.779+0000] {logging_mixin.py:151} INFO - [2024-11-26T23:17:14.778+0000] {dag.py:3677} INFO - Setting next_dagrun for natural_gas_spot_prices_etl_pipeline to 2024-11-10T00:00:00+00:00, run_after=2024-12-10T00:00:00+00:00
[2024-11-26T23:17:14.838+0000] {processor.py:179} INFO - Processing /opt/airflow/dags/eia_natural_gas_spot_prices_etl_pipeline_dag/eia_natural_gas_spot_prices_etl_pipeline_dag.py took 3.435 seconds
[2024-11-26T23:17:49.862+0000] {processor.py:157} INFO - Started process (PID=748) to work on /opt/airflow/dags/eia_natural_gas_spot_prices_etl_pipeline_dag/eia_natural_gas_spot_prices_etl_pipeline_dag.py
[2024-11-26T23:17:49.865+0000] {processor.py:829} INFO - Processing file /opt/airflow/dags/eia_natural_gas_spot_prices_etl_pipeline_dag/eia_natural_gas_spot_prices_etl_pipeline_dag.py for tasks to queue
[2024-11-26T23:17:49.869+0000] {logging_mixin.py:151} INFO - [2024-11-26T23:17:49.868+0000] {dagbag.py:539} INFO - Filling up the DagBag from /opt/airflow/dags/eia_natural_gas_spot_prices_etl_pipeline_dag/eia_natural_gas_spot_prices_etl_pipeline_dag.py
[2024-11-26T23:17:51.945+0000] {processor.py:839} INFO - DAG(s) dict_keys(['natural_gas_spot_prices_etl_pipeline']) retrieved from /opt/airflow/dags/eia_natural_gas_spot_prices_etl_pipeline_dag/eia_natural_gas_spot_prices_etl_pipeline_dag.py
[2024-11-26T23:17:51.995+0000] {logging_mixin.py:151} INFO - [2024-11-26T23:17:51.994+0000] {dag.py:2907} INFO - Sync 1 DAGs
[2024-11-26T23:17:52.038+0000] {logging_mixin.py:151} INFO - [2024-11-26T23:17:52.038+0000] {dag.py:3677} INFO - Setting next_dagrun for natural_gas_spot_prices_etl_pipeline to 2024-11-10T00:00:00+00:00, run_after=2024-12-10T00:00:00+00:00
[2024-11-26T23:17:52.081+0000] {processor.py:179} INFO - Processing /opt/airflow/dags/eia_natural_gas_spot_prices_etl_pipeline_dag/eia_natural_gas_spot_prices_etl_pipeline_dag.py took 2.225 seconds
[2024-11-26T23:18:34.899+0000] {processor.py:157} INFO - Started process (PID=872) to work on /opt/airflow/dags/eia_natural_gas_spot_prices_etl_pipeline_dag/eia_natural_gas_spot_prices_etl_pipeline_dag.py
[2024-11-26T23:18:34.901+0000] {processor.py:829} INFO - Processing file /opt/airflow/dags/eia_natural_gas_spot_prices_etl_pipeline_dag/eia_natural_gas_spot_prices_etl_pipeline_dag.py for tasks to queue
[2024-11-26T23:18:34.906+0000] {logging_mixin.py:151} INFO - [2024-11-26T23:18:34.905+0000] {dagbag.py:539} INFO - Filling up the DagBag from /opt/airflow/dags/eia_natural_gas_spot_prices_etl_pipeline_dag/eia_natural_gas_spot_prices_etl_pipeline_dag.py
[2024-11-26T23:18:37.269+0000] {processor.py:839} INFO - DAG(s) dict_keys(['natural_gas_spot_prices_etl_pipeline']) retrieved from /opt/airflow/dags/eia_natural_gas_spot_prices_etl_pipeline_dag/eia_natural_gas_spot_prices_etl_pipeline_dag.py
[2024-11-26T23:18:37.317+0000] {logging_mixin.py:151} INFO - [2024-11-26T23:18:37.316+0000] {dag.py:2907} INFO - Sync 1 DAGs
[2024-11-26T23:18:37.374+0000] {logging_mixin.py:151} INFO - [2024-11-26T23:18:37.374+0000] {dag.py:3677} INFO - Setting next_dagrun for natural_gas_spot_prices_etl_pipeline to 2024-11-10T00:00:00+00:00, run_after=2024-12-10T00:00:00+00:00
[2024-11-26T23:18:37.413+0000] {processor.py:179} INFO - Processing /opt/airflow/dags/eia_natural_gas_spot_prices_etl_pipeline_dag/eia_natural_gas_spot_prices_etl_pipeline_dag.py took 2.514 seconds
[2024-11-26T23:19:11.711+0000] {processor.py:157} INFO - Started process (PID=996) to work on /opt/airflow/dags/eia_natural_gas_spot_prices_etl_pipeline_dag/eia_natural_gas_spot_prices_etl_pipeline_dag.py
[2024-11-26T23:19:11.713+0000] {processor.py:829} INFO - Processing file /opt/airflow/dags/eia_natural_gas_spot_prices_etl_pipeline_dag/eia_natural_gas_spot_prices_etl_pipeline_dag.py for tasks to queue
[2024-11-26T23:19:11.716+0000] {logging_mixin.py:151} INFO - [2024-11-26T23:19:11.716+0000] {dagbag.py:539} INFO - Filling up the DagBag from /opt/airflow/dags/eia_natural_gas_spot_prices_etl_pipeline_dag/eia_natural_gas_spot_prices_etl_pipeline_dag.py
[2024-11-26T23:19:13.720+0000] {processor.py:839} INFO - DAG(s) dict_keys(['natural_gas_spot_prices_etl_pipeline']) retrieved from /opt/airflow/dags/eia_natural_gas_spot_prices_etl_pipeline_dag/eia_natural_gas_spot_prices_etl_pipeline_dag.py
[2024-11-26T23:19:13.770+0000] {logging_mixin.py:151} INFO - [2024-11-26T23:19:13.769+0000] {dag.py:2907} INFO - Sync 1 DAGs
[2024-11-26T23:19:13.819+0000] {logging_mixin.py:151} INFO - [2024-11-26T23:19:13.819+0000] {dag.py:3677} INFO - Setting next_dagrun for natural_gas_spot_prices_etl_pipeline to 2024-11-10T00:00:00+00:00, run_after=2024-12-10T00:00:00+00:00
[2024-11-26T23:19:13.858+0000] {processor.py:179} INFO - Processing /opt/airflow/dags/eia_natural_gas_spot_prices_etl_pipeline_dag/eia_natural_gas_spot_prices_etl_pipeline_dag.py took 2.152 seconds
[2024-11-26T23:19:49.256+0000] {processor.py:157} INFO - Started process (PID=1119) to work on /opt/airflow/dags/eia_natural_gas_spot_prices_etl_pipeline_dag/eia_natural_gas_spot_prices_etl_pipeline_dag.py
[2024-11-26T23:19:49.258+0000] {processor.py:829} INFO - Processing file /opt/airflow/dags/eia_natural_gas_spot_prices_etl_pipeline_dag/eia_natural_gas_spot_prices_etl_pipeline_dag.py for tasks to queue
[2024-11-26T23:19:49.262+0000] {logging_mixin.py:151} INFO - [2024-11-26T23:19:49.261+0000] {dagbag.py:539} INFO - Filling up the DagBag from /opt/airflow/dags/eia_natural_gas_spot_prices_etl_pipeline_dag/eia_natural_gas_spot_prices_etl_pipeline_dag.py
[2024-11-26T23:19:51.062+0000] {processor.py:839} INFO - DAG(s) dict_keys(['natural_gas_spot_prices_etl_pipeline']) retrieved from /opt/airflow/dags/eia_natural_gas_spot_prices_etl_pipeline_dag/eia_natural_gas_spot_prices_etl_pipeline_dag.py
[2024-11-26T23:19:51.112+0000] {logging_mixin.py:151} INFO - [2024-11-26T23:19:51.111+0000] {dag.py:2907} INFO - Sync 1 DAGs
[2024-11-26T23:19:51.158+0000] {logging_mixin.py:151} INFO - [2024-11-26T23:19:51.158+0000] {dag.py:3677} INFO - Setting next_dagrun for natural_gas_spot_prices_etl_pipeline to 2024-11-10T00:00:00+00:00, run_after=2024-12-10T00:00:00+00:00
[2024-11-26T23:19:51.201+0000] {processor.py:179} INFO - Processing /opt/airflow/dags/eia_natural_gas_spot_prices_etl_pipeline_dag/eia_natural_gas_spot_prices_etl_pipeline_dag.py took 1.949 seconds
[2024-11-26T23:20:26.927+0000] {processor.py:157} INFO - Started process (PID=1244) to work on /opt/airflow/dags/eia_natural_gas_spot_prices_etl_pipeline_dag/eia_natural_gas_spot_prices_etl_pipeline_dag.py
[2024-11-26T23:20:26.929+0000] {processor.py:829} INFO - Processing file /opt/airflow/dags/eia_natural_gas_spot_prices_etl_pipeline_dag/eia_natural_gas_spot_prices_etl_pipeline_dag.py for tasks to queue
[2024-11-26T23:20:26.932+0000] {logging_mixin.py:151} INFO - [2024-11-26T23:20:26.931+0000] {dagbag.py:539} INFO - Filling up the DagBag from /opt/airflow/dags/eia_natural_gas_spot_prices_etl_pipeline_dag/eia_natural_gas_spot_prices_etl_pipeline_dag.py
[2024-11-26T23:20:28.791+0000] {processor.py:839} INFO - DAG(s) dict_keys(['natural_gas_spot_prices_etl_pipeline']) retrieved from /opt/airflow/dags/eia_natural_gas_spot_prices_etl_pipeline_dag/eia_natural_gas_spot_prices_etl_pipeline_dag.py
[2024-11-26T23:20:28.832+0000] {logging_mixin.py:151} INFO - [2024-11-26T23:20:28.831+0000] {dag.py:2907} INFO - Sync 1 DAGs
[2024-11-26T23:20:28.872+0000] {logging_mixin.py:151} INFO - [2024-11-26T23:20:28.872+0000] {dag.py:3677} INFO - Setting next_dagrun for natural_gas_spot_prices_etl_pipeline to 2024-11-10T00:00:00+00:00, run_after=2024-12-10T00:00:00+00:00
[2024-11-26T23:20:28.913+0000] {processor.py:179} INFO - Processing /opt/airflow/dags/eia_natural_gas_spot_prices_etl_pipeline_dag/eia_natural_gas_spot_prices_etl_pipeline_dag.py took 1.994 seconds
[2024-11-26T23:21:05.523+0000] {processor.py:157} INFO - Started process (PID=1368) to work on /opt/airflow/dags/eia_natural_gas_spot_prices_etl_pipeline_dag/eia_natural_gas_spot_prices_etl_pipeline_dag.py
[2024-11-26T23:21:05.524+0000] {processor.py:829} INFO - Processing file /opt/airflow/dags/eia_natural_gas_spot_prices_etl_pipeline_dag/eia_natural_gas_spot_prices_etl_pipeline_dag.py for tasks to queue
[2024-11-26T23:21:05.527+0000] {logging_mixin.py:151} INFO - [2024-11-26T23:21:05.527+0000] {dagbag.py:539} INFO - Filling up the DagBag from /opt/airflow/dags/eia_natural_gas_spot_prices_etl_pipeline_dag/eia_natural_gas_spot_prices_etl_pipeline_dag.py
[2024-11-26T23:21:07.319+0000] {processor.py:839} INFO - DAG(s) dict_keys(['natural_gas_spot_prices_etl_pipeline']) retrieved from /opt/airflow/dags/eia_natural_gas_spot_prices_etl_pipeline_dag/eia_natural_gas_spot_prices_etl_pipeline_dag.py
[2024-11-26T23:21:07.367+0000] {logging_mixin.py:151} INFO - [2024-11-26T23:21:07.366+0000] {dag.py:2907} INFO - Sync 1 DAGs
[2024-11-26T23:21:07.416+0000] {logging_mixin.py:151} INFO - [2024-11-26T23:21:07.415+0000] {dag.py:3677} INFO - Setting next_dagrun for natural_gas_spot_prices_etl_pipeline to 2024-11-10T00:00:00+00:00, run_after=2024-12-10T00:00:00+00:00
[2024-11-26T23:21:07.452+0000] {processor.py:179} INFO - Processing /opt/airflow/dags/eia_natural_gas_spot_prices_etl_pipeline_dag/eia_natural_gas_spot_prices_etl_pipeline_dag.py took 1.934 seconds
[2024-11-26T23:21:43.295+0000] {processor.py:157} INFO - Started process (PID=1492) to work on /opt/airflow/dags/eia_natural_gas_spot_prices_etl_pipeline_dag/eia_natural_gas_spot_prices_etl_pipeline_dag.py
[2024-11-26T23:21:43.297+0000] {processor.py:829} INFO - Processing file /opt/airflow/dags/eia_natural_gas_spot_prices_etl_pipeline_dag/eia_natural_gas_spot_prices_etl_pipeline_dag.py for tasks to queue
[2024-11-26T23:21:43.304+0000] {logging_mixin.py:151} INFO - [2024-11-26T23:21:43.303+0000] {dagbag.py:539} INFO - Filling up the DagBag from /opt/airflow/dags/eia_natural_gas_spot_prices_etl_pipeline_dag/eia_natural_gas_spot_prices_etl_pipeline_dag.py
[2024-11-26T23:21:45.238+0000] {processor.py:839} INFO - DAG(s) dict_keys(['natural_gas_spot_prices_etl_pipeline']) retrieved from /opt/airflow/dags/eia_natural_gas_spot_prices_etl_pipeline_dag/eia_natural_gas_spot_prices_etl_pipeline_dag.py
[2024-11-26T23:21:45.286+0000] {logging_mixin.py:151} INFO - [2024-11-26T23:21:45.283+0000] {dag.py:2907} INFO - Sync 1 DAGs
[2024-11-26T23:21:45.335+0000] {logging_mixin.py:151} INFO - [2024-11-26T23:21:45.335+0000] {dag.py:3677} INFO - Setting next_dagrun for natural_gas_spot_prices_etl_pipeline to 2024-11-10T00:00:00+00:00, run_after=2024-12-10T00:00:00+00:00
[2024-11-26T23:21:45.382+0000] {processor.py:179} INFO - Processing /opt/airflow/dags/eia_natural_gas_spot_prices_etl_pipeline_dag/eia_natural_gas_spot_prices_etl_pipeline_dag.py took 2.092 seconds
[2024-11-26T23:22:20.184+0000] {processor.py:157} INFO - Started process (PID=1616) to work on /opt/airflow/dags/eia_natural_gas_spot_prices_etl_pipeline_dag/eia_natural_gas_spot_prices_etl_pipeline_dag.py
[2024-11-26T23:22:20.185+0000] {processor.py:829} INFO - Processing file /opt/airflow/dags/eia_natural_gas_spot_prices_etl_pipeline_dag/eia_natural_gas_spot_prices_etl_pipeline_dag.py for tasks to queue
[2024-11-26T23:22:20.189+0000] {logging_mixin.py:151} INFO - [2024-11-26T23:22:20.188+0000] {dagbag.py:539} INFO - Filling up the DagBag from /opt/airflow/dags/eia_natural_gas_spot_prices_etl_pipeline_dag/eia_natural_gas_spot_prices_etl_pipeline_dag.py
[2024-11-26T23:22:22.044+0000] {processor.py:839} INFO - DAG(s) dict_keys(['natural_gas_spot_prices_etl_pipeline']) retrieved from /opt/airflow/dags/eia_natural_gas_spot_prices_etl_pipeline_dag/eia_natural_gas_spot_prices_etl_pipeline_dag.py
[2024-11-26T23:22:22.085+0000] {logging_mixin.py:151} INFO - [2024-11-26T23:22:22.084+0000] {dag.py:2907} INFO - Sync 1 DAGs
[2024-11-26T23:22:22.126+0000] {logging_mixin.py:151} INFO - [2024-11-26T23:22:22.125+0000] {dag.py:3677} INFO - Setting next_dagrun for natural_gas_spot_prices_etl_pipeline to 2024-11-10T00:00:00+00:00, run_after=2024-12-10T00:00:00+00:00
[2024-11-26T23:22:22.159+0000] {processor.py:179} INFO - Processing /opt/airflow/dags/eia_natural_gas_spot_prices_etl_pipeline_dag/eia_natural_gas_spot_prices_etl_pipeline_dag.py took 1.980 seconds
[2024-11-26T23:23:04.901+0000] {processor.py:157} INFO - Started process (PID=1739) to work on /opt/airflow/dags/eia_natural_gas_spot_prices_etl_pipeline_dag/eia_natural_gas_spot_prices_etl_pipeline_dag.py
[2024-11-26T23:23:04.903+0000] {processor.py:829} INFO - Processing file /opt/airflow/dags/eia_natural_gas_spot_prices_etl_pipeline_dag/eia_natural_gas_spot_prices_etl_pipeline_dag.py for tasks to queue
[2024-11-26T23:23:04.906+0000] {logging_mixin.py:151} INFO - [2024-11-26T23:23:04.906+0000] {dagbag.py:539} INFO - Filling up the DagBag from /opt/airflow/dags/eia_natural_gas_spot_prices_etl_pipeline_dag/eia_natural_gas_spot_prices_etl_pipeline_dag.py
[2024-11-26T23:23:06.748+0000] {processor.py:839} INFO - DAG(s) dict_keys(['natural_gas_spot_prices_etl_pipeline']) retrieved from /opt/airflow/dags/eia_natural_gas_spot_prices_etl_pipeline_dag/eia_natural_gas_spot_prices_etl_pipeline_dag.py
[2024-11-26T23:23:06.790+0000] {logging_mixin.py:151} INFO - [2024-11-26T23:23:06.789+0000] {dag.py:2907} INFO - Sync 1 DAGs
[2024-11-26T23:23:06.827+0000] {logging_mixin.py:151} INFO - [2024-11-26T23:23:06.827+0000] {dag.py:3677} INFO - Setting next_dagrun for natural_gas_spot_prices_etl_pipeline to 2024-11-10T00:00:00+00:00, run_after=2024-12-10T00:00:00+00:00
[2024-11-26T23:23:06.866+0000] {processor.py:179} INFO - Processing /opt/airflow/dags/eia_natural_gas_spot_prices_etl_pipeline_dag/eia_natural_gas_spot_prices_etl_pipeline_dag.py took 1.970 seconds
[2024-11-26T23:23:39.829+0000] {processor.py:157} INFO - Started process (PID=1863) to work on /opt/airflow/dags/eia_natural_gas_spot_prices_etl_pipeline_dag/eia_natural_gas_spot_prices_etl_pipeline_dag.py
[2024-11-26T23:23:39.830+0000] {processor.py:829} INFO - Processing file /opt/airflow/dags/eia_natural_gas_spot_prices_etl_pipeline_dag/eia_natural_gas_spot_prices_etl_pipeline_dag.py for tasks to queue
[2024-11-26T23:23:39.832+0000] {logging_mixin.py:151} INFO - [2024-11-26T23:23:39.832+0000] {dagbag.py:539} INFO - Filling up the DagBag from /opt/airflow/dags/eia_natural_gas_spot_prices_etl_pipeline_dag/eia_natural_gas_spot_prices_etl_pipeline_dag.py
[2024-11-26T23:23:40.792+0000] {processor.py:839} INFO - DAG(s) dict_keys(['natural_gas_spot_prices_etl_pipeline']) retrieved from /opt/airflow/dags/eia_natural_gas_spot_prices_etl_pipeline_dag/eia_natural_gas_spot_prices_etl_pipeline_dag.py
[2024-11-26T23:23:40.813+0000] {logging_mixin.py:151} INFO - [2024-11-26T23:23:40.812+0000] {dag.py:2907} INFO - Sync 1 DAGs
[2024-11-26T23:23:40.834+0000] {logging_mixin.py:151} INFO - [2024-11-26T23:23:40.834+0000] {dag.py:3677} INFO - Setting next_dagrun for natural_gas_spot_prices_etl_pipeline to 2024-11-10T00:00:00+00:00, run_after=2024-12-10T00:00:00+00:00
[2024-11-26T23:23:40.852+0000] {processor.py:179} INFO - Processing /opt/airflow/dags/eia_natural_gas_spot_prices_etl_pipeline_dag/eia_natural_gas_spot_prices_etl_pipeline_dag.py took 1.026 seconds
[2024-11-26T23:24:13.678+0000] {processor.py:157} INFO - Started process (PID=1987) to work on /opt/airflow/dags/eia_natural_gas_spot_prices_etl_pipeline_dag/eia_natural_gas_spot_prices_etl_pipeline_dag.py
[2024-11-26T23:24:13.679+0000] {processor.py:829} INFO - Processing file /opt/airflow/dags/eia_natural_gas_spot_prices_etl_pipeline_dag/eia_natural_gas_spot_prices_etl_pipeline_dag.py for tasks to queue
[2024-11-26T23:24:13.680+0000] {logging_mixin.py:151} INFO - [2024-11-26T23:24:13.680+0000] {dagbag.py:539} INFO - Filling up the DagBag from /opt/airflow/dags/eia_natural_gas_spot_prices_etl_pipeline_dag/eia_natural_gas_spot_prices_etl_pipeline_dag.py
[2024-11-26T23:24:14.546+0000] {processor.py:839} INFO - DAG(s) dict_keys(['natural_gas_spot_prices_etl_pipeline']) retrieved from /opt/airflow/dags/eia_natural_gas_spot_prices_etl_pipeline_dag/eia_natural_gas_spot_prices_etl_pipeline_dag.py
[2024-11-26T23:24:14.568+0000] {logging_mixin.py:151} INFO - [2024-11-26T23:24:14.566+0000] {dag.py:2907} INFO - Sync 1 DAGs
[2024-11-26T23:24:14.590+0000] {logging_mixin.py:151} INFO - [2024-11-26T23:24:14.589+0000] {dag.py:3677} INFO - Setting next_dagrun for natural_gas_spot_prices_etl_pipeline to 2024-11-10T00:00:00+00:00, run_after=2024-12-10T00:00:00+00:00
[2024-11-26T23:24:14.608+0000] {processor.py:179} INFO - Processing /opt/airflow/dags/eia_natural_gas_spot_prices_etl_pipeline_dag/eia_natural_gas_spot_prices_etl_pipeline_dag.py took 0.934 seconds
[2024-11-26T23:24:49.309+0000] {processor.py:157} INFO - Started process (PID=2123) to work on /opt/airflow/dags/eia_natural_gas_spot_prices_etl_pipeline_dag/eia_natural_gas_spot_prices_etl_pipeline_dag.py
[2024-11-26T23:24:49.309+0000] {processor.py:829} INFO - Processing file /opt/airflow/dags/eia_natural_gas_spot_prices_etl_pipeline_dag/eia_natural_gas_spot_prices_etl_pipeline_dag.py for tasks to queue
[2024-11-26T23:24:49.311+0000] {logging_mixin.py:151} INFO - [2024-11-26T23:24:49.311+0000] {dagbag.py:539} INFO - Filling up the DagBag from /opt/airflow/dags/eia_natural_gas_spot_prices_etl_pipeline_dag/eia_natural_gas_spot_prices_etl_pipeline_dag.py
[2024-11-26T23:24:50.313+0000] {processor.py:839} INFO - DAG(s) dict_keys(['natural_gas_spot_prices_etl_pipeline']) retrieved from /opt/airflow/dags/eia_natural_gas_spot_prices_etl_pipeline_dag/eia_natural_gas_spot_prices_etl_pipeline_dag.py
[2024-11-26T23:24:50.334+0000] {logging_mixin.py:151} INFO - [2024-11-26T23:24:50.333+0000] {dag.py:2907} INFO - Sync 1 DAGs
[2024-11-26T23:24:50.355+0000] {logging_mixin.py:151} INFO - [2024-11-26T23:24:50.355+0000] {dag.py:3677} INFO - Setting next_dagrun for natural_gas_spot_prices_etl_pipeline to 2024-11-10T00:00:00+00:00, run_after=2024-12-10T00:00:00+00:00
[2024-11-26T23:24:50.375+0000] {processor.py:179} INFO - Processing /opt/airflow/dags/eia_natural_gas_spot_prices_etl_pipeline_dag/eia_natural_gas_spot_prices_etl_pipeline_dag.py took 1.069 seconds
[2024-11-26T23:25:21.828+0000] {processor.py:157} INFO - Started process (PID=2240) to work on /opt/airflow/dags/eia_natural_gas_spot_prices_etl_pipeline_dag/eia_natural_gas_spot_prices_etl_pipeline_dag.py
[2024-11-26T23:25:21.829+0000] {processor.py:829} INFO - Processing file /opt/airflow/dags/eia_natural_gas_spot_prices_etl_pipeline_dag/eia_natural_gas_spot_prices_etl_pipeline_dag.py for tasks to queue
[2024-11-26T23:25:21.830+0000] {logging_mixin.py:151} INFO - [2024-11-26T23:25:21.830+0000] {dagbag.py:539} INFO - Filling up the DagBag from /opt/airflow/dags/eia_natural_gas_spot_prices_etl_pipeline_dag/eia_natural_gas_spot_prices_etl_pipeline_dag.py
[2024-11-26T23:25:22.706+0000] {processor.py:839} INFO - DAG(s) dict_keys(['natural_gas_spot_prices_etl_pipeline']) retrieved from /opt/airflow/dags/eia_natural_gas_spot_prices_etl_pipeline_dag/eia_natural_gas_spot_prices_etl_pipeline_dag.py
[2024-11-26T23:25:22.725+0000] {logging_mixin.py:151} INFO - [2024-11-26T23:25:22.724+0000] {dag.py:2907} INFO - Sync 1 DAGs
[2024-11-26T23:25:22.742+0000] {logging_mixin.py:151} INFO - [2024-11-26T23:25:22.742+0000] {dag.py:3677} INFO - Setting next_dagrun for natural_gas_spot_prices_etl_pipeline to 2024-11-10T00:00:00+00:00, run_after=2024-12-10T00:00:00+00:00
[2024-11-26T23:25:22.762+0000] {processor.py:179} INFO - Processing /opt/airflow/dags/eia_natural_gas_spot_prices_etl_pipeline_dag/eia_natural_gas_spot_prices_etl_pipeline_dag.py took 0.936 seconds
[2024-11-26T23:25:55.738+0000] {processor.py:157} INFO - Started process (PID=2364) to work on /opt/airflow/dags/eia_natural_gas_spot_prices_etl_pipeline_dag/eia_natural_gas_spot_prices_etl_pipeline_dag.py
[2024-11-26T23:25:55.739+0000] {processor.py:829} INFO - Processing file /opt/airflow/dags/eia_natural_gas_spot_prices_etl_pipeline_dag/eia_natural_gas_spot_prices_etl_pipeline_dag.py for tasks to queue
[2024-11-26T23:25:55.741+0000] {logging_mixin.py:151} INFO - [2024-11-26T23:25:55.741+0000] {dagbag.py:539} INFO - Filling up the DagBag from /opt/airflow/dags/eia_natural_gas_spot_prices_etl_pipeline_dag/eia_natural_gas_spot_prices_etl_pipeline_dag.py
[2024-11-26T23:25:56.671+0000] {processor.py:839} INFO - DAG(s) dict_keys(['natural_gas_spot_prices_etl_pipeline']) retrieved from /opt/airflow/dags/eia_natural_gas_spot_prices_etl_pipeline_dag/eia_natural_gas_spot_prices_etl_pipeline_dag.py
[2024-11-26T23:25:56.692+0000] {logging_mixin.py:151} INFO - [2024-11-26T23:25:56.691+0000] {dag.py:2907} INFO - Sync 1 DAGs
[2024-11-26T23:25:56.711+0000] {logging_mixin.py:151} INFO - [2024-11-26T23:25:56.711+0000] {dag.py:3677} INFO - Setting next_dagrun for natural_gas_spot_prices_etl_pipeline to 2024-11-10T00:00:00+00:00, run_after=2024-12-10T00:00:00+00:00
[2024-11-26T23:25:56.737+0000] {processor.py:179} INFO - Processing /opt/airflow/dags/eia_natural_gas_spot_prices_etl_pipeline_dag/eia_natural_gas_spot_prices_etl_pipeline_dag.py took 1.002 seconds
[2024-11-26T23:26:29.209+0000] {processor.py:157} INFO - Started process (PID=2488) to work on /opt/airflow/dags/eia_natural_gas_spot_prices_etl_pipeline_dag/eia_natural_gas_spot_prices_etl_pipeline_dag.py
[2024-11-26T23:26:29.210+0000] {processor.py:829} INFO - Processing file /opt/airflow/dags/eia_natural_gas_spot_prices_etl_pipeline_dag/eia_natural_gas_spot_prices_etl_pipeline_dag.py for tasks to queue
[2024-11-26T23:26:29.212+0000] {logging_mixin.py:151} INFO - [2024-11-26T23:26:29.212+0000] {dagbag.py:539} INFO - Filling up the DagBag from /opt/airflow/dags/eia_natural_gas_spot_prices_etl_pipeline_dag/eia_natural_gas_spot_prices_etl_pipeline_dag.py
[2024-11-26T23:26:30.038+0000] {processor.py:839} INFO - DAG(s) dict_keys(['natural_gas_spot_prices_etl_pipeline']) retrieved from /opt/airflow/dags/eia_natural_gas_spot_prices_etl_pipeline_dag/eia_natural_gas_spot_prices_etl_pipeline_dag.py
[2024-11-26T23:26:30.057+0000] {logging_mixin.py:151} INFO - [2024-11-26T23:26:30.056+0000] {dag.py:2907} INFO - Sync 1 DAGs
[2024-11-26T23:26:30.074+0000] {logging_mixin.py:151} INFO - [2024-11-26T23:26:30.074+0000] {dag.py:3677} INFO - Setting next_dagrun for natural_gas_spot_prices_etl_pipeline to 2024-11-10T00:00:00+00:00, run_after=2024-12-10T00:00:00+00:00
[2024-11-26T23:26:30.091+0000] {processor.py:179} INFO - Processing /opt/airflow/dags/eia_natural_gas_spot_prices_etl_pipeline_dag/eia_natural_gas_spot_prices_etl_pipeline_dag.py took 0.885 seconds
[2024-11-26T23:27:02.356+0000] {processor.py:157} INFO - Started process (PID=2613) to work on /opt/airflow/dags/eia_natural_gas_spot_prices_etl_pipeline_dag/eia_natural_gas_spot_prices_etl_pipeline_dag.py
[2024-11-26T23:27:02.357+0000] {processor.py:829} INFO - Processing file /opt/airflow/dags/eia_natural_gas_spot_prices_etl_pipeline_dag/eia_natural_gas_spot_prices_etl_pipeline_dag.py for tasks to queue
[2024-11-26T23:27:02.359+0000] {logging_mixin.py:151} INFO - [2024-11-26T23:27:02.359+0000] {dagbag.py:539} INFO - Filling up the DagBag from /opt/airflow/dags/eia_natural_gas_spot_prices_etl_pipeline_dag/eia_natural_gas_spot_prices_etl_pipeline_dag.py
[2024-11-26T23:27:03.196+0000] {processor.py:839} INFO - DAG(s) dict_keys(['natural_gas_spot_prices_etl_pipeline']) retrieved from /opt/airflow/dags/eia_natural_gas_spot_prices_etl_pipeline_dag/eia_natural_gas_spot_prices_etl_pipeline_dag.py
[2024-11-26T23:27:03.215+0000] {logging_mixin.py:151} INFO - [2024-11-26T23:27:03.214+0000] {dag.py:2907} INFO - Sync 1 DAGs
[2024-11-26T23:27:03.231+0000] {logging_mixin.py:151} INFO - [2024-11-26T23:27:03.231+0000] {dag.py:3677} INFO - Setting next_dagrun for natural_gas_spot_prices_etl_pipeline to 2024-11-10T00:00:00+00:00, run_after=2024-12-10T00:00:00+00:00
[2024-11-26T23:27:03.247+0000] {processor.py:179} INFO - Processing /opt/airflow/dags/eia_natural_gas_spot_prices_etl_pipeline_dag/eia_natural_gas_spot_prices_etl_pipeline_dag.py took 0.894 seconds
[2024-11-26T23:27:38.676+0000] {processor.py:157} INFO - Started process (PID=2748) to work on /opt/airflow/dags/eia_natural_gas_spot_prices_etl_pipeline_dag/eia_natural_gas_spot_prices_etl_pipeline_dag.py
[2024-11-26T23:27:38.677+0000] {processor.py:829} INFO - Processing file /opt/airflow/dags/eia_natural_gas_spot_prices_etl_pipeline_dag/eia_natural_gas_spot_prices_etl_pipeline_dag.py for tasks to queue
[2024-11-26T23:27:38.680+0000] {logging_mixin.py:151} INFO - [2024-11-26T23:27:38.680+0000] {dagbag.py:539} INFO - Filling up the DagBag from /opt/airflow/dags/eia_natural_gas_spot_prices_etl_pipeline_dag/eia_natural_gas_spot_prices_etl_pipeline_dag.py
[2024-11-26T23:27:40.561+0000] {processor.py:839} INFO - DAG(s) dict_keys(['natural_gas_spot_prices_etl_pipeline']) retrieved from /opt/airflow/dags/eia_natural_gas_spot_prices_etl_pipeline_dag/eia_natural_gas_spot_prices_etl_pipeline_dag.py
[2024-11-26T23:27:40.645+0000] {logging_mixin.py:151} INFO - [2024-11-26T23:27:40.644+0000] {dag.py:2907} INFO - Sync 1 DAGs
[2024-11-26T23:27:40.680+0000] {logging_mixin.py:151} INFO - [2024-11-26T23:27:40.680+0000] {dag.py:3677} INFO - Setting next_dagrun for natural_gas_spot_prices_etl_pipeline to 2024-11-10T00:00:00+00:00, run_after=2024-12-10T00:00:00+00:00
[2024-11-26T23:27:40.712+0000] {processor.py:179} INFO - Processing /opt/airflow/dags/eia_natural_gas_spot_prices_etl_pipeline_dag/eia_natural_gas_spot_prices_etl_pipeline_dag.py took 2.040 seconds
[2024-11-26T23:28:11.145+0000] {processor.py:157} INFO - Started process (PID=2872) to work on /opt/airflow/dags/eia_natural_gas_spot_prices_etl_pipeline_dag/eia_natural_gas_spot_prices_etl_pipeline_dag.py
[2024-11-26T23:28:11.146+0000] {processor.py:829} INFO - Processing file /opt/airflow/dags/eia_natural_gas_spot_prices_etl_pipeline_dag/eia_natural_gas_spot_prices_etl_pipeline_dag.py for tasks to queue
[2024-11-26T23:28:11.148+0000] {logging_mixin.py:151} INFO - [2024-11-26T23:28:11.147+0000] {dagbag.py:539} INFO - Filling up the DagBag from /opt/airflow/dags/eia_natural_gas_spot_prices_etl_pipeline_dag/eia_natural_gas_spot_prices_etl_pipeline_dag.py
[2024-11-26T23:28:11.969+0000] {processor.py:839} INFO - DAG(s) dict_keys(['natural_gas_spot_prices_etl_pipeline']) retrieved from /opt/airflow/dags/eia_natural_gas_spot_prices_etl_pipeline_dag/eia_natural_gas_spot_prices_etl_pipeline_dag.py
[2024-11-26T23:28:11.987+0000] {logging_mixin.py:151} INFO - [2024-11-26T23:28:11.987+0000] {dag.py:2907} INFO - Sync 1 DAGs
[2024-11-26T23:28:12.005+0000] {logging_mixin.py:151} INFO - [2024-11-26T23:28:12.005+0000] {dag.py:3677} INFO - Setting next_dagrun for natural_gas_spot_prices_etl_pipeline to 2024-11-10T00:00:00+00:00, run_after=2024-12-10T00:00:00+00:00
[2024-11-26T23:28:12.023+0000] {processor.py:179} INFO - Processing /opt/airflow/dags/eia_natural_gas_spot_prices_etl_pipeline_dag/eia_natural_gas_spot_prices_etl_pipeline_dag.py took 0.880 seconds
