[2024-11-26T23:15:00.277+0000] {processor.py:157} INFO - Started process (PID=207) to work on /opt/airflow/dags/eia_natural_gas_rigs_in_operation_etl_pipeline_dag/eia_natural_gas_rigs_in_operation_etl_pipeline_dag.py
[2024-11-26T23:15:00.280+0000] {processor.py:829} INFO - Processing file /opt/airflow/dags/eia_natural_gas_rigs_in_operation_etl_pipeline_dag/eia_natural_gas_rigs_in_operation_etl_pipeline_dag.py for tasks to queue
[2024-11-26T23:15:00.283+0000] {logging_mixin.py:151} INFO - [2024-11-26T23:15:00.283+0000] {dagbag.py:539} INFO - Filling up the DagBag from /opt/airflow/dags/eia_natural_gas_rigs_in_operation_etl_pipeline_dag/eia_natural_gas_rigs_in_operation_etl_pipeline_dag.py
[2024-11-26T23:15:02.569+0000] {processor.py:839} INFO - DAG(s) dict_keys(['natural_gas_rigs_in_operation_etl_pipeline']) retrieved from /opt/airflow/dags/eia_natural_gas_rigs_in_operation_etl_pipeline_dag/eia_natural_gas_rigs_in_operation_etl_pipeline_dag.py
[2024-11-26T23:15:02.620+0000] {logging_mixin.py:151} INFO - [2024-11-26T23:15:02.619+0000] {dag.py:2907} INFO - Sync 1 DAGs
[2024-11-26T23:15:02.669+0000] {logging_mixin.py:151} INFO - [2024-11-26T23:15:02.668+0000] {dag.py:3677} INFO - Setting next_dagrun for natural_gas_rigs_in_operation_etl_pipeline to 2024-11-10T00:00:00+00:00, run_after=2024-12-10T00:00:00+00:00
[2024-11-26T23:15:02.726+0000] {processor.py:179} INFO - Processing /opt/airflow/dags/eia_natural_gas_rigs_in_operation_etl_pipeline_dag/eia_natural_gas_rigs_in_operation_etl_pipeline_dag.py took 2.455 seconds
[2024-11-26T23:15:43.216+0000] {processor.py:157} INFO - Started process (PID=331) to work on /opt/airflow/dags/eia_natural_gas_rigs_in_operation_etl_pipeline_dag/eia_natural_gas_rigs_in_operation_etl_pipeline_dag.py
[2024-11-26T23:15:43.219+0000] {processor.py:829} INFO - Processing file /opt/airflow/dags/eia_natural_gas_rigs_in_operation_etl_pipeline_dag/eia_natural_gas_rigs_in_operation_etl_pipeline_dag.py for tasks to queue
[2024-11-26T23:15:43.224+0000] {logging_mixin.py:151} INFO - [2024-11-26T23:15:43.223+0000] {dagbag.py:539} INFO - Filling up the DagBag from /opt/airflow/dags/eia_natural_gas_rigs_in_operation_etl_pipeline_dag/eia_natural_gas_rigs_in_operation_etl_pipeline_dag.py
[2024-11-26T23:15:46.601+0000] {processor.py:839} INFO - DAG(s) dict_keys(['natural_gas_rigs_in_operation_etl_pipeline']) retrieved from /opt/airflow/dags/eia_natural_gas_rigs_in_operation_etl_pipeline_dag/eia_natural_gas_rigs_in_operation_etl_pipeline_dag.py
[2024-11-26T23:15:46.663+0000] {logging_mixin.py:151} INFO - [2024-11-26T23:15:46.662+0000] {dag.py:2907} INFO - Sync 1 DAGs
[2024-11-26T23:15:46.725+0000] {logging_mixin.py:151} INFO - [2024-11-26T23:15:46.724+0000] {dag.py:3677} INFO - Setting next_dagrun for natural_gas_rigs_in_operation_etl_pipeline to 2024-11-10T00:00:00+00:00, run_after=2024-12-10T00:00:00+00:00
[2024-11-26T23:15:46.776+0000] {processor.py:179} INFO - Processing /opt/airflow/dags/eia_natural_gas_rigs_in_operation_etl_pipeline_dag/eia_natural_gas_rigs_in_operation_etl_pipeline_dag.py took 3.566 seconds
[2024-11-26T23:16:23.306+0000] {processor.py:157} INFO - Started process (PID=455) to work on /opt/airflow/dags/eia_natural_gas_rigs_in_operation_etl_pipeline_dag/eia_natural_gas_rigs_in_operation_etl_pipeline_dag.py
[2024-11-26T23:16:23.308+0000] {processor.py:829} INFO - Processing file /opt/airflow/dags/eia_natural_gas_rigs_in_operation_etl_pipeline_dag/eia_natural_gas_rigs_in_operation_etl_pipeline_dag.py for tasks to queue
[2024-11-26T23:16:23.313+0000] {logging_mixin.py:151} INFO - [2024-11-26T23:16:23.312+0000] {dagbag.py:539} INFO - Filling up the DagBag from /opt/airflow/dags/eia_natural_gas_rigs_in_operation_etl_pipeline_dag/eia_natural_gas_rigs_in_operation_etl_pipeline_dag.py
[2024-11-26T23:16:25.762+0000] {processor.py:839} INFO - DAG(s) dict_keys(['natural_gas_rigs_in_operation_etl_pipeline']) retrieved from /opt/airflow/dags/eia_natural_gas_rigs_in_operation_etl_pipeline_dag/eia_natural_gas_rigs_in_operation_etl_pipeline_dag.py
[2024-11-26T23:16:25.826+0000] {logging_mixin.py:151} INFO - [2024-11-26T23:16:25.823+0000] {dag.py:2907} INFO - Sync 1 DAGs
[2024-11-26T23:16:25.910+0000] {logging_mixin.py:151} INFO - [2024-11-26T23:16:25.910+0000] {dag.py:3677} INFO - Setting next_dagrun for natural_gas_rigs_in_operation_etl_pipeline to 2024-11-10T00:00:00+00:00, run_after=2024-12-10T00:00:00+00:00
[2024-11-26T23:16:25.967+0000] {processor.py:179} INFO - Processing /opt/airflow/dags/eia_natural_gas_rigs_in_operation_etl_pipeline_dag/eia_natural_gas_rigs_in_operation_etl_pipeline_dag.py took 2.666 seconds
[2024-11-26T23:17:06.411+0000] {processor.py:157} INFO - Started process (PID=579) to work on /opt/airflow/dags/eia_natural_gas_rigs_in_operation_etl_pipeline_dag/eia_natural_gas_rigs_in_operation_etl_pipeline_dag.py
[2024-11-26T23:17:06.414+0000] {processor.py:829} INFO - Processing file /opt/airflow/dags/eia_natural_gas_rigs_in_operation_etl_pipeline_dag/eia_natural_gas_rigs_in_operation_etl_pipeline_dag.py for tasks to queue
[2024-11-26T23:17:06.421+0000] {logging_mixin.py:151} INFO - [2024-11-26T23:17:06.421+0000] {dagbag.py:539} INFO - Filling up the DagBag from /opt/airflow/dags/eia_natural_gas_rigs_in_operation_etl_pipeline_dag/eia_natural_gas_rigs_in_operation_etl_pipeline_dag.py
[2024-11-26T23:17:09.981+0000] {processor.py:839} INFO - DAG(s) dict_keys(['natural_gas_rigs_in_operation_etl_pipeline']) retrieved from /opt/airflow/dags/eia_natural_gas_rigs_in_operation_etl_pipeline_dag/eia_natural_gas_rigs_in_operation_etl_pipeline_dag.py
[2024-11-26T23:17:10.059+0000] {logging_mixin.py:151} INFO - [2024-11-26T23:17:10.057+0000] {dag.py:2907} INFO - Sync 1 DAGs
[2024-11-26T23:17:10.121+0000] {logging_mixin.py:151} INFO - [2024-11-26T23:17:10.121+0000] {dag.py:3677} INFO - Setting next_dagrun for natural_gas_rigs_in_operation_etl_pipeline to 2024-11-10T00:00:00+00:00, run_after=2024-12-10T00:00:00+00:00
[2024-11-26T23:17:10.181+0000] {processor.py:179} INFO - Processing /opt/airflow/dags/eia_natural_gas_rigs_in_operation_etl_pipeline_dag/eia_natural_gas_rigs_in_operation_etl_pipeline_dag.py took 3.775 seconds
[2024-11-26T23:17:46.277+0000] {processor.py:157} INFO - Started process (PID=703) to work on /opt/airflow/dags/eia_natural_gas_rigs_in_operation_etl_pipeline_dag/eia_natural_gas_rigs_in_operation_etl_pipeline_dag.py
[2024-11-26T23:17:46.279+0000] {processor.py:829} INFO - Processing file /opt/airflow/dags/eia_natural_gas_rigs_in_operation_etl_pipeline_dag/eia_natural_gas_rigs_in_operation_etl_pipeline_dag.py for tasks to queue
[2024-11-26T23:17:46.283+0000] {logging_mixin.py:151} INFO - [2024-11-26T23:17:46.283+0000] {dagbag.py:539} INFO - Filling up the DagBag from /opt/airflow/dags/eia_natural_gas_rigs_in_operation_etl_pipeline_dag/eia_natural_gas_rigs_in_operation_etl_pipeline_dag.py
[2024-11-26T23:17:48.811+0000] {processor.py:839} INFO - DAG(s) dict_keys(['natural_gas_rigs_in_operation_etl_pipeline']) retrieved from /opt/airflow/dags/eia_natural_gas_rigs_in_operation_etl_pipeline_dag/eia_natural_gas_rigs_in_operation_etl_pipeline_dag.py
[2024-11-26T23:17:48.859+0000] {logging_mixin.py:151} INFO - [2024-11-26T23:17:48.858+0000] {dag.py:2907} INFO - Sync 1 DAGs
[2024-11-26T23:17:48.906+0000] {logging_mixin.py:151} INFO - [2024-11-26T23:17:48.905+0000] {dag.py:3677} INFO - Setting next_dagrun for natural_gas_rigs_in_operation_etl_pipeline to 2024-11-10T00:00:00+00:00, run_after=2024-12-10T00:00:00+00:00
[2024-11-26T23:17:48.955+0000] {processor.py:179} INFO - Processing /opt/airflow/dags/eia_natural_gas_rigs_in_operation_etl_pipeline_dag/eia_natural_gas_rigs_in_operation_etl_pipeline_dag.py took 2.685 seconds
[2024-11-26T23:18:31.267+0000] {processor.py:157} INFO - Started process (PID=834) to work on /opt/airflow/dags/eia_natural_gas_rigs_in_operation_etl_pipeline_dag/eia_natural_gas_rigs_in_operation_etl_pipeline_dag.py
[2024-11-26T23:18:31.269+0000] {processor.py:829} INFO - Processing file /opt/airflow/dags/eia_natural_gas_rigs_in_operation_etl_pipeline_dag/eia_natural_gas_rigs_in_operation_etl_pipeline_dag.py for tasks to queue
[2024-11-26T23:18:31.273+0000] {logging_mixin.py:151} INFO - [2024-11-26T23:18:31.273+0000] {dagbag.py:539} INFO - Filling up the DagBag from /opt/airflow/dags/eia_natural_gas_rigs_in_operation_etl_pipeline_dag/eia_natural_gas_rigs_in_operation_etl_pipeline_dag.py
[2024-11-26T23:18:34.384+0000] {processor.py:839} INFO - DAG(s) dict_keys(['natural_gas_rigs_in_operation_etl_pipeline']) retrieved from /opt/airflow/dags/eia_natural_gas_rigs_in_operation_etl_pipeline_dag/eia_natural_gas_rigs_in_operation_etl_pipeline_dag.py
[2024-11-26T23:18:34.446+0000] {logging_mixin.py:151} INFO - [2024-11-26T23:18:34.444+0000] {dag.py:2907} INFO - Sync 1 DAGs
[2024-11-26T23:18:34.498+0000] {logging_mixin.py:151} INFO - [2024-11-26T23:18:34.498+0000] {dag.py:3677} INFO - Setting next_dagrun for natural_gas_rigs_in_operation_etl_pipeline to 2024-11-10T00:00:00+00:00, run_after=2024-12-10T00:00:00+00:00
[2024-11-26T23:18:34.544+0000] {processor.py:179} INFO - Processing /opt/airflow/dags/eia_natural_gas_rigs_in_operation_etl_pipeline_dag/eia_natural_gas_rigs_in_operation_etl_pipeline_dag.py took 3.283 seconds
[2024-11-26T23:19:08.782+0000] {processor.py:157} INFO - Started process (PID=956) to work on /opt/airflow/dags/eia_natural_gas_rigs_in_operation_etl_pipeline_dag/eia_natural_gas_rigs_in_operation_etl_pipeline_dag.py
[2024-11-26T23:19:08.783+0000] {processor.py:829} INFO - Processing file /opt/airflow/dags/eia_natural_gas_rigs_in_operation_etl_pipeline_dag/eia_natural_gas_rigs_in_operation_etl_pipeline_dag.py for tasks to queue
[2024-11-26T23:19:08.787+0000] {logging_mixin.py:151} INFO - [2024-11-26T23:19:08.786+0000] {dagbag.py:539} INFO - Filling up the DagBag from /opt/airflow/dags/eia_natural_gas_rigs_in_operation_etl_pipeline_dag/eia_natural_gas_rigs_in_operation_etl_pipeline_dag.py
[2024-11-26T23:19:10.691+0000] {processor.py:839} INFO - DAG(s) dict_keys(['natural_gas_rigs_in_operation_etl_pipeline']) retrieved from /opt/airflow/dags/eia_natural_gas_rigs_in_operation_etl_pipeline_dag/eia_natural_gas_rigs_in_operation_etl_pipeline_dag.py
[2024-11-26T23:19:10.739+0000] {logging_mixin.py:151} INFO - [2024-11-26T23:19:10.738+0000] {dag.py:2907} INFO - Sync 1 DAGs
[2024-11-26T23:19:10.778+0000] {logging_mixin.py:151} INFO - [2024-11-26T23:19:10.778+0000] {dag.py:3677} INFO - Setting next_dagrun for natural_gas_rigs_in_operation_etl_pipeline to 2024-11-10T00:00:00+00:00, run_after=2024-12-10T00:00:00+00:00
[2024-11-26T23:19:10.813+0000] {processor.py:179} INFO - Processing /opt/airflow/dags/eia_natural_gas_rigs_in_operation_etl_pipeline_dag/eia_natural_gas_rigs_in_operation_etl_pipeline_dag.py took 2.036 seconds
[2024-11-26T23:19:46.878+0000] {processor.py:157} INFO - Started process (PID=1080) to work on /opt/airflow/dags/eia_natural_gas_rigs_in_operation_etl_pipeline_dag/eia_natural_gas_rigs_in_operation_etl_pipeline_dag.py
[2024-11-26T23:19:46.880+0000] {processor.py:829} INFO - Processing file /opt/airflow/dags/eia_natural_gas_rigs_in_operation_etl_pipeline_dag/eia_natural_gas_rigs_in_operation_etl_pipeline_dag.py for tasks to queue
[2024-11-26T23:19:46.883+0000] {logging_mixin.py:151} INFO - [2024-11-26T23:19:46.883+0000] {dagbag.py:539} INFO - Filling up the DagBag from /opt/airflow/dags/eia_natural_gas_rigs_in_operation_etl_pipeline_dag/eia_natural_gas_rigs_in_operation_etl_pipeline_dag.py
[2024-11-26T23:19:48.838+0000] {processor.py:839} INFO - DAG(s) dict_keys(['natural_gas_rigs_in_operation_etl_pipeline']) retrieved from /opt/airflow/dags/eia_natural_gas_rigs_in_operation_etl_pipeline_dag/eia_natural_gas_rigs_in_operation_etl_pipeline_dag.py
[2024-11-26T23:19:48.886+0000] {logging_mixin.py:151} INFO - [2024-11-26T23:19:48.885+0000] {dag.py:2907} INFO - Sync 1 DAGs
[2024-11-26T23:19:48.932+0000] {logging_mixin.py:151} INFO - [2024-11-26T23:19:48.932+0000] {dag.py:3677} INFO - Setting next_dagrun for natural_gas_rigs_in_operation_etl_pipeline to 2024-11-10T00:00:00+00:00, run_after=2024-12-10T00:00:00+00:00
[2024-11-26T23:19:48.975+0000] {processor.py:179} INFO - Processing /opt/airflow/dags/eia_natural_gas_rigs_in_operation_etl_pipeline_dag/eia_natural_gas_rigs_in_operation_etl_pipeline_dag.py took 2.102 seconds
[2024-11-26T23:20:24.420+0000] {processor.py:157} INFO - Started process (PID=1204) to work on /opt/airflow/dags/eia_natural_gas_rigs_in_operation_etl_pipeline_dag/eia_natural_gas_rigs_in_operation_etl_pipeline_dag.py
[2024-11-26T23:20:24.422+0000] {processor.py:829} INFO - Processing file /opt/airflow/dags/eia_natural_gas_rigs_in_operation_etl_pipeline_dag/eia_natural_gas_rigs_in_operation_etl_pipeline_dag.py for tasks to queue
[2024-11-26T23:20:24.426+0000] {logging_mixin.py:151} INFO - [2024-11-26T23:20:24.426+0000] {dagbag.py:539} INFO - Filling up the DagBag from /opt/airflow/dags/eia_natural_gas_rigs_in_operation_etl_pipeline_dag/eia_natural_gas_rigs_in_operation_etl_pipeline_dag.py
[2024-11-26T23:20:26.269+0000] {processor.py:839} INFO - DAG(s) dict_keys(['natural_gas_rigs_in_operation_etl_pipeline']) retrieved from /opt/airflow/dags/eia_natural_gas_rigs_in_operation_etl_pipeline_dag/eia_natural_gas_rigs_in_operation_etl_pipeline_dag.py
[2024-11-26T23:20:26.314+0000] {logging_mixin.py:151} INFO - [2024-11-26T23:20:26.313+0000] {dag.py:2907} INFO - Sync 1 DAGs
[2024-11-26T23:20:26.352+0000] {logging_mixin.py:151} INFO - [2024-11-26T23:20:26.352+0000] {dag.py:3677} INFO - Setting next_dagrun for natural_gas_rigs_in_operation_etl_pipeline to 2024-11-10T00:00:00+00:00, run_after=2024-12-10T00:00:00+00:00
[2024-11-26T23:20:26.396+0000] {processor.py:179} INFO - Processing /opt/airflow/dags/eia_natural_gas_rigs_in_operation_etl_pipeline_dag/eia_natural_gas_rigs_in_operation_etl_pipeline_dag.py took 1.982 seconds
[2024-11-26T23:21:02.509+0000] {processor.py:157} INFO - Started process (PID=1330) to work on /opt/airflow/dags/eia_natural_gas_rigs_in_operation_etl_pipeline_dag/eia_natural_gas_rigs_in_operation_etl_pipeline_dag.py
[2024-11-26T23:21:02.511+0000] {processor.py:829} INFO - Processing file /opt/airflow/dags/eia_natural_gas_rigs_in_operation_etl_pipeline_dag/eia_natural_gas_rigs_in_operation_etl_pipeline_dag.py for tasks to queue
[2024-11-26T23:21:02.514+0000] {logging_mixin.py:151} INFO - [2024-11-26T23:21:02.513+0000] {dagbag.py:539} INFO - Filling up the DagBag from /opt/airflow/dags/eia_natural_gas_rigs_in_operation_etl_pipeline_dag/eia_natural_gas_rigs_in_operation_etl_pipeline_dag.py
[2024-11-26T23:21:04.488+0000] {processor.py:839} INFO - DAG(s) dict_keys(['natural_gas_rigs_in_operation_etl_pipeline']) retrieved from /opt/airflow/dags/eia_natural_gas_rigs_in_operation_etl_pipeline_dag/eia_natural_gas_rigs_in_operation_etl_pipeline_dag.py
[2024-11-26T23:21:04.531+0000] {logging_mixin.py:151} INFO - [2024-11-26T23:21:04.530+0000] {dag.py:2907} INFO - Sync 1 DAGs
[2024-11-26T23:21:04.576+0000] {logging_mixin.py:151} INFO - [2024-11-26T23:21:04.576+0000] {dag.py:3677} INFO - Setting next_dagrun for natural_gas_rigs_in_operation_etl_pipeline to 2024-11-10T00:00:00+00:00, run_after=2024-12-10T00:00:00+00:00
[2024-11-26T23:21:04.614+0000] {processor.py:179} INFO - Processing /opt/airflow/dags/eia_natural_gas_rigs_in_operation_etl_pipeline_dag/eia_natural_gas_rigs_in_operation_etl_pipeline_dag.py took 2.109 seconds
[2024-11-26T23:21:40.008+0000] {processor.py:157} INFO - Started process (PID=1454) to work on /opt/airflow/dags/eia_natural_gas_rigs_in_operation_etl_pipeline_dag/eia_natural_gas_rigs_in_operation_etl_pipeline_dag.py
[2024-11-26T23:21:40.010+0000] {processor.py:829} INFO - Processing file /opt/airflow/dags/eia_natural_gas_rigs_in_operation_etl_pipeline_dag/eia_natural_gas_rigs_in_operation_etl_pipeline_dag.py for tasks to queue
[2024-11-26T23:21:40.015+0000] {logging_mixin.py:151} INFO - [2024-11-26T23:21:40.014+0000] {dagbag.py:539} INFO - Filling up the DagBag from /opt/airflow/dags/eia_natural_gas_rigs_in_operation_etl_pipeline_dag/eia_natural_gas_rigs_in_operation_etl_pipeline_dag.py
[2024-11-26T23:21:42.120+0000] {processor.py:839} INFO - DAG(s) dict_keys(['natural_gas_rigs_in_operation_etl_pipeline']) retrieved from /opt/airflow/dags/eia_natural_gas_rigs_in_operation_etl_pipeline_dag/eia_natural_gas_rigs_in_operation_etl_pipeline_dag.py
[2024-11-26T23:21:42.204+0000] {logging_mixin.py:151} INFO - [2024-11-26T23:21:42.200+0000] {dag.py:2907} INFO - Sync 1 DAGs
[2024-11-26T23:21:42.251+0000] {logging_mixin.py:151} INFO - [2024-11-26T23:21:42.251+0000] {dag.py:3677} INFO - Setting next_dagrun for natural_gas_rigs_in_operation_etl_pipeline to 2024-11-10T00:00:00+00:00, run_after=2024-12-10T00:00:00+00:00
[2024-11-26T23:21:42.299+0000] {processor.py:179} INFO - Processing /opt/airflow/dags/eia_natural_gas_rigs_in_operation_etl_pipeline_dag/eia_natural_gas_rigs_in_operation_etl_pipeline_dag.py took 2.297 seconds
[2024-11-26T23:22:17.709+0000] {processor.py:157} INFO - Started process (PID=1576) to work on /opt/airflow/dags/eia_natural_gas_rigs_in_operation_etl_pipeline_dag/eia_natural_gas_rigs_in_operation_etl_pipeline_dag.py
[2024-11-26T23:22:17.711+0000] {processor.py:829} INFO - Processing file /opt/airflow/dags/eia_natural_gas_rigs_in_operation_etl_pipeline_dag/eia_natural_gas_rigs_in_operation_etl_pipeline_dag.py for tasks to queue
[2024-11-26T23:22:17.715+0000] {logging_mixin.py:151} INFO - [2024-11-26T23:22:17.714+0000] {dagbag.py:539} INFO - Filling up the DagBag from /opt/airflow/dags/eia_natural_gas_rigs_in_operation_etl_pipeline_dag/eia_natural_gas_rigs_in_operation_etl_pipeline_dag.py
[2024-11-26T23:22:19.684+0000] {processor.py:839} INFO - DAG(s) dict_keys(['natural_gas_rigs_in_operation_etl_pipeline']) retrieved from /opt/airflow/dags/eia_natural_gas_rigs_in_operation_etl_pipeline_dag/eia_natural_gas_rigs_in_operation_etl_pipeline_dag.py
[2024-11-26T23:22:19.729+0000] {logging_mixin.py:151} INFO - [2024-11-26T23:22:19.727+0000] {dag.py:2907} INFO - Sync 1 DAGs
[2024-11-26T23:22:19.768+0000] {logging_mixin.py:151} INFO - [2024-11-26T23:22:19.767+0000] {dag.py:3677} INFO - Setting next_dagrun for natural_gas_rigs_in_operation_etl_pipeline to 2024-11-10T00:00:00+00:00, run_after=2024-12-10T00:00:00+00:00
[2024-11-26T23:22:19.802+0000] {processor.py:179} INFO - Processing /opt/airflow/dags/eia_natural_gas_rigs_in_operation_etl_pipeline_dag/eia_natural_gas_rigs_in_operation_etl_pipeline_dag.py took 2.097 seconds
[2024-11-26T23:23:02.667+0000] {processor.py:157} INFO - Started process (PID=1700) to work on /opt/airflow/dags/eia_natural_gas_rigs_in_operation_etl_pipeline_dag/eia_natural_gas_rigs_in_operation_etl_pipeline_dag.py
[2024-11-26T23:23:02.669+0000] {processor.py:829} INFO - Processing file /opt/airflow/dags/eia_natural_gas_rigs_in_operation_etl_pipeline_dag/eia_natural_gas_rigs_in_operation_etl_pipeline_dag.py for tasks to queue
[2024-11-26T23:23:02.672+0000] {logging_mixin.py:151} INFO - [2024-11-26T23:23:02.671+0000] {dagbag.py:539} INFO - Filling up the DagBag from /opt/airflow/dags/eia_natural_gas_rigs_in_operation_etl_pipeline_dag/eia_natural_gas_rigs_in_operation_etl_pipeline_dag.py
[2024-11-26T23:23:04.513+0000] {processor.py:839} INFO - DAG(s) dict_keys(['natural_gas_rigs_in_operation_etl_pipeline']) retrieved from /opt/airflow/dags/eia_natural_gas_rigs_in_operation_etl_pipeline_dag/eia_natural_gas_rigs_in_operation_etl_pipeline_dag.py
[2024-11-26T23:23:04.561+0000] {logging_mixin.py:151} INFO - [2024-11-26T23:23:04.560+0000] {dag.py:2907} INFO - Sync 1 DAGs
[2024-11-26T23:23:04.604+0000] {logging_mixin.py:151} INFO - [2024-11-26T23:23:04.603+0000] {dag.py:3677} INFO - Setting next_dagrun for natural_gas_rigs_in_operation_etl_pipeline to 2024-11-10T00:00:00+00:00, run_after=2024-12-10T00:00:00+00:00
[2024-11-26T23:23:04.645+0000] {processor.py:179} INFO - Processing /opt/airflow/dags/eia_natural_gas_rigs_in_operation_etl_pipeline_dag/eia_natural_gas_rigs_in_operation_etl_pipeline_dag.py took 1.983 seconds
[2024-11-26T23:23:38.703+0000] {processor.py:157} INFO - Started process (PID=1824) to work on /opt/airflow/dags/eia_natural_gas_rigs_in_operation_etl_pipeline_dag/eia_natural_gas_rigs_in_operation_etl_pipeline_dag.py
[2024-11-26T23:23:38.704+0000] {processor.py:829} INFO - Processing file /opt/airflow/dags/eia_natural_gas_rigs_in_operation_etl_pipeline_dag/eia_natural_gas_rigs_in_operation_etl_pipeline_dag.py for tasks to queue
[2024-11-26T23:23:38.707+0000] {logging_mixin.py:151} INFO - [2024-11-26T23:23:38.706+0000] {dagbag.py:539} INFO - Filling up the DagBag from /opt/airflow/dags/eia_natural_gas_rigs_in_operation_etl_pipeline_dag/eia_natural_gas_rigs_in_operation_etl_pipeline_dag.py
[2024-11-26T23:23:39.717+0000] {processor.py:839} INFO - DAG(s) dict_keys(['natural_gas_rigs_in_operation_etl_pipeline']) retrieved from /opt/airflow/dags/eia_natural_gas_rigs_in_operation_etl_pipeline_dag/eia_natural_gas_rigs_in_operation_etl_pipeline_dag.py
[2024-11-26T23:23:39.743+0000] {logging_mixin.py:151} INFO - [2024-11-26T23:23:39.742+0000] {dag.py:2907} INFO - Sync 1 DAGs
[2024-11-26T23:23:39.767+0000] {logging_mixin.py:151} INFO - [2024-11-26T23:23:39.767+0000] {dag.py:3677} INFO - Setting next_dagrun for natural_gas_rigs_in_operation_etl_pipeline to 2024-11-10T00:00:00+00:00, run_after=2024-12-10T00:00:00+00:00
[2024-11-26T23:23:39.787+0000] {processor.py:179} INFO - Processing /opt/airflow/dags/eia_natural_gas_rigs_in_operation_etl_pipeline_dag/eia_natural_gas_rigs_in_operation_etl_pipeline_dag.py took 1.092 seconds
[2024-11-26T23:24:12.658+0000] {processor.py:157} INFO - Started process (PID=1948) to work on /opt/airflow/dags/eia_natural_gas_rigs_in_operation_etl_pipeline_dag/eia_natural_gas_rigs_in_operation_etl_pipeline_dag.py
[2024-11-26T23:24:12.658+0000] {processor.py:829} INFO - Processing file /opt/airflow/dags/eia_natural_gas_rigs_in_operation_etl_pipeline_dag/eia_natural_gas_rigs_in_operation_etl_pipeline_dag.py for tasks to queue
[2024-11-26T23:24:12.660+0000] {logging_mixin.py:151} INFO - [2024-11-26T23:24:12.660+0000] {dagbag.py:539} INFO - Filling up the DagBag from /opt/airflow/dags/eia_natural_gas_rigs_in_operation_etl_pipeline_dag/eia_natural_gas_rigs_in_operation_etl_pipeline_dag.py
[2024-11-26T23:24:13.508+0000] {processor.py:839} INFO - DAG(s) dict_keys(['natural_gas_rigs_in_operation_etl_pipeline']) retrieved from /opt/airflow/dags/eia_natural_gas_rigs_in_operation_etl_pipeline_dag/eia_natural_gas_rigs_in_operation_etl_pipeline_dag.py
[2024-11-26T23:24:13.528+0000] {logging_mixin.py:151} INFO - [2024-11-26T23:24:13.528+0000] {dag.py:2907} INFO - Sync 1 DAGs
[2024-11-26T23:24:13.547+0000] {logging_mixin.py:151} INFO - [2024-11-26T23:24:13.546+0000] {dag.py:3677} INFO - Setting next_dagrun for natural_gas_rigs_in_operation_etl_pipeline to 2024-11-10T00:00:00+00:00, run_after=2024-12-10T00:00:00+00:00
[2024-11-26T23:24:13.569+0000] {processor.py:179} INFO - Processing /opt/airflow/dags/eia_natural_gas_rigs_in_operation_etl_pipeline_dag/eia_natural_gas_rigs_in_operation_etl_pipeline_dag.py took 0.914 seconds
[2024-11-26T23:24:47.268+0000] {processor.py:157} INFO - Started process (PID=2072) to work on /opt/airflow/dags/eia_natural_gas_rigs_in_operation_etl_pipeline_dag/eia_natural_gas_rigs_in_operation_etl_pipeline_dag.py
[2024-11-26T23:24:47.269+0000] {processor.py:829} INFO - Processing file /opt/airflow/dags/eia_natural_gas_rigs_in_operation_etl_pipeline_dag/eia_natural_gas_rigs_in_operation_etl_pipeline_dag.py for tasks to queue
[2024-11-26T23:24:47.273+0000] {logging_mixin.py:151} INFO - [2024-11-26T23:24:47.271+0000] {dagbag.py:539} INFO - Filling up the DagBag from /opt/airflow/dags/eia_natural_gas_rigs_in_operation_etl_pipeline_dag/eia_natural_gas_rigs_in_operation_etl_pipeline_dag.py
[2024-11-26T23:24:48.559+0000] {processor.py:839} INFO - DAG(s) dict_keys(['natural_gas_rigs_in_operation_etl_pipeline']) retrieved from /opt/airflow/dags/eia_natural_gas_rigs_in_operation_etl_pipeline_dag/eia_natural_gas_rigs_in_operation_etl_pipeline_dag.py
[2024-11-26T23:24:48.583+0000] {logging_mixin.py:151} INFO - [2024-11-26T23:24:48.582+0000] {dag.py:2907} INFO - Sync 1 DAGs
[2024-11-26T23:24:48.601+0000] {logging_mixin.py:151} INFO - [2024-11-26T23:24:48.601+0000] {dag.py:3677} INFO - Setting next_dagrun for natural_gas_rigs_in_operation_etl_pipeline to 2024-11-10T00:00:00+00:00, run_after=2024-12-10T00:00:00+00:00
[2024-11-26T23:24:48.619+0000] {processor.py:179} INFO - Processing /opt/airflow/dags/eia_natural_gas_rigs_in_operation_etl_pipeline_dag/eia_natural_gas_rigs_in_operation_etl_pipeline_dag.py took 1.364 seconds
[2024-11-26T23:25:20.762+0000] {processor.py:157} INFO - Started process (PID=2196) to work on /opt/airflow/dags/eia_natural_gas_rigs_in_operation_etl_pipeline_dag/eia_natural_gas_rigs_in_operation_etl_pipeline_dag.py
[2024-11-26T23:25:20.762+0000] {processor.py:829} INFO - Processing file /opt/airflow/dags/eia_natural_gas_rigs_in_operation_etl_pipeline_dag/eia_natural_gas_rigs_in_operation_etl_pipeline_dag.py for tasks to queue
[2024-11-26T23:25:20.764+0000] {logging_mixin.py:151} INFO - [2024-11-26T23:25:20.764+0000] {dagbag.py:539} INFO - Filling up the DagBag from /opt/airflow/dags/eia_natural_gas_rigs_in_operation_etl_pipeline_dag/eia_natural_gas_rigs_in_operation_etl_pipeline_dag.py
[2024-11-26T23:25:21.672+0000] {processor.py:839} INFO - DAG(s) dict_keys(['natural_gas_rigs_in_operation_etl_pipeline']) retrieved from /opt/airflow/dags/eia_natural_gas_rigs_in_operation_etl_pipeline_dag/eia_natural_gas_rigs_in_operation_etl_pipeline_dag.py
[2024-11-26T23:25:21.693+0000] {logging_mixin.py:151} INFO - [2024-11-26T23:25:21.693+0000] {dag.py:2907} INFO - Sync 1 DAGs
[2024-11-26T23:25:21.711+0000] {logging_mixin.py:151} INFO - [2024-11-26T23:25:21.711+0000] {dag.py:3677} INFO - Setting next_dagrun for natural_gas_rigs_in_operation_etl_pipeline to 2024-11-10T00:00:00+00:00, run_after=2024-12-10T00:00:00+00:00
[2024-11-26T23:25:21.727+0000] {processor.py:179} INFO - Processing /opt/airflow/dags/eia_natural_gas_rigs_in_operation_etl_pipeline_dag/eia_natural_gas_rigs_in_operation_etl_pipeline_dag.py took 0.968 seconds
[2024-11-26T23:25:54.577+0000] {processor.py:157} INFO - Started process (PID=2320) to work on /opt/airflow/dags/eia_natural_gas_rigs_in_operation_etl_pipeline_dag/eia_natural_gas_rigs_in_operation_etl_pipeline_dag.py
[2024-11-26T23:25:54.578+0000] {processor.py:829} INFO - Processing file /opt/airflow/dags/eia_natural_gas_rigs_in_operation_etl_pipeline_dag/eia_natural_gas_rigs_in_operation_etl_pipeline_dag.py for tasks to queue
[2024-11-26T23:25:54.579+0000] {logging_mixin.py:151} INFO - [2024-11-26T23:25:54.579+0000] {dagbag.py:539} INFO - Filling up the DagBag from /opt/airflow/dags/eia_natural_gas_rigs_in_operation_etl_pipeline_dag/eia_natural_gas_rigs_in_operation_etl_pipeline_dag.py
[2024-11-26T23:25:55.546+0000] {processor.py:839} INFO - DAG(s) dict_keys(['natural_gas_rigs_in_operation_etl_pipeline']) retrieved from /opt/airflow/dags/eia_natural_gas_rigs_in_operation_etl_pipeline_dag/eia_natural_gas_rigs_in_operation_etl_pipeline_dag.py
[2024-11-26T23:25:55.566+0000] {logging_mixin.py:151} INFO - [2024-11-26T23:25:55.566+0000] {dag.py:2907} INFO - Sync 1 DAGs
[2024-11-26T23:25:55.584+0000] {logging_mixin.py:151} INFO - [2024-11-26T23:25:55.584+0000] {dag.py:3677} INFO - Setting next_dagrun for natural_gas_rigs_in_operation_etl_pipeline to 2024-11-10T00:00:00+00:00, run_after=2024-12-10T00:00:00+00:00
[2024-11-26T23:25:55.604+0000] {processor.py:179} INFO - Processing /opt/airflow/dags/eia_natural_gas_rigs_in_operation_etl_pipeline_dag/eia_natural_gas_rigs_in_operation_etl_pipeline_dag.py took 1.030 seconds
[2024-11-26T23:26:28.118+0000] {processor.py:157} INFO - Started process (PID=2444) to work on /opt/airflow/dags/eia_natural_gas_rigs_in_operation_etl_pipeline_dag/eia_natural_gas_rigs_in_operation_etl_pipeline_dag.py
[2024-11-26T23:26:28.118+0000] {processor.py:829} INFO - Processing file /opt/airflow/dags/eia_natural_gas_rigs_in_operation_etl_pipeline_dag/eia_natural_gas_rigs_in_operation_etl_pipeline_dag.py for tasks to queue
[2024-11-26T23:26:28.120+0000] {logging_mixin.py:151} INFO - [2024-11-26T23:26:28.120+0000] {dagbag.py:539} INFO - Filling up the DagBag from /opt/airflow/dags/eia_natural_gas_rigs_in_operation_etl_pipeline_dag/eia_natural_gas_rigs_in_operation_etl_pipeline_dag.py
[2024-11-26T23:26:28.950+0000] {processor.py:839} INFO - DAG(s) dict_keys(['natural_gas_rigs_in_operation_etl_pipeline']) retrieved from /opt/airflow/dags/eia_natural_gas_rigs_in_operation_etl_pipeline_dag/eia_natural_gas_rigs_in_operation_etl_pipeline_dag.py
[2024-11-26T23:26:28.971+0000] {logging_mixin.py:151} INFO - [2024-11-26T23:26:28.970+0000] {dag.py:2907} INFO - Sync 1 DAGs
[2024-11-26T23:26:28.989+0000] {logging_mixin.py:151} INFO - [2024-11-26T23:26:28.989+0000] {dag.py:3677} INFO - Setting next_dagrun for natural_gas_rigs_in_operation_etl_pipeline to 2024-11-10T00:00:00+00:00, run_after=2024-12-10T00:00:00+00:00
[2024-11-26T23:26:29.010+0000] {processor.py:179} INFO - Processing /opt/airflow/dags/eia_natural_gas_rigs_in_operation_etl_pipeline_dag/eia_natural_gas_rigs_in_operation_etl_pipeline_dag.py took 0.894 seconds
[2024-11-26T23:27:01.069+0000] {processor.py:157} INFO - Started process (PID=2568) to work on /opt/airflow/dags/eia_natural_gas_rigs_in_operation_etl_pipeline_dag/eia_natural_gas_rigs_in_operation_etl_pipeline_dag.py
[2024-11-26T23:27:01.070+0000] {processor.py:829} INFO - Processing file /opt/airflow/dags/eia_natural_gas_rigs_in_operation_etl_pipeline_dag/eia_natural_gas_rigs_in_operation_etl_pipeline_dag.py for tasks to queue
[2024-11-26T23:27:01.072+0000] {logging_mixin.py:151} INFO - [2024-11-26T23:27:01.071+0000] {dagbag.py:539} INFO - Filling up the DagBag from /opt/airflow/dags/eia_natural_gas_rigs_in_operation_etl_pipeline_dag/eia_natural_gas_rigs_in_operation_etl_pipeline_dag.py
[2024-11-26T23:27:01.925+0000] {processor.py:839} INFO - DAG(s) dict_keys(['natural_gas_rigs_in_operation_etl_pipeline']) retrieved from /opt/airflow/dags/eia_natural_gas_rigs_in_operation_etl_pipeline_dag/eia_natural_gas_rigs_in_operation_etl_pipeline_dag.py
[2024-11-26T23:27:01.945+0000] {logging_mixin.py:151} INFO - [2024-11-26T23:27:01.943+0000] {dag.py:2907} INFO - Sync 1 DAGs
[2024-11-26T23:27:01.963+0000] {logging_mixin.py:151} INFO - [2024-11-26T23:27:01.963+0000] {dag.py:3677} INFO - Setting next_dagrun for natural_gas_rigs_in_operation_etl_pipeline to 2024-11-10T00:00:00+00:00, run_after=2024-12-10T00:00:00+00:00
[2024-11-26T23:27:01.986+0000] {processor.py:179} INFO - Processing /opt/airflow/dags/eia_natural_gas_rigs_in_operation_etl_pipeline_dag/eia_natural_gas_rigs_in_operation_etl_pipeline_dag.py took 0.919 seconds
[2024-11-26T23:27:35.657+0000] {processor.py:157} INFO - Started process (PID=2692) to work on /opt/airflow/dags/eia_natural_gas_rigs_in_operation_etl_pipeline_dag/eia_natural_gas_rigs_in_operation_etl_pipeline_dag.py
[2024-11-26T23:27:35.658+0000] {processor.py:829} INFO - Processing file /opt/airflow/dags/eia_natural_gas_rigs_in_operation_etl_pipeline_dag/eia_natural_gas_rigs_in_operation_etl_pipeline_dag.py for tasks to queue
[2024-11-26T23:27:35.661+0000] {logging_mixin.py:151} INFO - [2024-11-26T23:27:35.661+0000] {dagbag.py:539} INFO - Filling up the DagBag from /opt/airflow/dags/eia_natural_gas_rigs_in_operation_etl_pipeline_dag/eia_natural_gas_rigs_in_operation_etl_pipeline_dag.py
[2024-11-26T23:27:37.353+0000] {processor.py:839} INFO - DAG(s) dict_keys(['natural_gas_rigs_in_operation_etl_pipeline']) retrieved from /opt/airflow/dags/eia_natural_gas_rigs_in_operation_etl_pipeline_dag/eia_natural_gas_rigs_in_operation_etl_pipeline_dag.py
[2024-11-26T23:27:37.389+0000] {logging_mixin.py:151} INFO - [2024-11-26T23:27:37.389+0000] {dag.py:2907} INFO - Sync 1 DAGs
[2024-11-26T23:27:37.418+0000] {logging_mixin.py:151} INFO - [2024-11-26T23:27:37.418+0000] {dag.py:3677} INFO - Setting next_dagrun for natural_gas_rigs_in_operation_etl_pipeline to 2024-11-10T00:00:00+00:00, run_after=2024-12-10T00:00:00+00:00
[2024-11-26T23:27:37.445+0000] {processor.py:179} INFO - Processing /opt/airflow/dags/eia_natural_gas_rigs_in_operation_etl_pipeline_dag/eia_natural_gas_rigs_in_operation_etl_pipeline_dag.py took 1.793 seconds
[2024-11-26T23:28:09.072+0000] {processor.py:157} INFO - Started process (PID=2821) to work on /opt/airflow/dags/eia_natural_gas_rigs_in_operation_etl_pipeline_dag/eia_natural_gas_rigs_in_operation_etl_pipeline_dag.py
[2024-11-26T23:28:09.073+0000] {processor.py:829} INFO - Processing file /opt/airflow/dags/eia_natural_gas_rigs_in_operation_etl_pipeline_dag/eia_natural_gas_rigs_in_operation_etl_pipeline_dag.py for tasks to queue
[2024-11-26T23:28:09.075+0000] {logging_mixin.py:151} INFO - [2024-11-26T23:28:09.075+0000] {dagbag.py:539} INFO - Filling up the DagBag from /opt/airflow/dags/eia_natural_gas_rigs_in_operation_etl_pipeline_dag/eia_natural_gas_rigs_in_operation_etl_pipeline_dag.py
[2024-11-26T23:28:10.050+0000] {processor.py:839} INFO - DAG(s) dict_keys(['natural_gas_rigs_in_operation_etl_pipeline']) retrieved from /opt/airflow/dags/eia_natural_gas_rigs_in_operation_etl_pipeline_dag/eia_natural_gas_rigs_in_operation_etl_pipeline_dag.py
[2024-11-26T23:28:10.071+0000] {logging_mixin.py:151} INFO - [2024-11-26T23:28:10.071+0000] {dag.py:2907} INFO - Sync 1 DAGs
[2024-11-26T23:28:10.088+0000] {logging_mixin.py:151} INFO - [2024-11-26T23:28:10.088+0000] {dag.py:3677} INFO - Setting next_dagrun for natural_gas_rigs_in_operation_etl_pipeline to 2024-11-10T00:00:00+00:00, run_after=2024-12-10T00:00:00+00:00
[2024-11-26T23:28:10.104+0000] {processor.py:179} INFO - Processing /opt/airflow/dags/eia_natural_gas_rigs_in_operation_etl_pipeline_dag/eia_natural_gas_rigs_in_operation_etl_pipeline_dag.py took 1.035 seconds
