[2024-11-26T23:15:05.635+0000] {processor.py:157} INFO - Started process (PID=280) to work on /opt/airflow/dags/eia_heating_oil_spot_prices_etl_pipeline_dag/eia_heating_oil_spot_prices_etl_pipeline_dag.py
[2024-11-26T23:15:05.637+0000] {processor.py:829} INFO - Processing file /opt/airflow/dags/eia_heating_oil_spot_prices_etl_pipeline_dag/eia_heating_oil_spot_prices_etl_pipeline_dag.py for tasks to queue
[2024-11-26T23:15:05.641+0000] {logging_mixin.py:151} INFO - [2024-11-26T23:15:05.641+0000] {dagbag.py:539} INFO - Filling up the DagBag from /opt/airflow/dags/eia_heating_oil_spot_prices_etl_pipeline_dag/eia_heating_oil_spot_prices_etl_pipeline_dag.py
[2024-11-26T23:15:07.917+0000] {processor.py:839} INFO - DAG(s) dict_keys(['heating_oil_spot_prices_etl_pipeline']) retrieved from /opt/airflow/dags/eia_heating_oil_spot_prices_etl_pipeline_dag/eia_heating_oil_spot_prices_etl_pipeline_dag.py
[2024-11-26T23:15:07.969+0000] {logging_mixin.py:151} INFO - [2024-11-26T23:15:07.967+0000] {dag.py:2907} INFO - Sync 1 DAGs
[2024-11-26T23:15:08.018+0000] {logging_mixin.py:151} INFO - [2024-11-26T23:15:08.017+0000] {dag.py:3677} INFO - Setting next_dagrun for heating_oil_spot_prices_etl_pipeline to 2024-11-10T00:00:00+00:00, run_after=2024-12-10T00:00:00+00:00
[2024-11-26T23:15:08.066+0000] {processor.py:179} INFO - Processing /opt/airflow/dags/eia_heating_oil_spot_prices_etl_pipeline_dag/eia_heating_oil_spot_prices_etl_pipeline_dag.py took 2.437 seconds
[2024-11-26T23:15:50.630+0000] {processor.py:157} INFO - Started process (PID=404) to work on /opt/airflow/dags/eia_heating_oil_spot_prices_etl_pipeline_dag/eia_heating_oil_spot_prices_etl_pipeline_dag.py
[2024-11-26T23:15:50.634+0000] {processor.py:829} INFO - Processing file /opt/airflow/dags/eia_heating_oil_spot_prices_etl_pipeline_dag/eia_heating_oil_spot_prices_etl_pipeline_dag.py for tasks to queue
[2024-11-26T23:15:50.639+0000] {logging_mixin.py:151} INFO - [2024-11-26T23:15:50.638+0000] {dagbag.py:539} INFO - Filling up the DagBag from /opt/airflow/dags/eia_heating_oil_spot_prices_etl_pipeline_dag/eia_heating_oil_spot_prices_etl_pipeline_dag.py
[2024-11-26T23:15:53.655+0000] {processor.py:839} INFO - DAG(s) dict_keys(['heating_oil_spot_prices_etl_pipeline']) retrieved from /opt/airflow/dags/eia_heating_oil_spot_prices_etl_pipeline_dag/eia_heating_oil_spot_prices_etl_pipeline_dag.py
[2024-11-26T23:15:53.710+0000] {logging_mixin.py:151} INFO - [2024-11-26T23:15:53.708+0000] {dag.py:2907} INFO - Sync 1 DAGs
[2024-11-26T23:15:53.764+0000] {logging_mixin.py:151} INFO - [2024-11-26T23:15:53.763+0000] {dag.py:3677} INFO - Setting next_dagrun for heating_oil_spot_prices_etl_pipeline to 2024-11-10T00:00:00+00:00, run_after=2024-12-10T00:00:00+00:00
[2024-11-26T23:15:53.814+0000] {processor.py:179} INFO - Processing /opt/airflow/dags/eia_heating_oil_spot_prices_etl_pipeline_dag/eia_heating_oil_spot_prices_etl_pipeline_dag.py took 3.191 seconds
[2024-11-26T23:16:28.678+0000] {processor.py:157} INFO - Started process (PID=517) to work on /opt/airflow/dags/eia_heating_oil_spot_prices_etl_pipeline_dag/eia_heating_oil_spot_prices_etl_pipeline_dag.py
[2024-11-26T23:16:28.680+0000] {processor.py:829} INFO - Processing file /opt/airflow/dags/eia_heating_oil_spot_prices_etl_pipeline_dag/eia_heating_oil_spot_prices_etl_pipeline_dag.py for tasks to queue
[2024-11-26T23:16:28.686+0000] {logging_mixin.py:151} INFO - [2024-11-26T23:16:28.686+0000] {dagbag.py:539} INFO - Filling up the DagBag from /opt/airflow/dags/eia_heating_oil_spot_prices_etl_pipeline_dag/eia_heating_oil_spot_prices_etl_pipeline_dag.py
[2024-11-26T23:16:30.868+0000] {processor.py:839} INFO - DAG(s) dict_keys(['heating_oil_spot_prices_etl_pipeline']) retrieved from /opt/airflow/dags/eia_heating_oil_spot_prices_etl_pipeline_dag/eia_heating_oil_spot_prices_etl_pipeline_dag.py
[2024-11-26T23:16:30.916+0000] {logging_mixin.py:151} INFO - [2024-11-26T23:16:30.915+0000] {dag.py:2907} INFO - Sync 1 DAGs
[2024-11-26T23:16:30.956+0000] {logging_mixin.py:151} INFO - [2024-11-26T23:16:30.955+0000] {dag.py:3677} INFO - Setting next_dagrun for heating_oil_spot_prices_etl_pipeline to 2024-11-10T00:00:00+00:00, run_after=2024-12-10T00:00:00+00:00
[2024-11-26T23:16:30.993+0000] {processor.py:179} INFO - Processing /opt/airflow/dags/eia_heating_oil_spot_prices_etl_pipeline_dag/eia_heating_oil_spot_prices_etl_pipeline_dag.py took 2.324 seconds
[2024-11-26T23:17:14.379+0000] {processor.py:157} INFO - Started process (PID=652) to work on /opt/airflow/dags/eia_heating_oil_spot_prices_etl_pipeline_dag/eia_heating_oil_spot_prices_etl_pipeline_dag.py
[2024-11-26T23:17:14.381+0000] {processor.py:829} INFO - Processing file /opt/airflow/dags/eia_heating_oil_spot_prices_etl_pipeline_dag/eia_heating_oil_spot_prices_etl_pipeline_dag.py for tasks to queue
[2024-11-26T23:17:14.388+0000] {logging_mixin.py:151} INFO - [2024-11-26T23:17:14.387+0000] {dagbag.py:539} INFO - Filling up the DagBag from /opt/airflow/dags/eia_heating_oil_spot_prices_etl_pipeline_dag/eia_heating_oil_spot_prices_etl_pipeline_dag.py
[2024-11-26T23:17:17.574+0000] {processor.py:839} INFO - DAG(s) dict_keys(['heating_oil_spot_prices_etl_pipeline']) retrieved from /opt/airflow/dags/eia_heating_oil_spot_prices_etl_pipeline_dag/eia_heating_oil_spot_prices_etl_pipeline_dag.py
[2024-11-26T23:17:17.636+0000] {logging_mixin.py:151} INFO - [2024-11-26T23:17:17.635+0000] {dag.py:2907} INFO - Sync 1 DAGs
[2024-11-26T23:17:17.699+0000] {logging_mixin.py:151} INFO - [2024-11-26T23:17:17.699+0000] {dag.py:3677} INFO - Setting next_dagrun for heating_oil_spot_prices_etl_pipeline to 2024-11-10T00:00:00+00:00, run_after=2024-12-10T00:00:00+00:00
[2024-11-26T23:17:17.755+0000] {processor.py:179} INFO - Processing /opt/airflow/dags/eia_heating_oil_spot_prices_etl_pipeline_dag/eia_heating_oil_spot_prices_etl_pipeline_dag.py took 3.383 seconds
[2024-11-26T23:17:51.386+0000] {processor.py:157} INFO - Started process (PID=776) to work on /opt/airflow/dags/eia_heating_oil_spot_prices_etl_pipeline_dag/eia_heating_oil_spot_prices_etl_pipeline_dag.py
[2024-11-26T23:17:51.388+0000] {processor.py:829} INFO - Processing file /opt/airflow/dags/eia_heating_oil_spot_prices_etl_pipeline_dag/eia_heating_oil_spot_prices_etl_pipeline_dag.py for tasks to queue
[2024-11-26T23:17:51.391+0000] {logging_mixin.py:151} INFO - [2024-11-26T23:17:51.390+0000] {dagbag.py:539} INFO - Filling up the DagBag from /opt/airflow/dags/eia_heating_oil_spot_prices_etl_pipeline_dag/eia_heating_oil_spot_prices_etl_pipeline_dag.py
[2024-11-26T23:17:53.357+0000] {processor.py:839} INFO - DAG(s) dict_keys(['heating_oil_spot_prices_etl_pipeline']) retrieved from /opt/airflow/dags/eia_heating_oil_spot_prices_etl_pipeline_dag/eia_heating_oil_spot_prices_etl_pipeline_dag.py
[2024-11-26T23:17:53.406+0000] {logging_mixin.py:151} INFO - [2024-11-26T23:17:53.405+0000] {dag.py:2907} INFO - Sync 1 DAGs
[2024-11-26T23:17:53.453+0000] {logging_mixin.py:151} INFO - [2024-11-26T23:17:53.453+0000] {dag.py:3677} INFO - Setting next_dagrun for heating_oil_spot_prices_etl_pipeline to 2024-11-10T00:00:00+00:00, run_after=2024-12-10T00:00:00+00:00
[2024-11-26T23:17:53.501+0000] {processor.py:179} INFO - Processing /opt/airflow/dags/eia_heating_oil_spot_prices_etl_pipeline_dag/eia_heating_oil_spot_prices_etl_pipeline_dag.py took 2.121 seconds
[2024-11-26T23:18:37.183+0000] {processor.py:157} INFO - Started process (PID=900) to work on /opt/airflow/dags/eia_heating_oil_spot_prices_etl_pipeline_dag/eia_heating_oil_spot_prices_etl_pipeline_dag.py
[2024-11-26T23:18:37.186+0000] {processor.py:829} INFO - Processing file /opt/airflow/dags/eia_heating_oil_spot_prices_etl_pipeline_dag/eia_heating_oil_spot_prices_etl_pipeline_dag.py for tasks to queue
[2024-11-26T23:18:37.191+0000] {logging_mixin.py:151} INFO - [2024-11-26T23:18:37.190+0000] {dagbag.py:539} INFO - Filling up the DagBag from /opt/airflow/dags/eia_heating_oil_spot_prices_etl_pipeline_dag/eia_heating_oil_spot_prices_etl_pipeline_dag.py
[2024-11-26T23:18:39.342+0000] {processor.py:839} INFO - DAG(s) dict_keys(['heating_oil_spot_prices_etl_pipeline']) retrieved from /opt/airflow/dags/eia_heating_oil_spot_prices_etl_pipeline_dag/eia_heating_oil_spot_prices_etl_pipeline_dag.py
[2024-11-26T23:18:39.384+0000] {logging_mixin.py:151} INFO - [2024-11-26T23:18:39.383+0000] {dag.py:2907} INFO - Sync 1 DAGs
[2024-11-26T23:18:39.436+0000] {logging_mixin.py:151} INFO - [2024-11-26T23:18:39.435+0000] {dag.py:3677} INFO - Setting next_dagrun for heating_oil_spot_prices_etl_pipeline to 2024-11-10T00:00:00+00:00, run_after=2024-12-10T00:00:00+00:00
[2024-11-26T23:18:39.483+0000] {processor.py:179} INFO - Processing /opt/airflow/dags/eia_heating_oil_spot_prices_etl_pipeline_dag/eia_heating_oil_spot_prices_etl_pipeline_dag.py took 2.305 seconds
[2024-11-26T23:19:13.071+0000] {processor.py:157} INFO - Started process (PID=1024) to work on /opt/airflow/dags/eia_heating_oil_spot_prices_etl_pipeline_dag/eia_heating_oil_spot_prices_etl_pipeline_dag.py
[2024-11-26T23:19:13.074+0000] {processor.py:829} INFO - Processing file /opt/airflow/dags/eia_heating_oil_spot_prices_etl_pipeline_dag/eia_heating_oil_spot_prices_etl_pipeline_dag.py for tasks to queue
[2024-11-26T23:19:13.077+0000] {logging_mixin.py:151} INFO - [2024-11-26T23:19:13.077+0000] {dagbag.py:539} INFO - Filling up the DagBag from /opt/airflow/dags/eia_heating_oil_spot_prices_etl_pipeline_dag/eia_heating_oil_spot_prices_etl_pipeline_dag.py
[2024-11-26T23:19:14.976+0000] {processor.py:839} INFO - DAG(s) dict_keys(['heating_oil_spot_prices_etl_pipeline']) retrieved from /opt/airflow/dags/eia_heating_oil_spot_prices_etl_pipeline_dag/eia_heating_oil_spot_prices_etl_pipeline_dag.py
[2024-11-26T23:19:15.027+0000] {logging_mixin.py:151} INFO - [2024-11-26T23:19:15.025+0000] {dag.py:2907} INFO - Sync 1 DAGs
[2024-11-26T23:19:15.071+0000] {logging_mixin.py:151} INFO - [2024-11-26T23:19:15.070+0000] {dag.py:3677} INFO - Setting next_dagrun for heating_oil_spot_prices_etl_pipeline to 2024-11-10T00:00:00+00:00, run_after=2024-12-10T00:00:00+00:00
[2024-11-26T23:19:15.111+0000] {processor.py:179} INFO - Processing /opt/airflow/dags/eia_heating_oil_spot_prices_etl_pipeline_dag/eia_heating_oil_spot_prices_etl_pipeline_dag.py took 2.046 seconds
[2024-11-26T23:19:51.064+0000] {processor.py:157} INFO - Started process (PID=1148) to work on /opt/airflow/dags/eia_heating_oil_spot_prices_etl_pipeline_dag/eia_heating_oil_spot_prices_etl_pipeline_dag.py
[2024-11-26T23:19:51.065+0000] {processor.py:829} INFO - Processing file /opt/airflow/dags/eia_heating_oil_spot_prices_etl_pipeline_dag/eia_heating_oil_spot_prices_etl_pipeline_dag.py for tasks to queue
[2024-11-26T23:19:51.069+0000] {logging_mixin.py:151} INFO - [2024-11-26T23:19:51.069+0000] {dagbag.py:539} INFO - Filling up the DagBag from /opt/airflow/dags/eia_heating_oil_spot_prices_etl_pipeline_dag/eia_heating_oil_spot_prices_etl_pipeline_dag.py
[2024-11-26T23:19:52.783+0000] {processor.py:839} INFO - DAG(s) dict_keys(['heating_oil_spot_prices_etl_pipeline']) retrieved from /opt/airflow/dags/eia_heating_oil_spot_prices_etl_pipeline_dag/eia_heating_oil_spot_prices_etl_pipeline_dag.py
[2024-11-26T23:19:52.823+0000] {logging_mixin.py:151} INFO - [2024-11-26T23:19:52.822+0000] {dag.py:2907} INFO - Sync 1 DAGs
[2024-11-26T23:19:52.859+0000] {logging_mixin.py:151} INFO - [2024-11-26T23:19:52.859+0000] {dag.py:3677} INFO - Setting next_dagrun for heating_oil_spot_prices_etl_pipeline to 2024-11-10T00:00:00+00:00, run_after=2024-12-10T00:00:00+00:00
[2024-11-26T23:19:52.893+0000] {processor.py:179} INFO - Processing /opt/airflow/dags/eia_heating_oil_spot_prices_etl_pipeline_dag/eia_heating_oil_spot_prices_etl_pipeline_dag.py took 1.835 seconds
[2024-11-26T23:20:28.529+0000] {processor.py:157} INFO - Started process (PID=1272) to work on /opt/airflow/dags/eia_heating_oil_spot_prices_etl_pipeline_dag/eia_heating_oil_spot_prices_etl_pipeline_dag.py
[2024-11-26T23:20:28.531+0000] {processor.py:829} INFO - Processing file /opt/airflow/dags/eia_heating_oil_spot_prices_etl_pipeline_dag/eia_heating_oil_spot_prices_etl_pipeline_dag.py for tasks to queue
[2024-11-26T23:20:28.534+0000] {logging_mixin.py:151} INFO - [2024-11-26T23:20:28.534+0000] {dagbag.py:539} INFO - Filling up the DagBag from /opt/airflow/dags/eia_heating_oil_spot_prices_etl_pipeline_dag/eia_heating_oil_spot_prices_etl_pipeline_dag.py
[2024-11-26T23:20:30.398+0000] {processor.py:839} INFO - DAG(s) dict_keys(['heating_oil_spot_prices_etl_pipeline']) retrieved from /opt/airflow/dags/eia_heating_oil_spot_prices_etl_pipeline_dag/eia_heating_oil_spot_prices_etl_pipeline_dag.py
[2024-11-26T23:20:30.441+0000] {logging_mixin.py:151} INFO - [2024-11-26T23:20:30.440+0000] {dag.py:2907} INFO - Sync 1 DAGs
[2024-11-26T23:20:30.484+0000] {logging_mixin.py:151} INFO - [2024-11-26T23:20:30.483+0000] {dag.py:3677} INFO - Setting next_dagrun for heating_oil_spot_prices_etl_pipeline to 2024-11-10T00:00:00+00:00, run_after=2024-12-10T00:00:00+00:00
[2024-11-26T23:20:30.548+0000] {processor.py:179} INFO - Processing /opt/airflow/dags/eia_heating_oil_spot_prices_etl_pipeline_dag/eia_heating_oil_spot_prices_etl_pipeline_dag.py took 2.024 seconds
[2024-11-26T23:21:06.703+0000] {processor.py:157} INFO - Started process (PID=1396) to work on /opt/airflow/dags/eia_heating_oil_spot_prices_etl_pipeline_dag/eia_heating_oil_spot_prices_etl_pipeline_dag.py
[2024-11-26T23:21:06.704+0000] {processor.py:829} INFO - Processing file /opt/airflow/dags/eia_heating_oil_spot_prices_etl_pipeline_dag/eia_heating_oil_spot_prices_etl_pipeline_dag.py for tasks to queue
[2024-11-26T23:21:06.707+0000] {logging_mixin.py:151} INFO - [2024-11-26T23:21:06.707+0000] {dagbag.py:539} INFO - Filling up the DagBag from /opt/airflow/dags/eia_heating_oil_spot_prices_etl_pipeline_dag/eia_heating_oil_spot_prices_etl_pipeline_dag.py
[2024-11-26T23:21:08.452+0000] {processor.py:839} INFO - DAG(s) dict_keys(['heating_oil_spot_prices_etl_pipeline']) retrieved from /opt/airflow/dags/eia_heating_oil_spot_prices_etl_pipeline_dag/eia_heating_oil_spot_prices_etl_pipeline_dag.py
[2024-11-26T23:21:08.491+0000] {logging_mixin.py:151} INFO - [2024-11-26T23:21:08.490+0000] {dag.py:2907} INFO - Sync 1 DAGs
[2024-11-26T23:21:08.533+0000] {logging_mixin.py:151} INFO - [2024-11-26T23:21:08.533+0000] {dag.py:3677} INFO - Setting next_dagrun for heating_oil_spot_prices_etl_pipeline to 2024-11-10T00:00:00+00:00, run_after=2024-12-10T00:00:00+00:00
[2024-11-26T23:21:08.569+0000] {processor.py:179} INFO - Processing /opt/airflow/dags/eia_heating_oil_spot_prices_etl_pipeline_dag/eia_heating_oil_spot_prices_etl_pipeline_dag.py took 1.871 seconds
[2024-11-26T23:21:44.573+0000] {processor.py:157} INFO - Started process (PID=1520) to work on /opt/airflow/dags/eia_heating_oil_spot_prices_etl_pipeline_dag/eia_heating_oil_spot_prices_etl_pipeline_dag.py
[2024-11-26T23:21:44.575+0000] {processor.py:829} INFO - Processing file /opt/airflow/dags/eia_heating_oil_spot_prices_etl_pipeline_dag/eia_heating_oil_spot_prices_etl_pipeline_dag.py for tasks to queue
[2024-11-26T23:21:44.579+0000] {logging_mixin.py:151} INFO - [2024-11-26T23:21:44.579+0000] {dagbag.py:539} INFO - Filling up the DagBag from /opt/airflow/dags/eia_heating_oil_spot_prices_etl_pipeline_dag/eia_heating_oil_spot_prices_etl_pipeline_dag.py
[2024-11-26T23:21:46.807+0000] {processor.py:839} INFO - DAG(s) dict_keys(['heating_oil_spot_prices_etl_pipeline']) retrieved from /opt/airflow/dags/eia_heating_oil_spot_prices_etl_pipeline_dag/eia_heating_oil_spot_prices_etl_pipeline_dag.py
[2024-11-26T23:21:46.871+0000] {logging_mixin.py:151} INFO - [2024-11-26T23:21:46.870+0000] {dag.py:2907} INFO - Sync 1 DAGs
[2024-11-26T23:21:46.920+0000] {logging_mixin.py:151} INFO - [2024-11-26T23:21:46.919+0000] {dag.py:3677} INFO - Setting next_dagrun for heating_oil_spot_prices_etl_pipeline to 2024-11-10T00:00:00+00:00, run_after=2024-12-10T00:00:00+00:00
[2024-11-26T23:21:46.968+0000] {processor.py:179} INFO - Processing /opt/airflow/dags/eia_heating_oil_spot_prices_etl_pipeline_dag/eia_heating_oil_spot_prices_etl_pipeline_dag.py took 2.399 seconds
[2024-11-26T23:22:21.947+0000] {processor.py:157} INFO - Started process (PID=1644) to work on /opt/airflow/dags/eia_heating_oil_spot_prices_etl_pipeline_dag/eia_heating_oil_spot_prices_etl_pipeline_dag.py
[2024-11-26T23:22:21.949+0000] {processor.py:829} INFO - Processing file /opt/airflow/dags/eia_heating_oil_spot_prices_etl_pipeline_dag/eia_heating_oil_spot_prices_etl_pipeline_dag.py for tasks to queue
[2024-11-26T23:22:21.952+0000] {logging_mixin.py:151} INFO - [2024-11-26T23:22:21.951+0000] {dagbag.py:539} INFO - Filling up the DagBag from /opt/airflow/dags/eia_heating_oil_spot_prices_etl_pipeline_dag/eia_heating_oil_spot_prices_etl_pipeline_dag.py
[2024-11-26T23:22:23.708+0000] {processor.py:839} INFO - DAG(s) dict_keys(['heating_oil_spot_prices_etl_pipeline']) retrieved from /opt/airflow/dags/eia_heating_oil_spot_prices_etl_pipeline_dag/eia_heating_oil_spot_prices_etl_pipeline_dag.py
[2024-11-26T23:22:23.757+0000] {logging_mixin.py:151} INFO - [2024-11-26T23:22:23.756+0000] {dag.py:2907} INFO - Sync 1 DAGs
[2024-11-26T23:22:23.805+0000] {logging_mixin.py:151} INFO - [2024-11-26T23:22:23.805+0000] {dag.py:3677} INFO - Setting next_dagrun for heating_oil_spot_prices_etl_pipeline to 2024-11-10T00:00:00+00:00, run_after=2024-12-10T00:00:00+00:00
[2024-11-26T23:22:23.846+0000] {processor.py:179} INFO - Processing /opt/airflow/dags/eia_heating_oil_spot_prices_etl_pipeline_dag/eia_heating_oil_spot_prices_etl_pipeline_dag.py took 1.904 seconds
[2024-11-26T23:23:06.793+0000] {processor.py:157} INFO - Started process (PID=1768) to work on /opt/airflow/dags/eia_heating_oil_spot_prices_etl_pipeline_dag/eia_heating_oil_spot_prices_etl_pipeline_dag.py
[2024-11-26T23:23:06.795+0000] {processor.py:829} INFO - Processing file /opt/airflow/dags/eia_heating_oil_spot_prices_etl_pipeline_dag/eia_heating_oil_spot_prices_etl_pipeline_dag.py for tasks to queue
[2024-11-26T23:23:06.798+0000] {logging_mixin.py:151} INFO - [2024-11-26T23:23:06.797+0000] {dagbag.py:539} INFO - Filling up the DagBag from /opt/airflow/dags/eia_heating_oil_spot_prices_etl_pipeline_dag/eia_heating_oil_spot_prices_etl_pipeline_dag.py
[2024-11-26T23:23:08.656+0000] {processor.py:839} INFO - DAG(s) dict_keys(['heating_oil_spot_prices_etl_pipeline']) retrieved from /opt/airflow/dags/eia_heating_oil_spot_prices_etl_pipeline_dag/eia_heating_oil_spot_prices_etl_pipeline_dag.py
[2024-11-26T23:23:08.694+0000] {logging_mixin.py:151} INFO - [2024-11-26T23:23:08.693+0000] {dag.py:2907} INFO - Sync 1 DAGs
[2024-11-26T23:23:08.730+0000] {logging_mixin.py:151} INFO - [2024-11-26T23:23:08.730+0000] {dag.py:3677} INFO - Setting next_dagrun for heating_oil_spot_prices_etl_pipeline to 2024-11-10T00:00:00+00:00, run_after=2024-12-10T00:00:00+00:00
[2024-11-26T23:23:08.763+0000] {processor.py:179} INFO - Processing /opt/airflow/dags/eia_heating_oil_spot_prices_etl_pipeline_dag/eia_heating_oil_spot_prices_etl_pipeline_dag.py took 1.976 seconds
[2024-11-26T23:23:40.896+0000] {processor.py:157} INFO - Started process (PID=1894) to work on /opt/airflow/dags/eia_heating_oil_spot_prices_etl_pipeline_dag/eia_heating_oil_spot_prices_etl_pipeline_dag.py
[2024-11-26T23:23:40.897+0000] {processor.py:829} INFO - Processing file /opt/airflow/dags/eia_heating_oil_spot_prices_etl_pipeline_dag/eia_heating_oil_spot_prices_etl_pipeline_dag.py for tasks to queue
[2024-11-26T23:23:40.900+0000] {logging_mixin.py:151} INFO - [2024-11-26T23:23:40.900+0000] {dagbag.py:539} INFO - Filling up the DagBag from /opt/airflow/dags/eia_heating_oil_spot_prices_etl_pipeline_dag/eia_heating_oil_spot_prices_etl_pipeline_dag.py
[2024-11-26T23:23:42.065+0000] {processor.py:839} INFO - DAG(s) dict_keys(['heating_oil_spot_prices_etl_pipeline']) retrieved from /opt/airflow/dags/eia_heating_oil_spot_prices_etl_pipeline_dag/eia_heating_oil_spot_prices_etl_pipeline_dag.py
[2024-11-26T23:23:42.087+0000] {logging_mixin.py:151} INFO - [2024-11-26T23:23:42.086+0000] {dag.py:2907} INFO - Sync 1 DAGs
[2024-11-26T23:23:42.116+0000] {logging_mixin.py:151} INFO - [2024-11-26T23:23:42.115+0000] {dag.py:3677} INFO - Setting next_dagrun for heating_oil_spot_prices_etl_pipeline to 2024-11-10T00:00:00+00:00, run_after=2024-12-10T00:00:00+00:00
[2024-11-26T23:23:42.140+0000] {processor.py:179} INFO - Processing /opt/airflow/dags/eia_heating_oil_spot_prices_etl_pipeline_dag/eia_heating_oil_spot_prices_etl_pipeline_dag.py took 1.248 seconds
[2024-11-26T23:24:14.590+0000] {processor.py:157} INFO - Started process (PID=2016) to work on /opt/airflow/dags/eia_heating_oil_spot_prices_etl_pipeline_dag/eia_heating_oil_spot_prices_etl_pipeline_dag.py
[2024-11-26T23:24:14.591+0000] {processor.py:829} INFO - Processing file /opt/airflow/dags/eia_heating_oil_spot_prices_etl_pipeline_dag/eia_heating_oil_spot_prices_etl_pipeline_dag.py for tasks to queue
[2024-11-26T23:24:14.593+0000] {logging_mixin.py:151} INFO - [2024-11-26T23:24:14.592+0000] {dagbag.py:539} INFO - Filling up the DagBag from /opt/airflow/dags/eia_heating_oil_spot_prices_etl_pipeline_dag/eia_heating_oil_spot_prices_etl_pipeline_dag.py
[2024-11-26T23:24:15.421+0000] {processor.py:839} INFO - DAG(s) dict_keys(['heating_oil_spot_prices_etl_pipeline']) retrieved from /opt/airflow/dags/eia_heating_oil_spot_prices_etl_pipeline_dag/eia_heating_oil_spot_prices_etl_pipeline_dag.py
[2024-11-26T23:24:15.442+0000] {logging_mixin.py:151} INFO - [2024-11-26T23:24:15.440+0000] {dag.py:2907} INFO - Sync 1 DAGs
[2024-11-26T23:24:15.461+0000] {logging_mixin.py:151} INFO - [2024-11-26T23:24:15.461+0000] {dag.py:3677} INFO - Setting next_dagrun for heating_oil_spot_prices_etl_pipeline to 2024-11-10T00:00:00+00:00, run_after=2024-12-10T00:00:00+00:00
[2024-11-26T23:24:15.515+0000] {processor.py:179} INFO - Processing /opt/airflow/dags/eia_heating_oil_spot_prices_etl_pipeline_dag/eia_heating_oil_spot_prices_etl_pipeline_dag.py took 0.927 seconds
[2024-11-26T23:24:49.665+0000] {processor.py:157} INFO - Started process (PID=2129) to work on /opt/airflow/dags/eia_heating_oil_spot_prices_etl_pipeline_dag/eia_heating_oil_spot_prices_etl_pipeline_dag.py
[2024-11-26T23:24:49.666+0000] {processor.py:829} INFO - Processing file /opt/airflow/dags/eia_heating_oil_spot_prices_etl_pipeline_dag/eia_heating_oil_spot_prices_etl_pipeline_dag.py for tasks to queue
[2024-11-26T23:24:49.668+0000] {logging_mixin.py:151} INFO - [2024-11-26T23:24:49.668+0000] {dagbag.py:539} INFO - Filling up the DagBag from /opt/airflow/dags/eia_heating_oil_spot_prices_etl_pipeline_dag/eia_heating_oil_spot_prices_etl_pipeline_dag.py
[2024-11-26T23:24:50.640+0000] {processor.py:839} INFO - DAG(s) dict_keys(['heating_oil_spot_prices_etl_pipeline']) retrieved from /opt/airflow/dags/eia_heating_oil_spot_prices_etl_pipeline_dag/eia_heating_oil_spot_prices_etl_pipeline_dag.py
[2024-11-26T23:24:50.660+0000] {logging_mixin.py:151} INFO - [2024-11-26T23:24:50.660+0000] {dag.py:2907} INFO - Sync 1 DAGs
[2024-11-26T23:24:50.678+0000] {logging_mixin.py:151} INFO - [2024-11-26T23:24:50.678+0000] {dag.py:3677} INFO - Setting next_dagrun for heating_oil_spot_prices_etl_pipeline to 2024-11-10T00:00:00+00:00, run_after=2024-12-10T00:00:00+00:00
[2024-11-26T23:24:50.694+0000] {processor.py:179} INFO - Processing /opt/airflow/dags/eia_heating_oil_spot_prices_etl_pipeline_dag/eia_heating_oil_spot_prices_etl_pipeline_dag.py took 1.032 seconds
[2024-11-26T23:25:22.768+0000] {processor.py:157} INFO - Started process (PID=2269) to work on /opt/airflow/dags/eia_heating_oil_spot_prices_etl_pipeline_dag/eia_heating_oil_spot_prices_etl_pipeline_dag.py
[2024-11-26T23:25:22.769+0000] {processor.py:829} INFO - Processing file /opt/airflow/dags/eia_heating_oil_spot_prices_etl_pipeline_dag/eia_heating_oil_spot_prices_etl_pipeline_dag.py for tasks to queue
[2024-11-26T23:25:22.770+0000] {logging_mixin.py:151} INFO - [2024-11-26T23:25:22.770+0000] {dagbag.py:539} INFO - Filling up the DagBag from /opt/airflow/dags/eia_heating_oil_spot_prices_etl_pipeline_dag/eia_heating_oil_spot_prices_etl_pipeline_dag.py
[2024-11-26T23:25:23.541+0000] {processor.py:839} INFO - DAG(s) dict_keys(['heating_oil_spot_prices_etl_pipeline']) retrieved from /opt/airflow/dags/eia_heating_oil_spot_prices_etl_pipeline_dag/eia_heating_oil_spot_prices_etl_pipeline_dag.py
[2024-11-26T23:25:23.561+0000] {logging_mixin.py:151} INFO - [2024-11-26T23:25:23.560+0000] {dag.py:2907} INFO - Sync 1 DAGs
[2024-11-26T23:25:23.579+0000] {logging_mixin.py:151} INFO - [2024-11-26T23:25:23.579+0000] {dag.py:3677} INFO - Setting next_dagrun for heating_oil_spot_prices_etl_pipeline to 2024-11-10T00:00:00+00:00, run_after=2024-12-10T00:00:00+00:00
[2024-11-26T23:25:23.595+0000] {processor.py:179} INFO - Processing /opt/airflow/dags/eia_heating_oil_spot_prices_etl_pipeline_dag/eia_heating_oil_spot_prices_etl_pipeline_dag.py took 0.830 seconds
[2024-11-26T23:25:56.788+0000] {processor.py:157} INFO - Started process (PID=2394) to work on /opt/airflow/dags/eia_heating_oil_spot_prices_etl_pipeline_dag/eia_heating_oil_spot_prices_etl_pipeline_dag.py
[2024-11-26T23:25:56.790+0000] {processor.py:829} INFO - Processing file /opt/airflow/dags/eia_heating_oil_spot_prices_etl_pipeline_dag/eia_heating_oil_spot_prices_etl_pipeline_dag.py for tasks to queue
[2024-11-26T23:25:56.794+0000] {logging_mixin.py:151} INFO - [2024-11-26T23:25:56.794+0000] {dagbag.py:539} INFO - Filling up the DagBag from /opt/airflow/dags/eia_heating_oil_spot_prices_etl_pipeline_dag/eia_heating_oil_spot_prices_etl_pipeline_dag.py
[2024-11-26T23:25:57.700+0000] {processor.py:839} INFO - DAG(s) dict_keys(['heating_oil_spot_prices_etl_pipeline']) retrieved from /opt/airflow/dags/eia_heating_oil_spot_prices_etl_pipeline_dag/eia_heating_oil_spot_prices_etl_pipeline_dag.py
[2024-11-26T23:25:57.720+0000] {logging_mixin.py:151} INFO - [2024-11-26T23:25:57.719+0000] {dag.py:2907} INFO - Sync 1 DAGs
[2024-11-26T23:25:57.737+0000] {logging_mixin.py:151} INFO - [2024-11-26T23:25:57.737+0000] {dag.py:3677} INFO - Setting next_dagrun for heating_oil_spot_prices_etl_pipeline to 2024-11-10T00:00:00+00:00, run_after=2024-12-10T00:00:00+00:00
[2024-11-26T23:25:57.757+0000] {processor.py:179} INFO - Processing /opt/airflow/dags/eia_heating_oil_spot_prices_etl_pipeline_dag/eia_heating_oil_spot_prices_etl_pipeline_dag.py took 0.973 seconds
[2024-11-26T23:26:30.036+0000] {processor.py:157} INFO - Started process (PID=2517) to work on /opt/airflow/dags/eia_heating_oil_spot_prices_etl_pipeline_dag/eia_heating_oil_spot_prices_etl_pipeline_dag.py
[2024-11-26T23:26:30.037+0000] {processor.py:829} INFO - Processing file /opt/airflow/dags/eia_heating_oil_spot_prices_etl_pipeline_dag/eia_heating_oil_spot_prices_etl_pipeline_dag.py for tasks to queue
[2024-11-26T23:26:30.039+0000] {logging_mixin.py:151} INFO - [2024-11-26T23:26:30.039+0000] {dagbag.py:539} INFO - Filling up the DagBag from /opt/airflow/dags/eia_heating_oil_spot_prices_etl_pipeline_dag/eia_heating_oil_spot_prices_etl_pipeline_dag.py
[2024-11-26T23:26:30.807+0000] {processor.py:839} INFO - DAG(s) dict_keys(['heating_oil_spot_prices_etl_pipeline']) retrieved from /opt/airflow/dags/eia_heating_oil_spot_prices_etl_pipeline_dag/eia_heating_oil_spot_prices_etl_pipeline_dag.py
[2024-11-26T23:26:30.825+0000] {logging_mixin.py:151} INFO - [2024-11-26T23:26:30.824+0000] {dag.py:2907} INFO - Sync 1 DAGs
[2024-11-26T23:26:30.843+0000] {logging_mixin.py:151} INFO - [2024-11-26T23:26:30.843+0000] {dag.py:3677} INFO - Setting next_dagrun for heating_oil_spot_prices_etl_pipeline to 2024-11-10T00:00:00+00:00, run_after=2024-12-10T00:00:00+00:00
[2024-11-26T23:26:30.857+0000] {processor.py:179} INFO - Processing /opt/airflow/dags/eia_heating_oil_spot_prices_etl_pipeline_dag/eia_heating_oil_spot_prices_etl_pipeline_dag.py took 0.824 seconds
[2024-11-26T23:27:02.994+0000] {processor.py:157} INFO - Started process (PID=2641) to work on /opt/airflow/dags/eia_heating_oil_spot_prices_etl_pipeline_dag/eia_heating_oil_spot_prices_etl_pipeline_dag.py
[2024-11-26T23:27:02.995+0000] {processor.py:829} INFO - Processing file /opt/airflow/dags/eia_heating_oil_spot_prices_etl_pipeline_dag/eia_heating_oil_spot_prices_etl_pipeline_dag.py for tasks to queue
[2024-11-26T23:27:02.996+0000] {logging_mixin.py:151} INFO - [2024-11-26T23:27:02.996+0000] {dagbag.py:539} INFO - Filling up the DagBag from /opt/airflow/dags/eia_heating_oil_spot_prices_etl_pipeline_dag/eia_heating_oil_spot_prices_etl_pipeline_dag.py
[2024-11-26T23:27:03.753+0000] {processor.py:839} INFO - DAG(s) dict_keys(['heating_oil_spot_prices_etl_pipeline']) retrieved from /opt/airflow/dags/eia_heating_oil_spot_prices_etl_pipeline_dag/eia_heating_oil_spot_prices_etl_pipeline_dag.py
[2024-11-26T23:27:03.773+0000] {logging_mixin.py:151} INFO - [2024-11-26T23:27:03.771+0000] {dag.py:2907} INFO - Sync 1 DAGs
[2024-11-26T23:27:03.789+0000] {logging_mixin.py:151} INFO - [2024-11-26T23:27:03.789+0000] {dag.py:3677} INFO - Setting next_dagrun for heating_oil_spot_prices_etl_pipeline to 2024-11-10T00:00:00+00:00, run_after=2024-12-10T00:00:00+00:00
[2024-11-26T23:27:03.814+0000] {processor.py:179} INFO - Processing /opt/airflow/dags/eia_heating_oil_spot_prices_etl_pipeline_dag/eia_heating_oil_spot_prices_etl_pipeline_dag.py took 0.822 seconds
[2024-11-26T23:27:39.428+0000] {processor.py:157} INFO - Started process (PID=2754) to work on /opt/airflow/dags/eia_heating_oil_spot_prices_etl_pipeline_dag/eia_heating_oil_spot_prices_etl_pipeline_dag.py
[2024-11-26T23:27:39.430+0000] {processor.py:829} INFO - Processing file /opt/airflow/dags/eia_heating_oil_spot_prices_etl_pipeline_dag/eia_heating_oil_spot_prices_etl_pipeline_dag.py for tasks to queue
[2024-11-26T23:27:39.433+0000] {logging_mixin.py:151} INFO - [2024-11-26T23:27:39.432+0000] {dagbag.py:539} INFO - Filling up the DagBag from /opt/airflow/dags/eia_heating_oil_spot_prices_etl_pipeline_dag/eia_heating_oil_spot_prices_etl_pipeline_dag.py
[2024-11-26T23:27:41.421+0000] {processor.py:839} INFO - DAG(s) dict_keys(['heating_oil_spot_prices_etl_pipeline']) retrieved from /opt/airflow/dags/eia_heating_oil_spot_prices_etl_pipeline_dag/eia_heating_oil_spot_prices_etl_pipeline_dag.py
[2024-11-26T23:27:41.451+0000] {logging_mixin.py:151} INFO - [2024-11-26T23:27:41.450+0000] {dag.py:2907} INFO - Sync 1 DAGs
[2024-11-26T23:27:41.479+0000] {logging_mixin.py:151} INFO - [2024-11-26T23:27:41.479+0000] {dag.py:3677} INFO - Setting next_dagrun for heating_oil_spot_prices_etl_pipeline to 2024-11-10T00:00:00+00:00, run_after=2024-12-10T00:00:00+00:00
[2024-11-26T23:27:41.513+0000] {processor.py:179} INFO - Processing /opt/airflow/dags/eia_heating_oil_spot_prices_etl_pipeline_dag/eia_heating_oil_spot_prices_etl_pipeline_dag.py took 2.089 seconds
[2024-11-26T23:28:12.064+0000] {processor.py:157} INFO - Started process (PID=2891) to work on /opt/airflow/dags/eia_heating_oil_spot_prices_etl_pipeline_dag/eia_heating_oil_spot_prices_etl_pipeline_dag.py
[2024-11-26T23:28:12.065+0000] {processor.py:829} INFO - Processing file /opt/airflow/dags/eia_heating_oil_spot_prices_etl_pipeline_dag/eia_heating_oil_spot_prices_etl_pipeline_dag.py for tasks to queue
[2024-11-26T23:28:12.067+0000] {logging_mixin.py:151} INFO - [2024-11-26T23:28:12.067+0000] {dagbag.py:539} INFO - Filling up the DagBag from /opt/airflow/dags/eia_heating_oil_spot_prices_etl_pipeline_dag/eia_heating_oil_spot_prices_etl_pipeline_dag.py
[2024-11-26T23:28:12.842+0000] {processor.py:839} INFO - DAG(s) dict_keys(['heating_oil_spot_prices_etl_pipeline']) retrieved from /opt/airflow/dags/eia_heating_oil_spot_prices_etl_pipeline_dag/eia_heating_oil_spot_prices_etl_pipeline_dag.py
[2024-11-26T23:28:12.861+0000] {logging_mixin.py:151} INFO - [2024-11-26T23:28:12.861+0000] {dag.py:2907} INFO - Sync 1 DAGs
[2024-11-26T23:28:12.881+0000] {logging_mixin.py:151} INFO - [2024-11-26T23:28:12.881+0000] {dag.py:3677} INFO - Setting next_dagrun for heating_oil_spot_prices_etl_pipeline to 2024-11-10T00:00:00+00:00, run_after=2024-12-10T00:00:00+00:00
[2024-11-26T23:28:12.903+0000] {processor.py:179} INFO - Processing /opt/airflow/dags/eia_heating_oil_spot_prices_etl_pipeline_dag/eia_heating_oil_spot_prices_etl_pipeline_dag.py took 0.841 seconds
