[2024-11-26T23:15:02.967+0000] {processor.py:157} INFO - Started process (PID=246) to work on /opt/airflow/dags/noaa_etl_pipeline_dag/noaa_etl_pipeline_dag.py
[2024-11-26T23:15:02.968+0000] {processor.py:829} INFO - Processing file /opt/airflow/dags/noaa_etl_pipeline_dag/noaa_etl_pipeline_dag.py for tasks to queue
[2024-11-26T23:15:02.972+0000] {logging_mixin.py:151} INFO - [2024-11-26T23:15:02.972+0000] {dagbag.py:539} INFO - Filling up the DagBag from /opt/airflow/dags/noaa_etl_pipeline_dag/noaa_etl_pipeline_dag.py
[2024-11-26T23:15:05.326+0000] {processor.py:839} INFO - DAG(s) dict_keys(['noaa_etl_pipeline']) retrieved from /opt/airflow/dags/noaa_etl_pipeline_dag/noaa_etl_pipeline_dag.py
[2024-11-26T23:15:05.383+0000] {logging_mixin.py:151} INFO - [2024-11-26T23:15:05.381+0000] {dag.py:2907} INFO - Sync 1 DAGs
[2024-11-26T23:15:05.447+0000] {logging_mixin.py:151} INFO - [2024-11-26T23:15:05.446+0000] {dag.py:3677} INFO - Setting next_dagrun for noaa_etl_pipeline to 2024-11-10T00:00:00+00:00, run_after=2024-12-10T00:00:00+00:00
[2024-11-26T23:15:05.508+0000] {processor.py:179} INFO - Processing /opt/airflow/dags/noaa_etl_pipeline_dag/noaa_etl_pipeline_dag.py took 2.547 seconds
[2024-11-26T23:15:47.351+0000] {processor.py:157} INFO - Started process (PID=372) to work on /opt/airflow/dags/noaa_etl_pipeline_dag/noaa_etl_pipeline_dag.py
[2024-11-26T23:15:47.354+0000] {processor.py:829} INFO - Processing file /opt/airflow/dags/noaa_etl_pipeline_dag/noaa_etl_pipeline_dag.py for tasks to queue
[2024-11-26T23:15:47.358+0000] {logging_mixin.py:151} INFO - [2024-11-26T23:15:47.358+0000] {dagbag.py:539} INFO - Filling up the DagBag from /opt/airflow/dags/noaa_etl_pipeline_dag/noaa_etl_pipeline_dag.py
[2024-11-26T23:15:50.450+0000] {processor.py:839} INFO - DAG(s) dict_keys(['noaa_etl_pipeline']) retrieved from /opt/airflow/dags/noaa_etl_pipeline_dag/noaa_etl_pipeline_dag.py
[2024-11-26T23:15:50.506+0000] {logging_mixin.py:151} INFO - [2024-11-26T23:15:50.504+0000] {dag.py:2907} INFO - Sync 1 DAGs
[2024-11-26T23:15:50.560+0000] {logging_mixin.py:151} INFO - [2024-11-26T23:15:50.560+0000] {dag.py:3677} INFO - Setting next_dagrun for noaa_etl_pipeline to 2024-11-10T00:00:00+00:00, run_after=2024-12-10T00:00:00+00:00
[2024-11-26T23:15:50.613+0000] {processor.py:179} INFO - Processing /opt/airflow/dags/noaa_etl_pipeline_dag/noaa_etl_pipeline_dag.py took 3.266 seconds
[2024-11-26T23:16:26.198+0000] {processor.py:157} INFO - Started process (PID=494) to work on /opt/airflow/dags/noaa_etl_pipeline_dag/noaa_etl_pipeline_dag.py
[2024-11-26T23:16:26.200+0000] {processor.py:829} INFO - Processing file /opt/airflow/dags/noaa_etl_pipeline_dag/noaa_etl_pipeline_dag.py for tasks to queue
[2024-11-26T23:16:26.204+0000] {logging_mixin.py:151} INFO - [2024-11-26T23:16:26.203+0000] {dagbag.py:539} INFO - Filling up the DagBag from /opt/airflow/dags/noaa_etl_pipeline_dag/noaa_etl_pipeline_dag.py
[2024-11-26T23:16:28.442+0000] {processor.py:839} INFO - DAG(s) dict_keys(['noaa_etl_pipeline']) retrieved from /opt/airflow/dags/noaa_etl_pipeline_dag/noaa_etl_pipeline_dag.py
[2024-11-26T23:16:28.493+0000] {logging_mixin.py:151} INFO - [2024-11-26T23:16:28.491+0000] {dag.py:2907} INFO - Sync 1 DAGs
[2024-11-26T23:16:28.543+0000] {logging_mixin.py:151} INFO - [2024-11-26T23:16:28.542+0000] {dag.py:3677} INFO - Setting next_dagrun for noaa_etl_pipeline to 2024-11-10T00:00:00+00:00, run_after=2024-12-10T00:00:00+00:00
[2024-11-26T23:16:28.587+0000] {processor.py:179} INFO - Processing /opt/airflow/dags/noaa_etl_pipeline_dag/noaa_etl_pipeline_dag.py took 2.395 seconds
[2024-11-26T23:17:10.693+0000] {processor.py:157} INFO - Started process (PID=618) to work on /opt/airflow/dags/noaa_etl_pipeline_dag/noaa_etl_pipeline_dag.py
[2024-11-26T23:17:10.696+0000] {processor.py:829} INFO - Processing file /opt/airflow/dags/noaa_etl_pipeline_dag/noaa_etl_pipeline_dag.py for tasks to queue
[2024-11-26T23:17:10.700+0000] {logging_mixin.py:151} INFO - [2024-11-26T23:17:10.700+0000] {dagbag.py:539} INFO - Filling up the DagBag from /opt/airflow/dags/noaa_etl_pipeline_dag/noaa_etl_pipeline_dag.py
[2024-11-26T23:17:14.052+0000] {processor.py:839} INFO - DAG(s) dict_keys(['noaa_etl_pipeline']) retrieved from /opt/airflow/dags/noaa_etl_pipeline_dag/noaa_etl_pipeline_dag.py
[2024-11-26T23:17:14.107+0000] {logging_mixin.py:151} INFO - [2024-11-26T23:17:14.105+0000] {dag.py:2907} INFO - Sync 1 DAGs
[2024-11-26T23:17:14.161+0000] {logging_mixin.py:151} INFO - [2024-11-26T23:17:14.161+0000] {dag.py:3677} INFO - Setting next_dagrun for noaa_etl_pipeline to 2024-11-10T00:00:00+00:00, run_after=2024-12-10T00:00:00+00:00
[2024-11-26T23:17:14.213+0000] {processor.py:179} INFO - Processing /opt/airflow/dags/noaa_etl_pipeline_dag/noaa_etl_pipeline_dag.py took 3.526 seconds
[2024-11-26T23:17:49.049+0000] {processor.py:157} INFO - Started process (PID=742) to work on /opt/airflow/dags/noaa_etl_pipeline_dag/noaa_etl_pipeline_dag.py
[2024-11-26T23:17:49.051+0000] {processor.py:829} INFO - Processing file /opt/airflow/dags/noaa_etl_pipeline_dag/noaa_etl_pipeline_dag.py for tasks to queue
[2024-11-26T23:17:49.055+0000] {logging_mixin.py:151} INFO - [2024-11-26T23:17:49.054+0000] {dagbag.py:539} INFO - Filling up the DagBag from /opt/airflow/dags/noaa_etl_pipeline_dag/noaa_etl_pipeline_dag.py
[2024-11-26T23:17:51.177+0000] {processor.py:839} INFO - DAG(s) dict_keys(['noaa_etl_pipeline']) retrieved from /opt/airflow/dags/noaa_etl_pipeline_dag/noaa_etl_pipeline_dag.py
[2024-11-26T23:17:51.221+0000] {logging_mixin.py:151} INFO - [2024-11-26T23:17:51.220+0000] {dag.py:2907} INFO - Sync 1 DAGs
[2024-11-26T23:17:51.265+0000] {logging_mixin.py:151} INFO - [2024-11-26T23:17:51.264+0000] {dag.py:3677} INFO - Setting next_dagrun for noaa_etl_pipeline to 2024-11-10T00:00:00+00:00, run_after=2024-12-10T00:00:00+00:00
[2024-11-26T23:17:51.306+0000] {processor.py:179} INFO - Processing /opt/airflow/dags/noaa_etl_pipeline_dag/noaa_etl_pipeline_dag.py took 2.265 seconds
[2024-11-26T23:18:34.633+0000] {processor.py:157} INFO - Started process (PID=866) to work on /opt/airflow/dags/noaa_etl_pipeline_dag/noaa_etl_pipeline_dag.py
[2024-11-26T23:18:34.635+0000] {processor.py:829} INFO - Processing file /opt/airflow/dags/noaa_etl_pipeline_dag/noaa_etl_pipeline_dag.py for tasks to queue
[2024-11-26T23:18:34.640+0000] {logging_mixin.py:151} INFO - [2024-11-26T23:18:34.639+0000] {dagbag.py:539} INFO - Filling up the DagBag from /opt/airflow/dags/noaa_etl_pipeline_dag/noaa_etl_pipeline_dag.py
[2024-11-26T23:18:36.943+0000] {processor.py:839} INFO - DAG(s) dict_keys(['noaa_etl_pipeline']) retrieved from /opt/airflow/dags/noaa_etl_pipeline_dag/noaa_etl_pipeline_dag.py
[2024-11-26T23:18:36.998+0000] {logging_mixin.py:151} INFO - [2024-11-26T23:18:36.996+0000] {dag.py:2907} INFO - Sync 1 DAGs
[2024-11-26T23:18:37.060+0000] {logging_mixin.py:151} INFO - [2024-11-26T23:18:37.060+0000] {dag.py:3677} INFO - Setting next_dagrun for noaa_etl_pipeline to 2024-11-10T00:00:00+00:00, run_after=2024-12-10T00:00:00+00:00
[2024-11-26T23:18:37.103+0000] {processor.py:179} INFO - Processing /opt/airflow/dags/noaa_etl_pipeline_dag/noaa_etl_pipeline_dag.py took 2.470 seconds
[2024-11-26T23:19:10.887+0000] {processor.py:157} INFO - Started process (PID=990) to work on /opt/airflow/dags/noaa_etl_pipeline_dag/noaa_etl_pipeline_dag.py
[2024-11-26T23:19:10.888+0000] {processor.py:829} INFO - Processing file /opt/airflow/dags/noaa_etl_pipeline_dag/noaa_etl_pipeline_dag.py for tasks to queue
[2024-11-26T23:19:10.891+0000] {logging_mixin.py:151} INFO - [2024-11-26T23:19:10.891+0000] {dagbag.py:539} INFO - Filling up the DagBag from /opt/airflow/dags/noaa_etl_pipeline_dag/noaa_etl_pipeline_dag.py
[2024-11-26T23:19:12.864+0000] {processor.py:839} INFO - DAG(s) dict_keys(['noaa_etl_pipeline']) retrieved from /opt/airflow/dags/noaa_etl_pipeline_dag/noaa_etl_pipeline_dag.py
[2024-11-26T23:19:12.908+0000] {logging_mixin.py:151} INFO - [2024-11-26T23:19:12.907+0000] {dag.py:2907} INFO - Sync 1 DAGs
[2024-11-26T23:19:12.955+0000] {logging_mixin.py:151} INFO - [2024-11-26T23:19:12.954+0000] {dag.py:3677} INFO - Setting next_dagrun for noaa_etl_pipeline to 2024-11-10T00:00:00+00:00, run_after=2024-12-10T00:00:00+00:00
[2024-11-26T23:19:12.991+0000] {processor.py:179} INFO - Processing /opt/airflow/dags/noaa_etl_pipeline_dag/noaa_etl_pipeline_dag.py took 2.110 seconds
[2024-11-26T23:19:49.055+0000] {processor.py:157} INFO - Started process (PID=1114) to work on /opt/airflow/dags/noaa_etl_pipeline_dag/noaa_etl_pipeline_dag.py
[2024-11-26T23:19:49.057+0000] {processor.py:829} INFO - Processing file /opt/airflow/dags/noaa_etl_pipeline_dag/noaa_etl_pipeline_dag.py for tasks to queue
[2024-11-26T23:19:49.061+0000] {logging_mixin.py:151} INFO - [2024-11-26T23:19:49.061+0000] {dagbag.py:539} INFO - Filling up the DagBag from /opt/airflow/dags/noaa_etl_pipeline_dag/noaa_etl_pipeline_dag.py
[2024-11-26T23:19:50.836+0000] {processor.py:839} INFO - DAG(s) dict_keys(['noaa_etl_pipeline']) retrieved from /opt/airflow/dags/noaa_etl_pipeline_dag/noaa_etl_pipeline_dag.py
[2024-11-26T23:19:50.877+0000] {logging_mixin.py:151} INFO - [2024-11-26T23:19:50.876+0000] {dag.py:2907} INFO - Sync 1 DAGs
[2024-11-26T23:19:50.920+0000] {logging_mixin.py:151} INFO - [2024-11-26T23:19:50.920+0000] {dag.py:3677} INFO - Setting next_dagrun for noaa_etl_pipeline to 2024-11-10T00:00:00+00:00, run_after=2024-12-10T00:00:00+00:00
[2024-11-26T23:19:50.961+0000] {processor.py:179} INFO - Processing /opt/airflow/dags/noaa_etl_pipeline_dag/noaa_etl_pipeline_dag.py took 1.910 seconds
[2024-11-26T23:20:26.474+0000] {processor.py:157} INFO - Started process (PID=1238) to work on /opt/airflow/dags/noaa_etl_pipeline_dag/noaa_etl_pipeline_dag.py
[2024-11-26T23:20:26.476+0000] {processor.py:829} INFO - Processing file /opt/airflow/dags/noaa_etl_pipeline_dag/noaa_etl_pipeline_dag.py for tasks to queue
[2024-11-26T23:20:26.479+0000] {logging_mixin.py:151} INFO - [2024-11-26T23:20:26.479+0000] {dagbag.py:539} INFO - Filling up the DagBag from /opt/airflow/dags/noaa_etl_pipeline_dag/noaa_etl_pipeline_dag.py
[2024-11-26T23:20:28.314+0000] {processor.py:839} INFO - DAG(s) dict_keys(['noaa_etl_pipeline']) retrieved from /opt/airflow/dags/noaa_etl_pipeline_dag/noaa_etl_pipeline_dag.py
[2024-11-26T23:20:28.359+0000] {logging_mixin.py:151} INFO - [2024-11-26T23:20:28.357+0000] {dag.py:2907} INFO - Sync 1 DAGs
[2024-11-26T23:20:28.404+0000] {logging_mixin.py:151} INFO - [2024-11-26T23:20:28.403+0000] {dag.py:3677} INFO - Setting next_dagrun for noaa_etl_pipeline to 2024-11-10T00:00:00+00:00, run_after=2024-12-10T00:00:00+00:00
[2024-11-26T23:20:28.447+0000] {processor.py:179} INFO - Processing /opt/airflow/dags/noaa_etl_pipeline_dag/noaa_etl_pipeline_dag.py took 1.979 seconds
[2024-11-26T23:21:04.706+0000] {processor.py:157} INFO - Started process (PID=1362) to work on /opt/airflow/dags/noaa_etl_pipeline_dag/noaa_etl_pipeline_dag.py
[2024-11-26T23:21:04.707+0000] {processor.py:829} INFO - Processing file /opt/airflow/dags/noaa_etl_pipeline_dag/noaa_etl_pipeline_dag.py for tasks to queue
[2024-11-26T23:21:04.711+0000] {logging_mixin.py:151} INFO - [2024-11-26T23:21:04.711+0000] {dagbag.py:539} INFO - Filling up the DagBag from /opt/airflow/dags/noaa_etl_pipeline_dag/noaa_etl_pipeline_dag.py
[2024-11-26T23:21:06.524+0000] {processor.py:839} INFO - DAG(s) dict_keys(['noaa_etl_pipeline']) retrieved from /opt/airflow/dags/noaa_etl_pipeline_dag/noaa_etl_pipeline_dag.py
[2024-11-26T23:21:06.563+0000] {logging_mixin.py:151} INFO - [2024-11-26T23:21:06.562+0000] {dag.py:2907} INFO - Sync 1 DAGs
[2024-11-26T23:21:06.603+0000] {logging_mixin.py:151} INFO - [2024-11-26T23:21:06.603+0000] {dag.py:3677} INFO - Setting next_dagrun for noaa_etl_pipeline to 2024-11-10T00:00:00+00:00, run_after=2024-12-10T00:00:00+00:00
[2024-11-26T23:21:06.637+0000] {processor.py:179} INFO - Processing /opt/airflow/dags/noaa_etl_pipeline_dag/noaa_etl_pipeline_dag.py took 1.938 seconds
[2024-11-26T23:21:42.388+0000] {processor.py:157} INFO - Started process (PID=1486) to work on /opt/airflow/dags/noaa_etl_pipeline_dag/noaa_etl_pipeline_dag.py
[2024-11-26T23:21:42.390+0000] {processor.py:829} INFO - Processing file /opt/airflow/dags/noaa_etl_pipeline_dag/noaa_etl_pipeline_dag.py for tasks to queue
[2024-11-26T23:21:42.395+0000] {logging_mixin.py:151} INFO - [2024-11-26T23:21:42.395+0000] {dagbag.py:539} INFO - Filling up the DagBag from /opt/airflow/dags/noaa_etl_pipeline_dag/noaa_etl_pipeline_dag.py
[2024-11-26T23:21:44.343+0000] {processor.py:839} INFO - DAG(s) dict_keys(['noaa_etl_pipeline']) retrieved from /opt/airflow/dags/noaa_etl_pipeline_dag/noaa_etl_pipeline_dag.py
[2024-11-26T23:21:44.391+0000] {logging_mixin.py:151} INFO - [2024-11-26T23:21:44.386+0000] {dag.py:2907} INFO - Sync 1 DAGs
[2024-11-26T23:21:44.436+0000] {logging_mixin.py:151} INFO - [2024-11-26T23:21:44.436+0000] {dag.py:3677} INFO - Setting next_dagrun for noaa_etl_pipeline to 2024-11-10T00:00:00+00:00, run_after=2024-12-10T00:00:00+00:00
[2024-11-26T23:21:44.494+0000] {processor.py:179} INFO - Processing /opt/airflow/dags/noaa_etl_pipeline_dag/noaa_etl_pipeline_dag.py took 2.113 seconds
[2024-11-26T23:22:19.875+0000] {processor.py:157} INFO - Started process (PID=1610) to work on /opt/airflow/dags/noaa_etl_pipeline_dag/noaa_etl_pipeline_dag.py
[2024-11-26T23:22:19.876+0000] {processor.py:829} INFO - Processing file /opt/airflow/dags/noaa_etl_pipeline_dag/noaa_etl_pipeline_dag.py for tasks to queue
[2024-11-26T23:22:19.880+0000] {logging_mixin.py:151} INFO - [2024-11-26T23:22:19.880+0000] {dagbag.py:539} INFO - Filling up the DagBag from /opt/airflow/dags/noaa_etl_pipeline_dag/noaa_etl_pipeline_dag.py
[2024-11-26T23:22:21.750+0000] {processor.py:839} INFO - DAG(s) dict_keys(['noaa_etl_pipeline']) retrieved from /opt/airflow/dags/noaa_etl_pipeline_dag/noaa_etl_pipeline_dag.py
[2024-11-26T23:22:21.797+0000] {logging_mixin.py:151} INFO - [2024-11-26T23:22:21.796+0000] {dag.py:2907} INFO - Sync 1 DAGs
[2024-11-26T23:22:21.845+0000] {logging_mixin.py:151} INFO - [2024-11-26T23:22:21.844+0000] {dag.py:3677} INFO - Setting next_dagrun for noaa_etl_pipeline to 2024-11-10T00:00:00+00:00, run_after=2024-12-10T00:00:00+00:00
[2024-11-26T23:22:21.878+0000] {processor.py:179} INFO - Processing /opt/airflow/dags/noaa_etl_pipeline_dag/noaa_etl_pipeline_dag.py took 2.007 seconds
[2024-11-26T23:23:04.716+0000] {processor.py:157} INFO - Started process (PID=1734) to work on /opt/airflow/dags/noaa_etl_pipeline_dag/noaa_etl_pipeline_dag.py
[2024-11-26T23:23:04.717+0000] {processor.py:829} INFO - Processing file /opt/airflow/dags/noaa_etl_pipeline_dag/noaa_etl_pipeline_dag.py for tasks to queue
[2024-11-26T23:23:04.721+0000] {logging_mixin.py:151} INFO - [2024-11-26T23:23:04.720+0000] {dagbag.py:539} INFO - Filling up the DagBag from /opt/airflow/dags/noaa_etl_pipeline_dag/noaa_etl_pipeline_dag.py
[2024-11-26T23:23:06.601+0000] {processor.py:839} INFO - DAG(s) dict_keys(['noaa_etl_pipeline']) retrieved from /opt/airflow/dags/noaa_etl_pipeline_dag/noaa_etl_pipeline_dag.py
[2024-11-26T23:23:06.642+0000] {logging_mixin.py:151} INFO - [2024-11-26T23:23:06.641+0000] {dag.py:2907} INFO - Sync 1 DAGs
[2024-11-26T23:23:06.681+0000] {logging_mixin.py:151} INFO - [2024-11-26T23:23:06.680+0000] {dag.py:3677} INFO - Setting next_dagrun for noaa_etl_pipeline to 2024-11-10T00:00:00+00:00, run_after=2024-12-10T00:00:00+00:00
[2024-11-26T23:23:06.720+0000] {processor.py:179} INFO - Processing /opt/airflow/dags/noaa_etl_pipeline_dag/noaa_etl_pipeline_dag.py took 2.009 seconds
[2024-11-26T23:23:39.802+0000] {processor.py:157} INFO - Started process (PID=1860) to work on /opt/airflow/dags/noaa_etl_pipeline_dag/noaa_etl_pipeline_dag.py
[2024-11-26T23:23:39.803+0000] {processor.py:829} INFO - Processing file /opt/airflow/dags/noaa_etl_pipeline_dag/noaa_etl_pipeline_dag.py for tasks to queue
[2024-11-26T23:23:39.804+0000] {logging_mixin.py:151} INFO - [2024-11-26T23:23:39.804+0000] {dagbag.py:539} INFO - Filling up the DagBag from /opt/airflow/dags/noaa_etl_pipeline_dag/noaa_etl_pipeline_dag.py
[2024-11-26T23:23:40.799+0000] {processor.py:839} INFO - DAG(s) dict_keys(['noaa_etl_pipeline']) retrieved from /opt/airflow/dags/noaa_etl_pipeline_dag/noaa_etl_pipeline_dag.py
[2024-11-26T23:23:40.820+0000] {logging_mixin.py:151} INFO - [2024-11-26T23:23:40.819+0000] {dag.py:2907} INFO - Sync 1 DAGs
[2024-11-26T23:23:40.839+0000] {logging_mixin.py:151} INFO - [2024-11-26T23:23:40.839+0000] {dag.py:3677} INFO - Setting next_dagrun for noaa_etl_pipeline to 2024-11-10T00:00:00+00:00, run_after=2024-12-10T00:00:00+00:00
[2024-11-26T23:23:40.859+0000] {processor.py:179} INFO - Processing /opt/airflow/dags/noaa_etl_pipeline_dag/noaa_etl_pipeline_dag.py took 1.060 seconds
[2024-11-26T23:24:13.612+0000] {processor.py:157} INFO - Started process (PID=1982) to work on /opt/airflow/dags/noaa_etl_pipeline_dag/noaa_etl_pipeline_dag.py
[2024-11-26T23:24:13.613+0000] {processor.py:829} INFO - Processing file /opt/airflow/dags/noaa_etl_pipeline_dag/noaa_etl_pipeline_dag.py for tasks to queue
[2024-11-26T23:24:13.615+0000] {logging_mixin.py:151} INFO - [2024-11-26T23:24:13.615+0000] {dagbag.py:539} INFO - Filling up the DagBag from /opt/airflow/dags/noaa_etl_pipeline_dag/noaa_etl_pipeline_dag.py
[2024-11-26T23:24:14.494+0000] {processor.py:839} INFO - DAG(s) dict_keys(['noaa_etl_pipeline']) retrieved from /opt/airflow/dags/noaa_etl_pipeline_dag/noaa_etl_pipeline_dag.py
[2024-11-26T23:24:14.515+0000] {logging_mixin.py:151} INFO - [2024-11-26T23:24:14.513+0000] {dag.py:2907} INFO - Sync 1 DAGs
[2024-11-26T23:24:14.534+0000] {logging_mixin.py:151} INFO - [2024-11-26T23:24:14.534+0000] {dag.py:3677} INFO - Setting next_dagrun for noaa_etl_pipeline to 2024-11-10T00:00:00+00:00, run_after=2024-12-10T00:00:00+00:00
[2024-11-26T23:24:14.553+0000] {processor.py:179} INFO - Processing /opt/airflow/dags/noaa_etl_pipeline_dag/noaa_etl_pipeline_dag.py took 0.943 seconds
[2024-11-26T23:24:48.648+0000] {processor.py:157} INFO - Started process (PID=2108) to work on /opt/airflow/dags/noaa_etl_pipeline_dag/noaa_etl_pipeline_dag.py
[2024-11-26T23:24:48.649+0000] {processor.py:829} INFO - Processing file /opt/airflow/dags/noaa_etl_pipeline_dag/noaa_etl_pipeline_dag.py for tasks to queue
[2024-11-26T23:24:48.651+0000] {logging_mixin.py:151} INFO - [2024-11-26T23:24:48.651+0000] {dagbag.py:539} INFO - Filling up the DagBag from /opt/airflow/dags/noaa_etl_pipeline_dag/noaa_etl_pipeline_dag.py
[2024-11-26T23:24:49.562+0000] {processor.py:839} INFO - DAG(s) dict_keys(['noaa_etl_pipeline']) retrieved from /opt/airflow/dags/noaa_etl_pipeline_dag/noaa_etl_pipeline_dag.py
[2024-11-26T23:24:49.587+0000] {logging_mixin.py:151} INFO - [2024-11-26T23:24:49.586+0000] {dag.py:2907} INFO - Sync 1 DAGs
[2024-11-26T23:24:49.607+0000] {logging_mixin.py:151} INFO - [2024-11-26T23:24:49.607+0000] {dag.py:3677} INFO - Setting next_dagrun for noaa_etl_pipeline to 2024-11-10T00:00:00+00:00, run_after=2024-12-10T00:00:00+00:00
[2024-11-26T23:24:49.625+0000] {processor.py:179} INFO - Processing /opt/airflow/dags/noaa_etl_pipeline_dag/noaa_etl_pipeline_dag.py took 0.980 seconds
[2024-11-26T23:25:21.805+0000] {processor.py:157} INFO - Started process (PID=2235) to work on /opt/airflow/dags/noaa_etl_pipeline_dag/noaa_etl_pipeline_dag.py
[2024-11-26T23:25:21.805+0000] {processor.py:829} INFO - Processing file /opt/airflow/dags/noaa_etl_pipeline_dag/noaa_etl_pipeline_dag.py for tasks to queue
[2024-11-26T23:25:21.807+0000] {logging_mixin.py:151} INFO - [2024-11-26T23:25:21.807+0000] {dagbag.py:539} INFO - Filling up the DagBag from /opt/airflow/dags/noaa_etl_pipeline_dag/noaa_etl_pipeline_dag.py
[2024-11-26T23:25:22.677+0000] {processor.py:839} INFO - DAG(s) dict_keys(['noaa_etl_pipeline']) retrieved from /opt/airflow/dags/noaa_etl_pipeline_dag/noaa_etl_pipeline_dag.py
[2024-11-26T23:25:22.695+0000] {logging_mixin.py:151} INFO - [2024-11-26T23:25:22.695+0000] {dag.py:2907} INFO - Sync 1 DAGs
[2024-11-26T23:25:22.712+0000] {logging_mixin.py:151} INFO - [2024-11-26T23:25:22.711+0000] {dag.py:3677} INFO - Setting next_dagrun for noaa_etl_pipeline to 2024-11-10T00:00:00+00:00, run_after=2024-12-10T00:00:00+00:00
[2024-11-26T23:25:22.730+0000] {processor.py:179} INFO - Processing /opt/airflow/dags/noaa_etl_pipeline_dag/noaa_etl_pipeline_dag.py took 0.928 seconds
[2024-11-26T23:25:55.702+0000] {processor.py:157} INFO - Started process (PID=2359) to work on /opt/airflow/dags/noaa_etl_pipeline_dag/noaa_etl_pipeline_dag.py
[2024-11-26T23:25:55.702+0000] {processor.py:829} INFO - Processing file /opt/airflow/dags/noaa_etl_pipeline_dag/noaa_etl_pipeline_dag.py for tasks to queue
[2024-11-26T23:25:55.704+0000] {logging_mixin.py:151} INFO - [2024-11-26T23:25:55.704+0000] {dagbag.py:539} INFO - Filling up the DagBag from /opt/airflow/dags/noaa_etl_pipeline_dag/noaa_etl_pipeline_dag.py
[2024-11-26T23:25:56.692+0000] {processor.py:839} INFO - DAG(s) dict_keys(['noaa_etl_pipeline']) retrieved from /opt/airflow/dags/noaa_etl_pipeline_dag/noaa_etl_pipeline_dag.py
[2024-11-26T23:25:56.717+0000] {logging_mixin.py:151} INFO - [2024-11-26T23:25:56.716+0000] {dag.py:2907} INFO - Sync 1 DAGs
[2024-11-26T23:25:56.745+0000] {logging_mixin.py:151} INFO - [2024-11-26T23:25:56.745+0000] {dag.py:3677} INFO - Setting next_dagrun for noaa_etl_pipeline to 2024-11-10T00:00:00+00:00, run_after=2024-12-10T00:00:00+00:00
[2024-11-26T23:25:56.771+0000] {processor.py:179} INFO - Processing /opt/airflow/dags/noaa_etl_pipeline_dag/noaa_etl_pipeline_dag.py took 1.072 seconds
[2024-11-26T23:26:29.117+0000] {processor.py:157} INFO - Started process (PID=2483) to work on /opt/airflow/dags/noaa_etl_pipeline_dag/noaa_etl_pipeline_dag.py
[2024-11-26T23:26:29.118+0000] {processor.py:829} INFO - Processing file /opt/airflow/dags/noaa_etl_pipeline_dag/noaa_etl_pipeline_dag.py for tasks to queue
[2024-11-26T23:26:29.120+0000] {logging_mixin.py:151} INFO - [2024-11-26T23:26:29.119+0000] {dagbag.py:539} INFO - Filling up the DagBag from /opt/airflow/dags/noaa_etl_pipeline_dag/noaa_etl_pipeline_dag.py
[2024-11-26T23:26:29.949+0000] {processor.py:839} INFO - DAG(s) dict_keys(['noaa_etl_pipeline']) retrieved from /opt/airflow/dags/noaa_etl_pipeline_dag/noaa_etl_pipeline_dag.py
[2024-11-26T23:26:29.967+0000] {logging_mixin.py:151} INFO - [2024-11-26T23:26:29.967+0000] {dag.py:2907} INFO - Sync 1 DAGs
[2024-11-26T23:26:29.985+0000] {logging_mixin.py:151} INFO - [2024-11-26T23:26:29.985+0000] {dag.py:3677} INFO - Setting next_dagrun for noaa_etl_pipeline to 2024-11-10T00:00:00+00:00, run_after=2024-12-10T00:00:00+00:00
[2024-11-26T23:26:30.001+0000] {processor.py:179} INFO - Processing /opt/airflow/dags/noaa_etl_pipeline_dag/noaa_etl_pipeline_dag.py took 0.887 seconds
[2024-11-26T23:27:02.076+0000] {processor.py:157} INFO - Started process (PID=2607) to work on /opt/airflow/dags/noaa_etl_pipeline_dag/noaa_etl_pipeline_dag.py
[2024-11-26T23:27:02.077+0000] {processor.py:829} INFO - Processing file /opt/airflow/dags/noaa_etl_pipeline_dag/noaa_etl_pipeline_dag.py for tasks to queue
[2024-11-26T23:27:02.078+0000] {logging_mixin.py:151} INFO - [2024-11-26T23:27:02.078+0000] {dagbag.py:539} INFO - Filling up the DagBag from /opt/airflow/dags/noaa_etl_pipeline_dag/noaa_etl_pipeline_dag.py
[2024-11-26T23:27:02.907+0000] {processor.py:839} INFO - DAG(s) dict_keys(['noaa_etl_pipeline']) retrieved from /opt/airflow/dags/noaa_etl_pipeline_dag/noaa_etl_pipeline_dag.py
[2024-11-26T23:27:02.927+0000] {logging_mixin.py:151} INFO - [2024-11-26T23:27:02.925+0000] {dag.py:2907} INFO - Sync 1 DAGs
[2024-11-26T23:27:02.943+0000] {logging_mixin.py:151} INFO - [2024-11-26T23:27:02.943+0000] {dag.py:3677} INFO - Setting next_dagrun for noaa_etl_pipeline to 2024-11-10T00:00:00+00:00, run_after=2024-12-10T00:00:00+00:00
[2024-11-26T23:27:02.959+0000] {processor.py:179} INFO - Processing /opt/airflow/dags/noaa_etl_pipeline_dag/noaa_etl_pipeline_dag.py took 0.885 seconds
[2024-11-26T23:27:37.531+0000] {processor.py:157} INFO - Started process (PID=2720) to work on /opt/airflow/dags/noaa_etl_pipeline_dag/noaa_etl_pipeline_dag.py
[2024-11-26T23:27:37.533+0000] {processor.py:829} INFO - Processing file /opt/airflow/dags/noaa_etl_pipeline_dag/noaa_etl_pipeline_dag.py for tasks to queue
[2024-11-26T23:27:37.536+0000] {logging_mixin.py:151} INFO - [2024-11-26T23:27:37.536+0000] {dagbag.py:539} INFO - Filling up the DagBag from /opt/airflow/dags/noaa_etl_pipeline_dag/noaa_etl_pipeline_dag.py
[2024-11-26T23:27:39.244+0000] {processor.py:839} INFO - DAG(s) dict_keys(['noaa_etl_pipeline']) retrieved from /opt/airflow/dags/noaa_etl_pipeline_dag/noaa_etl_pipeline_dag.py
[2024-11-26T23:27:39.276+0000] {logging_mixin.py:151} INFO - [2024-11-26T23:27:39.275+0000] {dag.py:2907} INFO - Sync 1 DAGs
[2024-11-26T23:27:39.308+0000] {logging_mixin.py:151} INFO - [2024-11-26T23:27:39.308+0000] {dag.py:3677} INFO - Setting next_dagrun for noaa_etl_pipeline to 2024-11-10T00:00:00+00:00, run_after=2024-12-10T00:00:00+00:00
[2024-11-26T23:27:39.339+0000] {processor.py:179} INFO - Processing /opt/airflow/dags/noaa_etl_pipeline_dag/noaa_etl_pipeline_dag.py took 1.810 seconds
[2024-11-26T23:28:10.261+0000] {processor.py:157} INFO - Started process (PID=2844) to work on /opt/airflow/dags/noaa_etl_pipeline_dag/noaa_etl_pipeline_dag.py
[2024-11-26T23:28:10.262+0000] {processor.py:829} INFO - Processing file /opt/airflow/dags/noaa_etl_pipeline_dag/noaa_etl_pipeline_dag.py for tasks to queue
[2024-11-26T23:28:10.264+0000] {logging_mixin.py:151} INFO - [2024-11-26T23:28:10.264+0000] {dagbag.py:539} INFO - Filling up the DagBag from /opt/airflow/dags/noaa_etl_pipeline_dag/noaa_etl_pipeline_dag.py
[2024-11-26T23:28:11.104+0000] {processor.py:839} INFO - DAG(s) dict_keys(['noaa_etl_pipeline']) retrieved from /opt/airflow/dags/noaa_etl_pipeline_dag/noaa_etl_pipeline_dag.py
[2024-11-26T23:28:11.124+0000] {logging_mixin.py:151} INFO - [2024-11-26T23:28:11.123+0000] {dag.py:2907} INFO - Sync 1 DAGs
[2024-11-26T23:28:11.141+0000] {logging_mixin.py:151} INFO - [2024-11-26T23:28:11.141+0000] {dag.py:3677} INFO - Setting next_dagrun for noaa_etl_pipeline to 2024-11-10T00:00:00+00:00, run_after=2024-12-10T00:00:00+00:00
[2024-11-26T23:28:11.157+0000] {processor.py:179} INFO - Processing /opt/airflow/dags/noaa_etl_pipeline_dag/noaa_etl_pipeline_dag.py took 0.898 seconds
