[2024-11-26T23:14:49.137+0000] {processor.py:157} INFO - Started process (PID=179) to work on /opt/airflow/dags/model_training_pipeline_dag/model_training_dag.py
[2024-11-26T23:14:49.140+0000] {processor.py:829} INFO - Processing file /opt/airflow/dags/model_training_pipeline_dag/model_training_dag.py for tasks to queue
[2024-11-26T23:14:49.143+0000] {logging_mixin.py:151} INFO - [2024-11-26T23:14:49.143+0000] {dagbag.py:539} INFO - Filling up the DagBag from /opt/airflow/dags/model_training_pipeline_dag/model_training_dag.py
[2024-11-26T23:15:00.142+0000] {processor.py:839} INFO - DAG(s) dict_keys(['model_training_pipeline']) retrieved from /opt/airflow/dags/model_training_pipeline_dag/model_training_dag.py
[2024-11-26T23:15:00.207+0000] {logging_mixin.py:151} INFO - [2024-11-26T23:15:00.205+0000] {dag.py:2907} INFO - Sync 1 DAGs
[2024-11-26T23:15:00.252+0000] {logging_mixin.py:151} INFO - [2024-11-26T23:15:00.251+0000] {dag.py:3677} INFO - Setting next_dagrun for model_training_pipeline to 2024-11-10T00:00:00+00:00, run_after=2024-12-10T00:00:00+00:00
[2024-11-26T23:15:00.292+0000] {processor.py:179} INFO - Processing /opt/airflow/dags/model_training_pipeline_dag/model_training_dag.py took 11.159 seconds
[2024-11-26T23:15:31.069+0000] {processor.py:157} INFO - Started process (PID=302) to work on /opt/airflow/dags/model_training_pipeline_dag/model_training_dag.py
[2024-11-26T23:15:31.073+0000] {processor.py:829} INFO - Processing file /opt/airflow/dags/model_training_pipeline_dag/model_training_dag.py for tasks to queue
[2024-11-26T23:15:31.080+0000] {logging_mixin.py:151} INFO - [2024-11-26T23:15:31.080+0000] {dagbag.py:539} INFO - Filling up the DagBag from /opt/airflow/dags/model_training_pipeline_dag/model_training_dag.py
[2024-11-26T23:15:43.409+0000] {processor.py:839} INFO - DAG(s) dict_keys(['model_training_pipeline']) retrieved from /opt/airflow/dags/model_training_pipeline_dag/model_training_dag.py
[2024-11-26T23:15:43.461+0000] {logging_mixin.py:151} INFO - [2024-11-26T23:15:43.460+0000] {dag.py:2907} INFO - Sync 1 DAGs
[2024-11-26T23:15:43.515+0000] {logging_mixin.py:151} INFO - [2024-11-26T23:15:43.514+0000] {dag.py:3677} INFO - Setting next_dagrun for model_training_pipeline to 2024-11-10T00:00:00+00:00, run_after=2024-12-10T00:00:00+00:00
[2024-11-26T23:15:43.573+0000] {processor.py:179} INFO - Processing /opt/airflow/dags/model_training_pipeline_dag/model_training_dag.py took 12.514 seconds
[2024-11-26T23:16:14.312+0000] {processor.py:157} INFO - Started process (PID=427) to work on /opt/airflow/dags/model_training_pipeline_dag/model_training_dag.py
[2024-11-26T23:16:14.314+0000] {processor.py:829} INFO - Processing file /opt/airflow/dags/model_training_pipeline_dag/model_training_dag.py for tasks to queue
[2024-11-26T23:16:14.320+0000] {logging_mixin.py:151} INFO - [2024-11-26T23:16:14.320+0000] {dagbag.py:539} INFO - Filling up the DagBag from /opt/airflow/dags/model_training_pipeline_dag/model_training_dag.py
[2024-11-26T23:16:24.364+0000] {processor.py:839} INFO - DAG(s) dict_keys(['model_training_pipeline']) retrieved from /opt/airflow/dags/model_training_pipeline_dag/model_training_dag.py
[2024-11-26T23:16:24.414+0000] {logging_mixin.py:151} INFO - [2024-11-26T23:16:24.413+0000] {dag.py:2907} INFO - Sync 1 DAGs
[2024-11-26T23:16:24.471+0000] {logging_mixin.py:151} INFO - [2024-11-26T23:16:24.470+0000] {dag.py:3677} INFO - Setting next_dagrun for model_training_pipeline to 2024-11-10T00:00:00+00:00, run_after=2024-12-10T00:00:00+00:00
[2024-11-26T23:16:24.563+0000] {processor.py:179} INFO - Processing /opt/airflow/dags/model_training_pipeline_dag/model_training_dag.py took 10.257 seconds
[2024-11-26T23:16:55.141+0000] {processor.py:157} INFO - Started process (PID=551) to work on /opt/airflow/dags/model_training_pipeline_dag/model_training_dag.py
[2024-11-26T23:16:55.144+0000] {processor.py:829} INFO - Processing file /opt/airflow/dags/model_training_pipeline_dag/model_training_dag.py for tasks to queue
[2024-11-26T23:16:55.150+0000] {logging_mixin.py:151} INFO - [2024-11-26T23:16:55.150+0000] {dagbag.py:539} INFO - Filling up the DagBag from /opt/airflow/dags/model_training_pipeline_dag/model_training_dag.py
[2024-11-26T23:17:06.401+0000] {processor.py:839} INFO - DAG(s) dict_keys(['model_training_pipeline']) retrieved from /opt/airflow/dags/model_training_pipeline_dag/model_training_dag.py
[2024-11-26T23:17:06.459+0000] {logging_mixin.py:151} INFO - [2024-11-26T23:17:06.457+0000] {dag.py:2907} INFO - Sync 1 DAGs
[2024-11-26T23:17:06.522+0000] {logging_mixin.py:151} INFO - [2024-11-26T23:17:06.521+0000] {dag.py:3677} INFO - Setting next_dagrun for model_training_pipeline to 2024-11-10T00:00:00+00:00, run_after=2024-12-10T00:00:00+00:00
[2024-11-26T23:17:06.573+0000] {processor.py:179} INFO - Processing /opt/airflow/dags/model_training_pipeline_dag/model_training_dag.py took 11.439 seconds
[2024-11-26T23:17:36.823+0000] {processor.py:157} INFO - Started process (PID=675) to work on /opt/airflow/dags/model_training_pipeline_dag/model_training_dag.py
[2024-11-26T23:17:36.828+0000] {processor.py:829} INFO - Processing file /opt/airflow/dags/model_training_pipeline_dag/model_training_dag.py for tasks to queue
[2024-11-26T23:17:36.834+0000] {logging_mixin.py:151} INFO - [2024-11-26T23:17:36.833+0000] {dagbag.py:539} INFO - Filling up the DagBag from /opt/airflow/dags/model_training_pipeline_dag/model_training_dag.py
[2024-11-26T23:17:46.675+0000] {processor.py:839} INFO - DAG(s) dict_keys(['model_training_pipeline']) retrieved from /opt/airflow/dags/model_training_pipeline_dag/model_training_dag.py
[2024-11-26T23:17:46.731+0000] {logging_mixin.py:151} INFO - [2024-11-26T23:17:46.729+0000] {dag.py:2907} INFO - Sync 1 DAGs
[2024-11-26T23:17:46.836+0000] {logging_mixin.py:151} INFO - [2024-11-26T23:17:46.835+0000] {dag.py:3677} INFO - Setting next_dagrun for model_training_pipeline to 2024-11-10T00:00:00+00:00, run_after=2024-12-10T00:00:00+00:00
[2024-11-26T23:17:46.934+0000] {processor.py:179} INFO - Processing /opt/airflow/dags/model_training_pipeline_dag/model_training_dag.py took 10.119 seconds
[2024-11-26T23:18:17.810+0000] {processor.py:157} INFO - Started process (PID=799) to work on /opt/airflow/dags/model_training_pipeline_dag/model_training_dag.py
[2024-11-26T23:18:17.813+0000] {processor.py:829} INFO - Processing file /opt/airflow/dags/model_training_pipeline_dag/model_training_dag.py for tasks to queue
[2024-11-26T23:18:17.818+0000] {logging_mixin.py:151} INFO - [2024-11-26T23:18:17.817+0000] {dagbag.py:539} INFO - Filling up the DagBag from /opt/airflow/dags/model_training_pipeline_dag/model_training_dag.py
[2024-11-26T23:18:30.891+0000] {processor.py:839} INFO - DAG(s) dict_keys(['model_training_pipeline']) retrieved from /opt/airflow/dags/model_training_pipeline_dag/model_training_dag.py
[2024-11-26T23:18:31.010+0000] {logging_mixin.py:151} INFO - [2024-11-26T23:18:30.997+0000] {dag.py:2907} INFO - Sync 1 DAGs
[2024-11-26T23:18:31.105+0000] {logging_mixin.py:151} INFO - [2024-11-26T23:18:31.105+0000] {dag.py:3677} INFO - Setting next_dagrun for model_training_pipeline to 2024-11-10T00:00:00+00:00, run_after=2024-12-10T00:00:00+00:00
[2024-11-26T23:18:31.155+0000] {processor.py:179} INFO - Processing /opt/airflow/dags/model_training_pipeline_dag/model_training_dag.py took 13.351 seconds
[2024-11-26T23:19:02.173+0000] {processor.py:157} INFO - Started process (PID=934) to work on /opt/airflow/dags/model_training_pipeline_dag/model_training_dag.py
[2024-11-26T23:19:02.175+0000] {processor.py:829} INFO - Processing file /opt/airflow/dags/model_training_pipeline_dag/model_training_dag.py for tasks to queue
[2024-11-26T23:19:02.178+0000] {logging_mixin.py:151} INFO - [2024-11-26T23:19:02.177+0000] {dagbag.py:539} INFO - Filling up the DagBag from /opt/airflow/dags/model_training_pipeline_dag/model_training_dag.py
[2024-11-26T23:19:09.305+0000] {processor.py:839} INFO - DAG(s) dict_keys(['model_training_pipeline']) retrieved from /opt/airflow/dags/model_training_pipeline_dag/model_training_dag.py
[2024-11-26T23:19:09.349+0000] {logging_mixin.py:151} INFO - [2024-11-26T23:19:09.348+0000] {dag.py:2907} INFO - Sync 1 DAGs
[2024-11-26T23:19:09.392+0000] {logging_mixin.py:151} INFO - [2024-11-26T23:19:09.392+0000] {dag.py:3677} INFO - Setting next_dagrun for model_training_pipeline to 2024-11-10T00:00:00+00:00, run_after=2024-12-10T00:00:00+00:00
[2024-11-26T23:19:09.436+0000] {processor.py:179} INFO - Processing /opt/airflow/dags/model_training_pipeline_dag/model_training_dag.py took 7.267 seconds
[2024-11-26T23:19:39.729+0000] {processor.py:157} INFO - Started process (PID=1047) to work on /opt/airflow/dags/model_training_pipeline_dag/model_training_dag.py
[2024-11-26T23:19:39.731+0000] {processor.py:829} INFO - Processing file /opt/airflow/dags/model_training_pipeline_dag/model_training_dag.py for tasks to queue
[2024-11-26T23:19:39.734+0000] {logging_mixin.py:151} INFO - [2024-11-26T23:19:39.734+0000] {dagbag.py:539} INFO - Filling up the DagBag from /opt/airflow/dags/model_training_pipeline_dag/model_training_dag.py
[2024-11-26T23:19:46.839+0000] {processor.py:839} INFO - DAG(s) dict_keys(['model_training_pipeline']) retrieved from /opt/airflow/dags/model_training_pipeline_dag/model_training_dag.py
[2024-11-26T23:19:46.891+0000] {logging_mixin.py:151} INFO - [2024-11-26T23:19:46.889+0000] {dag.py:2907} INFO - Sync 1 DAGs
[2024-11-26T23:19:46.949+0000] {logging_mixin.py:151} INFO - [2024-11-26T23:19:46.948+0000] {dag.py:3677} INFO - Setting next_dagrun for model_training_pipeline to 2024-11-10T00:00:00+00:00, run_after=2024-12-10T00:00:00+00:00
[2024-11-26T23:19:46.995+0000] {processor.py:179} INFO - Processing /opt/airflow/dags/model_training_pipeline_dag/model_training_dag.py took 7.271 seconds
[2024-11-26T23:20:17.516+0000] {processor.py:157} INFO - Started process (PID=1171) to work on /opt/airflow/dags/model_training_pipeline_dag/model_training_dag.py
[2024-11-26T23:20:17.517+0000] {processor.py:829} INFO - Processing file /opt/airflow/dags/model_training_pipeline_dag/model_training_dag.py for tasks to queue
[2024-11-26T23:20:17.521+0000] {logging_mixin.py:151} INFO - [2024-11-26T23:20:17.520+0000] {dagbag.py:539} INFO - Filling up the DagBag from /opt/airflow/dags/model_training_pipeline_dag/model_training_dag.py
[2024-11-26T23:20:24.564+0000] {processor.py:839} INFO - DAG(s) dict_keys(['model_training_pipeline']) retrieved from /opt/airflow/dags/model_training_pipeline_dag/model_training_dag.py
[2024-11-26T23:20:24.605+0000] {logging_mixin.py:151} INFO - [2024-11-26T23:20:24.604+0000] {dag.py:2907} INFO - Sync 1 DAGs
[2024-11-26T23:20:24.648+0000] {logging_mixin.py:151} INFO - [2024-11-26T23:20:24.648+0000] {dag.py:3677} INFO - Setting next_dagrun for model_training_pipeline to 2024-11-10T00:00:00+00:00, run_after=2024-12-10T00:00:00+00:00
[2024-11-26T23:20:24.696+0000] {processor.py:179} INFO - Processing /opt/airflow/dags/model_training_pipeline_dag/model_training_dag.py took 7.187 seconds
[2024-11-26T23:20:55.155+0000] {processor.py:157} INFO - Started process (PID=1294) to work on /opt/airflow/dags/model_training_pipeline_dag/model_training_dag.py
[2024-11-26T23:20:55.156+0000] {processor.py:829} INFO - Processing file /opt/airflow/dags/model_training_pipeline_dag/model_training_dag.py for tasks to queue
[2024-11-26T23:20:55.160+0000] {logging_mixin.py:151} INFO - [2024-11-26T23:20:55.159+0000] {dagbag.py:539} INFO - Filling up the DagBag from /opt/airflow/dags/model_training_pipeline_dag/model_training_dag.py
[2024-11-26T23:21:02.265+0000] {processor.py:839} INFO - DAG(s) dict_keys(['model_training_pipeline']) retrieved from /opt/airflow/dags/model_training_pipeline_dag/model_training_dag.py
[2024-11-26T23:21:02.319+0000] {logging_mixin.py:151} INFO - [2024-11-26T23:21:02.318+0000] {dag.py:2907} INFO - Sync 1 DAGs
[2024-11-26T23:21:02.365+0000] {logging_mixin.py:151} INFO - [2024-11-26T23:21:02.365+0000] {dag.py:3677} INFO - Setting next_dagrun for model_training_pipeline to 2024-11-10T00:00:00+00:00, run_after=2024-12-10T00:00:00+00:00
[2024-11-26T23:21:02.404+0000] {processor.py:179} INFO - Processing /opt/airflow/dags/model_training_pipeline_dag/model_training_dag.py took 7.254 seconds
[2024-11-26T23:21:33.101+0000] {processor.py:157} INFO - Started process (PID=1418) to work on /opt/airflow/dags/model_training_pipeline_dag/model_training_dag.py
[2024-11-26T23:21:33.103+0000] {processor.py:829} INFO - Processing file /opt/airflow/dags/model_training_pipeline_dag/model_training_dag.py for tasks to queue
[2024-11-26T23:21:33.107+0000] {logging_mixin.py:151} INFO - [2024-11-26T23:21:33.106+0000] {dagbag.py:539} INFO - Filling up the DagBag from /opt/airflow/dags/model_training_pipeline_dag/model_training_dag.py
[2024-11-26T23:21:39.801+0000] {processor.py:839} INFO - DAG(s) dict_keys(['model_training_pipeline']) retrieved from /opt/airflow/dags/model_training_pipeline_dag/model_training_dag.py
[2024-11-26T23:21:39.841+0000] {logging_mixin.py:151} INFO - [2024-11-26T23:21:39.839+0000] {dag.py:2907} INFO - Sync 1 DAGs
[2024-11-26T23:21:39.883+0000] {logging_mixin.py:151} INFO - [2024-11-26T23:21:39.883+0000] {dag.py:3677} INFO - Setting next_dagrun for model_training_pipeline to 2024-11-10T00:00:00+00:00, run_after=2024-12-10T00:00:00+00:00
[2024-11-26T23:21:39.919+0000] {processor.py:179} INFO - Processing /opt/airflow/dags/model_training_pipeline_dag/model_training_dag.py took 6.824 seconds
[2024-11-26T23:22:10.624+0000] {processor.py:157} INFO - Started process (PID=1543) to work on /opt/airflow/dags/model_training_pipeline_dag/model_training_dag.py
[2024-11-26T23:22:10.626+0000] {processor.py:829} INFO - Processing file /opt/airflow/dags/model_training_pipeline_dag/model_training_dag.py for tasks to queue
[2024-11-26T23:22:10.631+0000] {logging_mixin.py:151} INFO - [2024-11-26T23:22:10.630+0000] {dagbag.py:539} INFO - Filling up the DagBag from /opt/airflow/dags/model_training_pipeline_dag/model_training_dag.py
[2024-11-26T23:22:17.797+0000] {processor.py:839} INFO - DAG(s) dict_keys(['model_training_pipeline']) retrieved from /opt/airflow/dags/model_training_pipeline_dag/model_training_dag.py
[2024-11-26T23:22:17.848+0000] {logging_mixin.py:151} INFO - [2024-11-26T23:22:17.846+0000] {dag.py:2907} INFO - Sync 1 DAGs
[2024-11-26T23:22:17.889+0000] {logging_mixin.py:151} INFO - [2024-11-26T23:22:17.888+0000] {dag.py:3677} INFO - Setting next_dagrun for model_training_pipeline to 2024-11-10T00:00:00+00:00, run_after=2024-12-10T00:00:00+00:00
[2024-11-26T23:22:17.933+0000] {processor.py:179} INFO - Processing /opt/airflow/dags/model_training_pipeline_dag/model_training_dag.py took 7.314 seconds
[2024-11-26T23:22:49.095+0000] {processor.py:157} INFO - Started process (PID=1671) to work on /opt/airflow/dags/model_training_pipeline_dag/model_training_dag.py
[2024-11-26T23:22:49.104+0000] {processor.py:829} INFO - Processing file /opt/airflow/dags/model_training_pipeline_dag/model_training_dag.py for tasks to queue
[2024-11-26T23:22:49.126+0000] {logging_mixin.py:151} INFO - [2024-11-26T23:22:49.123+0000] {dagbag.py:539} INFO - Filling up the DagBag from /opt/airflow/dags/model_training_pipeline_dag/model_training_dag.py
[2024-11-26T23:23:02.545+0000] {processor.py:839} INFO - DAG(s) dict_keys(['model_training_pipeline']) retrieved from /opt/airflow/dags/model_training_pipeline_dag/model_training_dag.py
[2024-11-26T23:23:02.586+0000] {logging_mixin.py:151} INFO - [2024-11-26T23:23:02.585+0000] {dag.py:2907} INFO - Sync 1 DAGs
[2024-11-26T23:23:02.628+0000] {logging_mixin.py:151} INFO - [2024-11-26T23:23:02.627+0000] {dag.py:3677} INFO - Setting next_dagrun for model_training_pipeline to 2024-11-10T00:00:00+00:00, run_after=2024-12-10T00:00:00+00:00
[2024-11-26T23:23:02.664+0000] {processor.py:179} INFO - Processing /opt/airflow/dags/model_training_pipeline_dag/model_training_dag.py took 13.612 seconds
[2024-11-26T23:23:32.945+0000] {processor.py:157} INFO - Started process (PID=1795) to work on /opt/airflow/dags/model_training_pipeline_dag/model_training_dag.py
[2024-11-26T23:23:32.949+0000] {processor.py:829} INFO - Processing file /opt/airflow/dags/model_training_pipeline_dag/model_training_dag.py for tasks to queue
[2024-11-26T23:23:32.954+0000] {logging_mixin.py:151} INFO - [2024-11-26T23:23:32.953+0000] {dagbag.py:539} INFO - Filling up the DagBag from /opt/airflow/dags/model_training_pipeline_dag/model_training_dag.py
[2024-11-26T23:23:38.615+0000] {processor.py:839} INFO - DAG(s) dict_keys(['model_training_pipeline']) retrieved from /opt/airflow/dags/model_training_pipeline_dag/model_training_dag.py
[2024-11-26T23:23:38.636+0000] {logging_mixin.py:151} INFO - [2024-11-26T23:23:38.635+0000] {dag.py:2907} INFO - Sync 1 DAGs
[2024-11-26T23:23:38.656+0000] {logging_mixin.py:151} INFO - [2024-11-26T23:23:38.656+0000] {dag.py:3677} INFO - Setting next_dagrun for model_training_pipeline to 2024-11-10T00:00:00+00:00, run_after=2024-12-10T00:00:00+00:00
[2024-11-26T23:23:38.677+0000] {processor.py:179} INFO - Processing /opt/airflow/dags/model_training_pipeline_dag/model_training_dag.py took 5.753 seconds
[2024-11-26T23:24:09.499+0000] {processor.py:157} INFO - Started process (PID=1919) to work on /opt/airflow/dags/model_training_pipeline_dag/model_training_dag.py
[2024-11-26T23:24:09.500+0000] {processor.py:829} INFO - Processing file /opt/airflow/dags/model_training_pipeline_dag/model_training_dag.py for tasks to queue
[2024-11-26T23:24:09.501+0000] {logging_mixin.py:151} INFO - [2024-11-26T23:24:09.501+0000] {dagbag.py:539} INFO - Filling up the DagBag from /opt/airflow/dags/model_training_pipeline_dag/model_training_dag.py
[2024-11-26T23:24:12.589+0000] {processor.py:839} INFO - DAG(s) dict_keys(['model_training_pipeline']) retrieved from /opt/airflow/dags/model_training_pipeline_dag/model_training_dag.py
[2024-11-26T23:24:12.609+0000] {logging_mixin.py:151} INFO - [2024-11-26T23:24:12.608+0000] {dag.py:2907} INFO - Sync 1 DAGs
[2024-11-26T23:24:12.627+0000] {logging_mixin.py:151} INFO - [2024-11-26T23:24:12.627+0000] {dag.py:3677} INFO - Setting next_dagrun for model_training_pipeline to 2024-11-10T00:00:00+00:00, run_after=2024-12-10T00:00:00+00:00
[2024-11-26T23:24:12.648+0000] {processor.py:179} INFO - Processing /opt/airflow/dags/model_training_pipeline_dag/model_training_dag.py took 3.168 seconds
[2024-11-26T23:24:42.939+0000] {processor.py:157} INFO - Started process (PID=2041) to work on /opt/airflow/dags/model_training_pipeline_dag/model_training_dag.py
[2024-11-26T23:24:42.940+0000] {processor.py:829} INFO - Processing file /opt/airflow/dags/model_training_pipeline_dag/model_training_dag.py for tasks to queue
[2024-11-26T23:24:42.941+0000] {logging_mixin.py:151} INFO - [2024-11-26T23:24:42.941+0000] {dagbag.py:539} INFO - Filling up the DagBag from /opt/airflow/dags/model_training_pipeline_dag/model_training_dag.py
[2024-11-26T23:24:47.184+0000] {processor.py:839} INFO - DAG(s) dict_keys(['model_training_pipeline']) retrieved from /opt/airflow/dags/model_training_pipeline_dag/model_training_dag.py
[2024-11-26T23:24:47.203+0000] {logging_mixin.py:151} INFO - [2024-11-26T23:24:47.202+0000] {dag.py:2907} INFO - Sync 1 DAGs
[2024-11-26T23:24:47.221+0000] {logging_mixin.py:151} INFO - [2024-11-26T23:24:47.221+0000] {dag.py:3677} INFO - Setting next_dagrun for model_training_pipeline to 2024-11-10T00:00:00+00:00, run_after=2024-12-10T00:00:00+00:00
[2024-11-26T23:24:47.240+0000] {processor.py:179} INFO - Processing /opt/airflow/dags/model_training_pipeline_dag/model_training_dag.py took 4.345 seconds
[2024-11-26T23:25:17.781+0000] {processor.py:157} INFO - Started process (PID=2167) to work on /opt/airflow/dags/model_training_pipeline_dag/model_training_dag.py
[2024-11-26T23:25:17.782+0000] {processor.py:829} INFO - Processing file /opt/airflow/dags/model_training_pipeline_dag/model_training_dag.py for tasks to queue
[2024-11-26T23:25:17.784+0000] {logging_mixin.py:151} INFO - [2024-11-26T23:25:17.784+0000] {dagbag.py:539} INFO - Filling up the DagBag from /opt/airflow/dags/model_training_pipeline_dag/model_training_dag.py
[2024-11-26T23:25:20.700+0000] {processor.py:839} INFO - DAG(s) dict_keys(['model_training_pipeline']) retrieved from /opt/airflow/dags/model_training_pipeline_dag/model_training_dag.py
[2024-11-26T23:25:20.725+0000] {logging_mixin.py:151} INFO - [2024-11-26T23:25:20.718+0000] {dag.py:2907} INFO - Sync 1 DAGs
[2024-11-26T23:25:20.744+0000] {logging_mixin.py:151} INFO - [2024-11-26T23:25:20.744+0000] {dag.py:3677} INFO - Setting next_dagrun for model_training_pipeline to 2024-11-10T00:00:00+00:00, run_after=2024-12-10T00:00:00+00:00
[2024-11-26T23:25:20.761+0000] {processor.py:179} INFO - Processing /opt/airflow/dags/model_training_pipeline_dag/model_training_dag.py took 2.983 seconds
[2024-11-26T23:25:51.484+0000] {processor.py:157} INFO - Started process (PID=2291) to work on /opt/airflow/dags/model_training_pipeline_dag/model_training_dag.py
[2024-11-26T23:25:51.503+0000] {processor.py:829} INFO - Processing file /opt/airflow/dags/model_training_pipeline_dag/model_training_dag.py for tasks to queue
[2024-11-26T23:25:51.505+0000] {logging_mixin.py:151} INFO - [2024-11-26T23:25:51.504+0000] {dagbag.py:539} INFO - Filling up the DagBag from /opt/airflow/dags/model_training_pipeline_dag/model_training_dag.py
[2024-11-26T23:25:54.619+0000] {processor.py:839} INFO - DAG(s) dict_keys(['model_training_pipeline']) retrieved from /opt/airflow/dags/model_training_pipeline_dag/model_training_dag.py
[2024-11-26T23:25:54.641+0000] {logging_mixin.py:151} INFO - [2024-11-26T23:25:54.640+0000] {dag.py:2907} INFO - Sync 1 DAGs
[2024-11-26T23:25:54.659+0000] {logging_mixin.py:151} INFO - [2024-11-26T23:25:54.659+0000] {dag.py:3677} INFO - Setting next_dagrun for model_training_pipeline to 2024-11-10T00:00:00+00:00, run_after=2024-12-10T00:00:00+00:00
[2024-11-26T23:25:54.677+0000] {processor.py:179} INFO - Processing /opt/airflow/dags/model_training_pipeline_dag/model_training_dag.py took 3.197 seconds
[2024-11-26T23:26:25.106+0000] {processor.py:157} INFO - Started process (PID=2415) to work on /opt/airflow/dags/model_training_pipeline_dag/model_training_dag.py
[2024-11-26T23:26:25.106+0000] {processor.py:829} INFO - Processing file /opt/airflow/dags/model_training_pipeline_dag/model_training_dag.py for tasks to queue
[2024-11-26T23:26:25.108+0000] {logging_mixin.py:151} INFO - [2024-11-26T23:26:25.108+0000] {dagbag.py:539} INFO - Filling up the DagBag from /opt/airflow/dags/model_training_pipeline_dag/model_training_dag.py
[2024-11-26T23:26:28.126+0000] {processor.py:839} INFO - DAG(s) dict_keys(['model_training_pipeline']) retrieved from /opt/airflow/dags/model_training_pipeline_dag/model_training_dag.py
[2024-11-26T23:26:28.146+0000] {logging_mixin.py:151} INFO - [2024-11-26T23:26:28.145+0000] {dag.py:2907} INFO - Sync 1 DAGs
[2024-11-26T23:26:28.162+0000] {logging_mixin.py:151} INFO - [2024-11-26T23:26:28.162+0000] {dag.py:3677} INFO - Setting next_dagrun for model_training_pipeline to 2024-11-10T00:00:00+00:00, run_after=2024-12-10T00:00:00+00:00
[2024-11-26T23:26:28.185+0000] {processor.py:179} INFO - Processing /opt/airflow/dags/model_training_pipeline_dag/model_training_dag.py took 3.081 seconds
[2024-11-26T23:26:58.428+0000] {processor.py:157} INFO - Started process (PID=2540) to work on /opt/airflow/dags/model_training_pipeline_dag/model_training_dag.py
[2024-11-26T23:26:58.428+0000] {processor.py:829} INFO - Processing file /opt/airflow/dags/model_training_pipeline_dag/model_training_dag.py for tasks to queue
[2024-11-26T23:26:58.430+0000] {logging_mixin.py:151} INFO - [2024-11-26T23:26:58.430+0000] {dagbag.py:539} INFO - Filling up the DagBag from /opt/airflow/dags/model_training_pipeline_dag/model_training_dag.py
[2024-11-26T23:27:01.274+0000] {processor.py:839} INFO - DAG(s) dict_keys(['model_training_pipeline']) retrieved from /opt/airflow/dags/model_training_pipeline_dag/model_training_dag.py
[2024-11-26T23:27:01.293+0000] {logging_mixin.py:151} INFO - [2024-11-26T23:27:01.292+0000] {dag.py:2907} INFO - Sync 1 DAGs
[2024-11-26T23:27:01.312+0000] {logging_mixin.py:151} INFO - [2024-11-26T23:27:01.312+0000] {dag.py:3677} INFO - Setting next_dagrun for model_training_pipeline to 2024-11-10T00:00:00+00:00, run_after=2024-12-10T00:00:00+00:00
[2024-11-26T23:27:01.329+0000] {processor.py:179} INFO - Processing /opt/airflow/dags/model_training_pipeline_dag/model_training_dag.py took 2.904 seconds
[2024-11-26T23:27:31.695+0000] {processor.py:157} INFO - Started process (PID=2664) to work on /opt/airflow/dags/model_training_pipeline_dag/model_training_dag.py
[2024-11-26T23:27:31.696+0000] {processor.py:829} INFO - Processing file /opt/airflow/dags/model_training_pipeline_dag/model_training_dag.py for tasks to queue
[2024-11-26T23:27:31.699+0000] {logging_mixin.py:151} INFO - [2024-11-26T23:27:31.699+0000] {dagbag.py:539} INFO - Filling up the DagBag from /opt/airflow/dags/model_training_pipeline_dag/model_training_dag.py
[2024-11-26T23:27:36.444+0000] {processor.py:839} INFO - DAG(s) dict_keys(['model_training_pipeline']) retrieved from /opt/airflow/dags/model_training_pipeline_dag/model_training_dag.py
[2024-11-26T23:27:36.475+0000] {logging_mixin.py:151} INFO - [2024-11-26T23:27:36.474+0000] {dag.py:2907} INFO - Sync 1 DAGs
[2024-11-26T23:27:36.502+0000] {logging_mixin.py:151} INFO - [2024-11-26T23:27:36.501+0000] {dag.py:3677} INFO - Setting next_dagrun for model_training_pipeline to 2024-11-10T00:00:00+00:00, run_after=2024-12-10T00:00:00+00:00
[2024-11-26T23:27:36.530+0000] {processor.py:179} INFO - Processing /opt/airflow/dags/model_training_pipeline_dag/model_training_dag.py took 4.838 seconds
[2024-11-26T23:28:07.119+0000] {processor.py:157} INFO - Started process (PID=2799) to work on /opt/airflow/dags/model_training_pipeline_dag/model_training_dag.py
[2024-11-26T23:28:07.120+0000] {processor.py:829} INFO - Processing file /opt/airflow/dags/model_training_pipeline_dag/model_training_dag.py for tasks to queue
[2024-11-26T23:28:07.121+0000] {logging_mixin.py:151} INFO - [2024-11-26T23:28:07.121+0000] {dagbag.py:539} INFO - Filling up the DagBag from /opt/airflow/dags/model_training_pipeline_dag/model_training_dag.py
[2024-11-26T23:28:10.150+0000] {processor.py:839} INFO - DAG(s) dict_keys(['model_training_pipeline']) retrieved from /opt/airflow/dags/model_training_pipeline_dag/model_training_dag.py
[2024-11-26T23:28:10.171+0000] {logging_mixin.py:151} INFO - [2024-11-26T23:28:10.170+0000] {dag.py:2907} INFO - Sync 1 DAGs
[2024-11-26T23:28:10.189+0000] {logging_mixin.py:151} INFO - [2024-11-26T23:28:10.189+0000] {dag.py:3677} INFO - Setting next_dagrun for model_training_pipeline to 2024-11-10T00:00:00+00:00, run_after=2024-12-10T00:00:00+00:00
[2024-11-26T23:28:10.206+0000] {processor.py:179} INFO - Processing /opt/airflow/dags/model_training_pipeline_dag/model_training_dag.py took 3.089 seconds
