[2024-11-30T08:30:41.003+0000] {logging_mixin.py:151} INFO - Changing /opt/***/logs/dag_id=model_training_pipeline/run_id=manual__2024-11-30T08:30:35.929362+00:00/task_id=train_model permission to 509
[2024-11-30T08:30:41.004+0000] {logging_mixin.py:151} INFO - Failed to change /opt/***/logs/dag_id=model_training_pipeline/run_id=manual__2024-11-30T08:30:35.929362+00:00/task_id=train_model permission to 509: [Errno 1] Operation not permitted: '/opt/***/logs/dag_id=model_training_pipeline/run_id=manual__2024-11-30T08:30:35.929362+00:00/task_id=train_model'
[2024-11-30T08:30:41.039+0000] {logging_mixin.py:151} INFO - Changing /opt/***/logs/dag_id=model_training_pipeline/run_id=manual__2024-11-30T08:30:35.929362+00:00/task_id=train_model permission to 509
[2024-11-30T08:30:41.039+0000] {logging_mixin.py:151} INFO - Failed to change /opt/***/logs/dag_id=model_training_pipeline/run_id=manual__2024-11-30T08:30:35.929362+00:00/task_id=train_model permission to 509: [Errno 1] Operation not permitted: '/opt/***/logs/dag_id=model_training_pipeline/run_id=manual__2024-11-30T08:30:35.929362+00:00/task_id=train_model'
[2024-11-30T08:30:41.063+0000] {taskinstance.py:1159} INFO - Dependencies all met for dep_context=non-requeueable deps ti=<TaskInstance: model_training_pipeline.train_model manual__2024-11-30T08:30:35.929362+00:00 [queued]>
[2024-11-30T08:30:41.072+0000] {taskinstance.py:1159} INFO - Dependencies all met for dep_context=requeueable deps ti=<TaskInstance: model_training_pipeline.train_model manual__2024-11-30T08:30:35.929362+00:00 [queued]>
[2024-11-30T08:30:41.072+0000] {taskinstance.py:1361} INFO - Starting attempt 1 of 2
[2024-11-30T08:30:41.086+0000] {taskinstance.py:1382} INFO - Executing <Task(PythonOperator): train_model> on 2024-11-30 08:30:35.929362+00:00
[2024-11-30T08:30:41.101+0000] {standard_task_runner.py:57} INFO - Started process 110882 to run task
[2024-11-30T08:30:41.104+0000] {standard_task_runner.py:84} INFO - Running: ['***', 'tasks', 'run', 'model_training_pipeline', 'train_model', 'manual__2024-11-30T08:30:35.929362+00:00', '--job-id', '43', '--raw', '--subdir', 'DAGS_FOLDER/model_training_pipeline_dag/model_training_dag.py', '--cfg-path', '/tmp/tmpiuz3fey1']
[2024-11-30T08:30:41.107+0000] {standard_task_runner.py:85} INFO - Job 43: Subtask train_model
[2024-11-30T08:30:41.152+0000] {logging_mixin.py:151} INFO - Changing /opt/***/logs/dag_id=model_training_pipeline/run_id=manual__2024-11-30T08:30:35.929362+00:00/task_id=train_model permission to 509
[2024-11-30T08:30:41.152+0000] {logging_mixin.py:151} INFO - Failed to change /opt/***/logs/dag_id=model_training_pipeline/run_id=manual__2024-11-30T08:30:35.929362+00:00/task_id=train_model permission to 509: [Errno 1] Operation not permitted: '/opt/***/logs/dag_id=model_training_pipeline/run_id=manual__2024-11-30T08:30:35.929362+00:00/task_id=train_model'
[2024-11-30T08:30:41.154+0000] {task_command.py:415} INFO - Running <TaskInstance: model_training_pipeline.train_model manual__2024-11-30T08:30:35.929362+00:00 [running]> on host 71596b931411
[2024-11-30T08:30:41.237+0000] {taskinstance.py:1660} INFO - Exporting env vars: AIRFLOW_CTX_DAG_OWNER='***' AIRFLOW_CTX_DAG_ID='model_training_pipeline' AIRFLOW_CTX_TASK_ID='train_model' AIRFLOW_CTX_EXECUTION_DATE='2024-11-30T08:30:35.929362+00:00' AIRFLOW_CTX_TRY_NUMBER='1' AIRFLOW_CTX_DAG_RUN_ID='manual__2024-11-30T08:30:35.929362+00:00'
[2024-11-30T08:32:21.773+0000] {logging_mixin.py:151} INFO - Data has been normalised
[2024-11-30T08:32:21.774+0000] {logging_mixin.py:151} INFO - (168220, 26)
[2024-11-30T08:32:21.774+0000] {logging_mixin.py:151} INFO - (168220,)
[2024-11-30T08:32:22.053+0000] {logging_mixin.py:151} INFO - sequences successfully created
[2024-11-30T08:32:22.624+0000] {logging_mixin.py:151} WARNING - 2024/11/30 08:32:22 WARNING mlflow.utils.git_utils: Failed to import Git (the Git executable is probably not on your PATH), so Git SHA is not available. Error: Failed to initialize: Bad git executable.
The git executable must be specified in one of the following ways:
    - be included in your $PATH
    - be set via $GIT_PYTHON_GIT_EXECUTABLE
    - explicitly set via git.refresh(<full-path-to-git-executable>)

All git commands will error until this is rectified.

This initial message can be silenced or aggravated in the future by setting the
$GIT_PYTHON_REFRESH environment variable. Use one of the following values:
    - quiet|q|silence|s|silent|none|n|0: for no message or exception
    - warn|w|warning|log|l|1: for a warning message (logging level CRITICAL, displayed by default)
    - error|e|exception|raise|r|2: for a raised exception

Example:
    export GIT_PYTHON_REFRESH=quiet
[2024-11-30T08:32:22.913+0000] {logging_mixin.py:151} INFO - Epoch 1/150
[2024-11-30T08:32:25.840+0000] {logging_mixin.py:151} WARNING - 2024/11/30 08:32:25 INFO mlflow.tracking._tracking_service.client: 🏃 View run GRU_7_day_horizon_30_20241130 at: http://mlflow:5000/#/experiments/1/runs/f6c24f4f97364c958d3a06d96bd9d779.
[2024-11-30T08:32:25.841+0000] {logging_mixin.py:151} WARNING - 2024/11/30 08:32:25 INFO mlflow.tracking._tracking_service.client: 🧪 View experiment at: http://mlflow:5000/#/experiments/1.
[2024-11-30T08:32:25.866+0000] {taskinstance.py:1943} ERROR - Task failed with exception
Traceback (most recent call last):
  File "/home/airflow/.local/lib/python3.8/site-packages/airflow/operators/python.py", line 192, in execute
    return_value = self.execute_callable()
  File "/home/airflow/.local/lib/python3.8/site-packages/airflow/operators/python.py", line 209, in execute_callable
    return self.python_callable(*self.op_args, **self.op_kwargs)
  File "/opt/airflow/dags/model_training_pipeline_dag/train_model.py", line 57, in train_model
    Model.train_model(train_dataset, validation_dataset, time_steps=30, experiment_id=experiment_id, forecast_horizon=7)
  File "/opt/airflow/dags/modelling/model.py", line 58, in train_model
    trained = cls._train(model, dataset, validation_dataset, epochs=150, callbacks=[MLflowCallback()])
  File "/opt/airflow/dags/modelling/model.py", line 77, in _train
    model.fit(dataset, epochs=epochs, validation_data=validation_dataset, verbose=2,
  File "/home/airflow/.local/lib/python3.8/site-packages/keras/src/utils/traceback_utils.py", line 70, in error_handler
    raise e.with_traceback(filtered_tb) from None
  File "/home/airflow/.local/lib/python3.8/site-packages/tensorflow/python/eager/execute.py", line 53, in quick_execute
    tensors = pywrap_tfe.TFE_Py_Execute(ctx._handle, device_name, op_name,
tensorflow.python.framework.errors_impl.InvalidArgumentError: Graph execution error:

TypeError: `generator` yielded an element of shape () where an element of shape (1,) was expected.
Traceback (most recent call last):

  File "/home/airflow/.local/lib/python3.8/site-packages/tensorflow/python/ops/script_ops.py", line 268, in __call__
    ret = func(*args)

  File "/home/airflow/.local/lib/python3.8/site-packages/tensorflow/python/autograph/impl/api.py", line 643, in wrapper
    return func(*args, **kwargs)

  File "/home/airflow/.local/lib/python3.8/site-packages/tensorflow/python/data/ops/from_generator_op.py", line 235, in generator_py_func
    raise TypeError(

TypeError: `generator` yielded an element of shape () where an element of shape (1,) was expected.


	 [[{{node PyFunc}}]]
	 [[IteratorGetNext]] [Op:__inference_train_function_5976]
[2024-11-30T08:32:25.910+0000] {taskinstance.py:1400} INFO - Marking task as UP_FOR_RETRY. dag_id=model_training_pipeline, task_id=train_model, execution_date=20241130T083035, start_date=20241130T083041, end_date=20241130T083225
[2024-11-30T08:32:25.930+0000] {standard_task_runner.py:104} ERROR - Failed to execute job 43 for task train_model (Graph execution error:

TypeError: `generator` yielded an element of shape () where an element of shape (1,) was expected.
Traceback (most recent call last):

  File "/home/airflow/.local/lib/python3.8/site-packages/tensorflow/python/ops/script_ops.py", line 268, in __call__
    ret = func(*args)

  File "/home/airflow/.local/lib/python3.8/site-packages/tensorflow/python/autograph/impl/api.py", line 643, in wrapper
    return func(*args, **kwargs)

  File "/home/airflow/.local/lib/python3.8/site-packages/tensorflow/python/data/ops/from_generator_op.py", line 235, in generator_py_func
    raise TypeError(

TypeError: `generator` yielded an element of shape () where an element of shape (1,) was expected.


	 [[{{node PyFunc}}]]
	 [[IteratorGetNext]] [Op:__inference_train_function_5976]; 110882)
[2024-11-30T08:32:26.032+0000] {local_task_job_runner.py:228} INFO - Task exited with return code 1
[2024-11-30T08:32:26.050+0000] {taskinstance.py:2784} INFO - 0 downstream tasks scheduled from follow-on schedule check
